#
# There is insufficient memory for the Java Runtime Environment to continue.
# Native memory allocation (mmap) failed to map 125304832 bytes for committing reserved memory.
# Possible reasons:
#   The system is out of physical RAM or swap space
#   The process is running with CompressedOops enabled, and the Java Heap may be blocking the growth of the native heap
# Possible solutions:
#   Reduce memory load on the system
#   Increase physical memory or swap space
#   Check if swap backing store is full
#   Decrease Java heap size (-Xmx/-Xms)
#   Decrease number of Java threads
#   Decrease Java thread stack sizes (-Xss)
#   Set larger code cache with -XX:ReservedCodeCacheSize=
#   JVM is running with Unscaled Compressed Oops mode in which the Java heap is
#     placed in the first 4GB address space. The Java Heap base address is the
#     maximum limit for the native heap growth. Please use -XX:HeapBaseMinAddress
#     to set the Java Heap base and to place the Java Heap above 4GB virtual address.
# This output file may be truncated or incomplete.
#
#  Out of Memory Error (os_linux.cpp:2749), pid=13527, tid=0x00007fbe44cfc700
#
# JRE version: Java(TM) SE Runtime Environment (8.0_201-b09) (build 1.8.0_201-b09)
# Java VM: Java HotSpot(TM) 64-Bit Server VM (25.201-b09 mixed mode linux-amd64 compressed oops)
# Failed to write core dump. Core dumps have been disabled. To enable core dumping, try "ulimit -c unlimited" before starting Java again
#

---------------  T H R E A D  ---------------

Current thread (0x00007fbe54142000):  VMThread [stack: 0x00007fbe44bfd000,0x00007fbe44cfd000] [id=13534]

Stack: [0x00007fbe44bfd000,0x00007fbe44cfd000],  sp=0x00007fbe44cfb3f0,  free space=1016k
Native frames: (J=compiled Java code, j=interpreted, Vv=VM code, C=native code)
V  [libjvm.so+0xad3525]  VMError::report_and_die()+0x2e5
V  [libjvm.so+0x4e0457]  report_vm_out_of_memory(char const*, int, unsigned long, VMErrorType, char const*)+0x67
V  [libjvm.so+0x9102f0]  os::pd_commit_memory(char*, unsigned long, unsigned long, bool)+0x100
V  [libjvm.so+0x90791f]  os::commit_memory(char*, unsigned long, unsigned long, bool)+0x1f
V  [libjvm.so+0x98c806]  PSVirtualSpace::expand_by(unsigned long)+0x56
V  [libjvm.so+0x98da98]  PSYoungGen::resize(unsigned long, unsigned long)+0xd8
V  [libjvm.so+0x98a236]  PSScavenge::invoke_no_policy()+0x1376
V  [libjvm.so+0x98a5cc]  PSScavenge::invoke()+0x4c
V  [libjvm.so+0x93a318]  ParallelScavengeHeap::failed_mem_allocate(unsigned long)+0x68
V  [libjvm.so+0xad5073]  VM_ParallelGCFailedAllocation::doit()+0x93
V  [libjvm.so+0xada296]  VM_Operation::evaluate()+0x46
V  [libjvm.so+0xad85cd]  VMThread::evaluate_operation(VM_Operation*) [clone .constprop.44]+0xcd
V  [libjvm.so+0xad8bb3]  VMThread::loop()+0x3a3
V  [libjvm.so+0xad8f88]  VMThread::run()+0x78
V  [libjvm.so+0x90d922]  java_start(Thread*)+0x102

VM_Operation (0x00007fbdfe5c3eb0): ParallelGCFailedAllocation, mode: safepoint, requested by thread 0x00007fbdf8001800


---------------  P R O C E S S  ---------------

Java Threads: ( => current thread )
  0x00007fbdf7c31800 JavaThread "Thread-3" daemon [_thread_in_native, id=13558, stack(0x00007fbdfe1b4000,0x00007fbdfe2b5000)]
  0x00007fbdf8001800 JavaThread "localhost-startStop-1" daemon [_thread_blocked, id=13547, stack(0x00007fbdfe4c8000,0x00007fbdfe5c9000)]
  0x00007fbe55687800 JavaThread "Tomcat-startStop-1" daemon [_thread_blocked, id=13546, stack(0x00007fbdfe5c9000,0x00007fbdfe6ca000)]
  0x00007fbe18001000 JavaThread "Attach Listener" daemon [_thread_blocked, id=13544, stack(0x00007fbe347d0000,0x00007fbe348d1000)]
  0x00007fbe541d5000 JavaThread "Service Thread" daemon [_thread_blocked, id=13542, stack(0x00007fbe3c0be000,0x00007fbe3c1bf000)]
  0x00007fbe541b5800 JavaThread "C1 CompilerThread2" daemon [_thread_blocked, id=13541, stack(0x00007fbe3c1c0000,0x00007fbe3c2c0000)]
  0x00007fbe541b4000 JavaThread "C2 CompilerThread1" daemon [_thread_blocked, id=13540, stack(0x00007fbe44087000,0x00007fbe44187000)]
  0x00007fbe541ad800 JavaThread "C2 CompilerThread0" daemon [_thread_blocked, id=13539, stack(0x00007fbe44188000,0x00007fbe44288000)]
  0x00007fbe541ac000 JavaThread "Monitor Ctrl-Break" daemon [_thread_in_native, id=13538, stack(0x00007fbe44288000,0x00007fbe44389000)]
  0x00007fbe54182800 JavaThread "Signal Dispatcher" daemon [_thread_blocked, id=13537, stack(0x00007fbe44389000,0x00007fbe4448a000)]
  0x00007fbe5414e000 JavaThread "Finalizer" daemon [_thread_blocked, id=13536, stack(0x00007fbe449fa000,0x00007fbe44afb000)]
  0x00007fbe5414b800 JavaThread "Reference Handler" daemon [_thread_blocked, id=13535, stack(0x00007fbe44afb000,0x00007fbe44bfc000)]
  0x00007fbe5400c800 JavaThread "main" [_thread_blocked, id=13528, stack(0x00007fbe5b235000,0x00007fbe5b335000)]

Other Threads:
=>0x00007fbe54142000 VMThread [stack: 0x00007fbe44bfd000,0x00007fbe44cfd000] [id=13534]
  0x00007fbe541d7800 WatcherThread [stack: 0x00007fbe34ce7000,0x00007fbe34de7000] [id=13543]

VM state:at safepoint (normal execution)

VM Mutex/Monitor currently owned by a thread:  ([mutex/lock_event])
[0x00007fbe54005530] Threads_lock - owner thread: 0x00007fbe54142000
[0x00007fbe54009740] Heap_lock - owner thread: 0x00007fbdf8001800

heap address: 0x0000000085800000, size: 1960 MB, Compressed Oops mode: 32-bit
Narrow klass base: 0x0000000000000000, Narrow klass shift: 3
Compressed class space size: 1073741824 Address: 0x0000000100000000

Heap:
 PSYoungGen      total 415232K, used 32467K [0x00000000d7300000, 0x00000000f4780000, 0x0000000100000000)
  eden space 366592K, 0% used [0x00000000d7300000,0x00000000d7300000,0x00000000ed900000)
  from space 48640K, 66% used [0x00000000ed900000,0x00000000ef8b4f40,0x00000000f0880000)
  to   space 41984K, 0% used [0x00000000f0880000,0x00000000f0880000,0x00000000f3180000)
 ParOldGen       total 137728K, used 79459K [0x0000000085800000, 0x000000008de80000, 0x00000000d7300000)
  object space 137728K, 57% used [0x0000000085800000,0x000000008a598d68,0x000000008de80000)
 Metaspace       used 49447K, capacity 50558K, committed 50816K, reserved 1093632K
  class space    used 6128K, capacity 6474K, committed 6528K, reserved 1048576K

Card table byte_map: [0x00007fbe5a1e0000,0x00007fbe5a5b5000] byte_map_base: 0x00007fbe59db4000

Marking Bits: (ParMarkBitMap*) 0x00007fbe5c44ed80
 Begin Bits: [0x00007fbe3c2c0000, 0x00007fbe3e160000)
 End Bits:   [0x00007fbe3e160000, 0x00007fbe40000000)

Polling page: 0x00007fbe5c8b9000

CodeCache: size=245760Kb used=20578Kb max_used=20578Kb free=225181Kb
 bounds [0x00007fbe45000000, 0x00007fbe46430000, 0x00007fbe54000000]
 total_blobs=6253 nmethods=5766 adapters=400
 compilation: enabled

Compilation events (10 events):
Event: 21,704 Thread 0x00007fbe541b5800 6874  s!   3       org.postgresql.core.v3.QueryExecutorImpl::execute (288 bytes)
Event: 21,707 Thread 0x00007fbe541b5800 nmethod 6874 0x00007fbe46425150 code [0x00007fbe464255e0, 0x00007fbe46428758]
Event: 21,707 Thread 0x00007fbe541b5800 6875   !   3       org.postgresql.core.v3.QueryExecutorImpl::waitOnLock (44 bytes)
Event: 21,709 Thread 0x00007fbe541b5800 nmethod 6875 0x00007fbe46409490 code [0x00007fbe46409660, 0x00007fbe46409d28]
Event: 21,709 Thread 0x00007fbe541b5800 6876       3       org.postgresql.core.v3.QueryExecutorImpl::updateQueryMode (50 bytes)
Event: 21,709 Thread 0x00007fbe541b5800 nmethod 6876 0x00007fbe46408f10 code [0x00007fbe46409080, 0x00007fbe46409370]
Event: 21,709 Thread 0x00007fbe541b5800 6879       3       org.postgresql.core.v3.QueryExecutorImpl::sendExecute (140 bytes)
Event: 21,711 Thread 0x00007fbe541b5800 nmethod 6879 0x00007fbe4642a790 code [0x00007fbe4642aa60, 0x00007fbe4642c058]
Event: 21,711 Thread 0x00007fbe541b5800 6882       3       org.postgresql.jdbc.PgStatement::isOneShotQuery (39 bytes)
Event: 21,711 Thread 0x00007fbe541b5800 nmethod 6882 0x00007fbe464088d0 code [0x00007fbe46408a40, 0x00007fbe46408e10]

GC Heap History (10 events):
Event: 10,014 GC heap after
Heap after GC invocations=10 (full 1):
 PSYoungGen      total 262144K, used 11747K [0x00000000d7300000, 0x00000000eb400000, 0x0000000100000000)
  eden space 250368K, 0% used [0x00000000d7300000,0x00000000d7300000,0x00000000e6780000)
  from space 11776K, 99% used [0x00000000e6780000,0x00000000e72f8eb0,0x00000000e7300000)
  to   space 21504K, 0% used [0x00000000e9f00000,0x00000000e9f00000,0x00000000eb400000)
 ParOldGen       total 62464K, used 37216K [0x0000000085800000, 0x0000000089500000, 0x00000000d7300000)
  object space 62464K, 59% used [0x0000000085800000,0x0000000087c58208,0x0000000089500000)
 Metaspace       used 34058K, capacity 34870K, committed 35072K, reserved 1079296K
  class space    used 4008K, capacity 4283K, committed 4352K, reserved 1048576K
}
Event: 11,125 GC heap before
{Heap before GC invocations=11 (full 1):
 PSYoungGen      total 262144K, used 262115K [0x00000000d7300000, 0x00000000eb400000, 0x0000000100000000)
  eden space 250368K, 100% used [0x00000000d7300000,0x00000000e6780000,0x00000000e6780000)
  from space 11776K, 99% used [0x00000000e6780000,0x00000000e72f8eb0,0x00000000e7300000)
  to   space 21504K, 0% used [0x00000000e9f00000,0x00000000e9f00000,0x00000000eb400000)
 ParOldGen       total 62464K, used 37216K [0x0000000085800000, 0x0000000089500000, 0x00000000d7300000)
  object space 62464K, 59% used [0x0000000085800000,0x0000000087c58208,0x0000000089500000)
 Metaspace       used 34071K, capacity 34880K, committed 35072K, reserved 1079296K
  class space    used 4009K, capacity 4285K, committed 4352K, reserved 1048576K
Event: 11,200 GC heap after
Heap after GC invocations=11 (full 1):
 PSYoungGen      total 295424K, used 21498K [0x00000000d7300000, 0x00000000f1780000, 0x0000000100000000)
  eden space 273920K, 0% used [0x00000000d7300000,0x00000000d7300000,0x00000000e7e80000)
  from space 21504K, 99% used [0x00000000e9f00000,0x00000000eb3feb10,0x00000000eb400000)
  to   space 33280K, 0% used [0x00000000e7e80000,0x00000000e7e80000,0x00000000e9f00000)
 ParOldGen       total 62464K, used 60397K [0x0000000085800000, 0x0000000089500000, 0x00000000d7300000)
  object space 62464K, 96% used [0x0000000085800000,0x00000000892fb4d0,0x0000000089500000)
 Metaspace       used 34071K, capacity 34880K, committed 35072K, reserved 1079296K
  class space    used 4009K, capacity 4285K, committed 4352K, reserved 1048576K
}
Event: 11,200 GC heap before
{Heap before GC invocations=12 (full 2):
 PSYoungGen      total 295424K, used 21498K [0x00000000d7300000, 0x00000000f1780000, 0x0000000100000000)
  eden space 273920K, 0% used [0x00000000d7300000,0x00000000d7300000,0x00000000e7e80000)
  from space 21504K, 99% used [0x00000000e9f00000,0x00000000eb3feb10,0x00000000eb400000)
  to   space 33280K, 0% used [0x00000000e7e80000,0x00000000e7e80000,0x00000000e9f00000)
 ParOldGen       total 62464K, used 60397K [0x0000000085800000, 0x0000000089500000, 0x00000000d7300000)
  object space 62464K, 96% used [0x0000000085800000,0x00000000892fb4d0,0x0000000089500000)
 Metaspace       used 34071K, capacity 34880K, committed 35072K, reserved 1079296K
  class space    used 4009K, capacity 4285K, committed 4352K, reserved 1048576K
Event: 11,386 GC heap after
Heap after GC invocations=12 (full 2):
 PSYoungGen      total 295424K, used 0K [0x00000000d7300000, 0x00000000f1780000, 0x0000000100000000)
  eden space 273920K, 0% used [0x00000000d7300000,0x00000000d7300000,0x00000000e7e80000)
  from space 21504K, 0% used [0x00000000e9f00000,0x00000000e9f00000,0x00000000eb400000)
  to   space 33280K, 0% used [0x00000000e7e80000,0x00000000e7e80000,0x00000000e9f00000)
 ParOldGen       total 137728K, used 57692K [0x0000000085800000, 0x000000008de80000, 0x00000000d7300000)
  object space 137728K, 41% used [0x0000000085800000,0x00000000890573d8,0x000000008de80000)
 Metaspace       used 34071K, capacity 34880K, committed 35072K, reserved 1079296K
  class space    used 4009K, capacity 4285K, committed 4352K, reserved 1048576K
}
Event: 12,547 GC heap before
{Heap before GC invocations=13 (full 2):
 PSYoungGen      total 295424K, used 273920K [0x00000000d7300000, 0x00000000f1780000, 0x0000000100000000)
  eden space 273920K, 100% used [0x00000000d7300000,0x00000000e7e80000,0x00000000e7e80000)
  from space 21504K, 0% used [0x00000000e9f00000,0x00000000e9f00000,0x00000000eb400000)
  to   space 33280K, 0% used [0x00000000e7e80000,0x00000000e7e80000,0x00000000e9f00000)
 ParOldGen       total 137728K, used 57692K [0x0000000085800000, 0x000000008de80000, 0x00000000d7300000)
  object space 137728K, 41% used [0x0000000085800000,0x00000000890573d8,0x000000008de80000)
 Metaspace       used 34089K, capacity 34946K, committed 35072K, reserved 1079296K
  class space    used 4012K, capacity 4287K, committed 4352K, reserved 1048576K
Event: 12,608 GC heap after
Heap after GC invocations=13 (full 2):
 PSYoungGen      total 307200K, used 33263K [0x00000000d7300000, 0x00000000f3180000, 0x0000000100000000)
  eden space 273920K, 0% used [0x00000000d7300000,0x00000000d7300000,0x00000000e7e80000)
  from space 33280K, 99% used [0x00000000e7e80000,0x00000000e9efbd38,0x00000000e9f00000)
  to   space 41984K, 0% used [0x00000000f0880000,0x00000000f0880000,0x00000000f3180000)
 ParOldGen       total 137728K, used 67616K [0x0000000085800000, 0x000000008de80000, 0x00000000d7300000)
  object space 137728K, 49% used [0x0000000085800000,0x0000000089a08078,0x000000008de80000)
 Metaspace       used 34089K, capacity 34946K, committed 35072K, reserved 1079296K
  class space    used 4012K, capacity 4287K, committed 4352K, reserved 1048576K
}
Event: 13,771 GC heap before
{Heap before GC invocations=14 (full 2):
 PSYoungGen      total 307200K, used 307183K [0x00000000d7300000, 0x00000000f3180000, 0x0000000100000000)
  eden space 273920K, 100% used [0x00000000d7300000,0x00000000e7e80000,0x00000000e7e80000)
  from space 33280K, 99% used [0x00000000e7e80000,0x00000000e9efbd38,0x00000000e9f00000)
  to   space 41984K, 0% used [0x00000000f0880000,0x00000000f0880000,0x00000000f3180000)
 ParOldGen       total 137728K, used 67616K [0x0000000085800000, 0x000000008de80000, 0x00000000d7300000)
  object space 137728K, 49% used [0x0000000085800000,0x0000000089a08078,0x000000008de80000)
 Metaspace       used 34091K, capacity 34946K, committed 35072K, reserved 1079296K
  class space    used 4012K, capacity 4287K, committed 4352K, reserved 1048576K
Event: 13,863 GC heap after
Heap after GC invocations=14 (full 2):
 PSYoungGen      total 408576K, used 41255K [0x00000000d7300000, 0x00000000f4780000, 0x0000000100000000)
  eden space 366592K, 0% used [0x00000000d7300000,0x00000000d7300000,0x00000000ed900000)
  from space 41984K, 98% used [0x00000000f0880000,0x00000000f30c9ff0,0x00000000f3180000)
  to   space 48640K, 0% used [0x00000000ed900000,0x00000000ed900000,0x00000000f0880000)
 ParOldGen       total 137728K, used 75332K [0x0000000085800000, 0x000000008de80000, 0x00000000d7300000)
  object space 137728K, 54% used [0x0000000085800000,0x000000008a191328,0x000000008de80000)
 Metaspace       used 34091K, capacity 34946K, committed 35072K, reserved 1079296K
  class space    used 4012K, capacity 4287K, committed 4352K, reserved 1048576K
}
Event: 21,719 GC heap before
{Heap before GC invocations=15 (full 2):
 PSYoungGen      total 408576K, used 407847K [0x00000000d7300000, 0x00000000f4780000, 0x0000000100000000)
  eden space 366592K, 100% used [0x00000000d7300000,0x00000000ed900000,0x00000000ed900000)
  from space 41984K, 98% used [0x00000000f0880000,0x00000000f30c9ff0,0x00000000f3180000)
  to   space 48640K, 0% used [0x00000000ed900000,0x00000000ed900000,0x00000000f0880000)
 ParOldGen       total 137728K, used 75332K [0x0000000085800000, 0x000000008de80000, 0x00000000d7300000)
  object space 137728K, 54% used [0x0000000085800000,0x000000008a191328,0x000000008de80000)
 Metaspace       used 49447K, capacity 50558K, committed 50816K, reserved 1093632K
  class space    used 6128K, capacity 6474K, committed 6528K, reserved 1048576K

Deoptimization events (10 events):
Event: 18,273 Thread 0x00007fbdf8001800 Uncommon trap: reason=bimorphic action=maybe_recompile pc=0x00007fbe460ef4c4 method=org.springframework.asm.ClassReader.readCode(Lorg/springframework/asm/MethodVisitor;Lorg/springframework/asm/Context;I)V @ 1907
Event: 18,277 Thread 0x00007fbdf8001800 Uncommon trap: reason=bimorphic action=maybe_recompile pc=0x00007fbe45fb0b98 method=java.util.HashMap.removeNode(ILjava/lang/Object;Ljava/lang/Object;ZZ)Ljava/util/HashMap$Node; @ 68
Event: 18,277 Thread 0x00007fbdf8001800 Uncommon trap: reason=bimorphic action=maybe_recompile pc=0x00007fbe460ef4c4 method=org.springframework.asm.ClassReader.readCode(Lorg/springframework/asm/MethodVisitor;Lorg/springframework/asm/Context;I)V @ 1907
Event: 18,520 Thread 0x00007fbdf8001800 Uncommon trap: reason=unstable_if action=reinterpret pc=0x00007fbe46203f6c method=org.springframework.asm.Type.getArgumentsAndReturnSizes(Ljava/lang/String;)I @ 88
Event: 18,744 Thread 0x00007fbdf8001800 Uncommon trap: reason=unstable_if action=reinterpret pc=0x00007fbe45a87c9c method=java.lang.reflect.Method.equals(Ljava/lang/Object;)Z @ 1
Event: 18,882 Thread 0x00007fbdf8001800 Uncommon trap: reason=unstable_if action=reinterpret pc=0x00007fbe4589f2cc method=java.util.concurrent.ConcurrentHashMap.get(Ljava/lang/Object;)Ljava/lang/Object; @ 76
Event: 19,454 Thread 0x00007fbdf8001800 Uncommon trap: reason=bimorphic action=maybe_recompile pc=0x00007fbe45c64410 method=java.util.Hashtable.putAll(Ljava/util/Map;)V @ 1
Event: 19,467 Thread 0x00007fbdf8001800 Uncommon trap: reason=bimorphic action=maybe_recompile pc=0x00007fbe45c64410 method=java.util.Hashtable.putAll(Ljava/util/Map;)V @ 1
Event: 19,677 Thread 0x00007fbdf8001800 Uncommon trap: reason=unloaded action=reinterpret pc=0x00007fbe462cd760 method=javassist.bytecode.ConstPool.readOne(Ljava/io/DataInputStream;)I @ 156
Event: 20,033 Thread 0x00007fbdf8001800 Uncommon trap: reason=bimorphic action=maybe_recompile pc=0x00007fbe45c64410 method=java.util.Hashtable.putAll(Ljava/util/Map;)V @ 1

Classes redefined (0 events):
No events

Internal exceptions (10 events):
Event: 18,962 Thread 0x00007fbdf8001800 Exception <a 'java/lang/ClassNotFoundException': org/springframework/transaction/annotation/AnnotationTransactionAttributeSourceCustomizer> (0x00000000e831d088) thrown at [/HUDSON/workspace/8-2-build-linux-amd64/jdk8u201/12317/hotspot/src/share/vm/classfi
Event: 18,964 Thread 0x00007fbdf8001800 Exception <a 'java/lang/ClassNotFoundException': org/springframework/transaction/interceptor/TransactionAttributeSourceBeanInfo> (0x00000000e8358350) thrown at [/HUDSON/workspace/8-2-build-linux-amd64/jdk8u201/12317/hotspot/src/share/vm/classfile/systemDi
Event: 18,965 Thread 0x00007fbdf8001800 Exception <a 'java/lang/ClassNotFoundException': org/springframework/transaction/interceptor/TransactionAttributeSourceCustomizer> (0x00000000e8390ad8) thrown at [/HUDSON/workspace/8-2-build-linux-amd64/jdk8u201/12317/hotspot/src/share/vm/classfile/system
Event: 18,999 Thread 0x00007fbdf8001800 Exception <a 'java/lang/ClassNotFoundException': org/springframework/transaction/interceptor/TransactionInterceptorBeanInfo> (0x00000000e843ec38) thrown at [/HUDSON/workspace/8-2-build-linux-amd64/jdk8u201/12317/hotspot/src/share/vm/classfile/systemDictio
Event: 19,004 Thread 0x00007fbdf8001800 Exception <a 'java/lang/ClassNotFoundException': org/springframework/transaction/interceptor/TransactionAspectSupportBeanInfo> (0x00000000e8475908) thrown at [/HUDSON/workspace/8-2-build-linux-amd64/jdk8u201/12317/hotspot/src/share/vm/classfile/systemDict
Event: 19,005 Thread 0x00007fbdf8001800 Exception <a 'java/lang/ClassNotFoundException': org/springframework/transaction/interceptor/TransactionAspectSupportCustomizer> (0x00000000e84acf78) thrown at [/HUDSON/workspace/8-2-build-linux-amd64/jdk8u201/12317/hotspot/src/share/vm/classfile/systemDi
Event: 19,007 Thread 0x00007fbdf8001800 Exception <a 'java/lang/ClassNotFoundException': org/springframework/transaction/interceptor/TransactionInterceptorCustomizer> (0x00000000e84f31c8) thrown at [/HUDSON/workspace/8-2-build-linux-amd64/jdk8u201/12317/hotspot/src/share/vm/classfile/systemDict
Event: 19,011 Thread 0x00007fbdf8001800 Exception <a 'java/lang/ClassNotFoundException': org/springframework/transaction/interceptor/BeanFactoryTransactionAttributeSourceAdvisorBeanInfo> (0x00000000e8547cc8) thrown at [/HUDSON/workspace/8-2-build-linux-amd64/jdk8u201/12317/hotspot/src/share/vm/
Event: 19,012 Thread 0x00007fbdf8001800 Exception <a 'java/lang/ClassNotFoundException': org/springframework/transaction/interceptor/BeanFactoryTransactionAttributeSourceAdvisorCustomizer> (0x00000000e8584088) thrown at [/HUDSON/workspace/8-2-build-linux-amd64/jdk8u201/12317/hotspot/src/share/v
Event: 21,268 Thread 0x00007fbdf8001800 Exception <a 'java/lang/NullPointerException'> (0x00000000ed5fce10) thrown at [/HUDSON/workspace/8-2-build-linux-amd64/jdk8u201/12317/hotspot/src/share/vm/runtime/reflection.cpp, line 922]

Events (10 events):
Event: 21,385 loading class org/postgresql/util/ReaderInputStream done
Event: 21,389 loading class org/postgresql/util/StreamWrapper
Event: 21,389 loading class org/postgresql/util/StreamWrapper done
Event: 21,577 Thread 0x00007fbdf8001800 DEOPT PACKING pc=0x00007fbe4634eda4 sp=0x00007fbdfe5c4cb0
Event: 21,577 Thread 0x00007fbdf8001800 DEOPT UNPACKING pc=0x00007fbe45047784 sp=0x00007fbdfe5c4a08 mode 0
Event: 21,695 loading class org/apache/tomcat/dbcp/dbcp/DelegatingResultSet
Event: 21,697 loading class org/apache/tomcat/dbcp/dbcp/DelegatingResultSet done
Event: 21,697 loading class org/apache/tomcat/dbcp/dbcp/DelegatingResultSet
Event: 21,697 loading class org/apache/tomcat/dbcp/dbcp/DelegatingResultSet done
Event: 21,713 Executing VM operation: ParallelGCFailedAllocation


Dynamic libraries:
00400000-00401000 r-xp 00000000 08:01 1878579                            /usr/lib/jvm/java-8-oracle/bin/java
00600000-00601000 r--p 00000000 08:01 1878579                            /usr/lib/jvm/java-8-oracle/bin/java
00601000-00602000 rw-p 00001000 08:01 1878579                            /usr/lib/jvm/java-8-oracle/bin/java
01a49000-01a6a000 rw-p 00000000 00:00 0                                  [heap]
85800000-8de80000 rw-p 00000000 00:00 0 
8de80000-d7300000 ---p 00000000 00:00 0 
d7300000-f4780000 rw-p 00000000 00:00 0 
fbf00000-100000000 ---p 00000000 00:00 0 
100000000-100660000 rw-p 00000000 00:00 0 
100660000-140000000 ---p 00000000 00:00 0 
7fbde8000000-7fbde8021000 rw-p 00000000 00:00 0 
7fbde8021000-7fbdec000000 ---p 00000000 00:00 0 
7fbdec000000-7fbdec4aa000 rw-p 00000000 00:00 0 
7fbdec4aa000-7fbdf0000000 ---p 00000000 00:00 0 
7fbdf0000000-7fbdf3ffc000 rw-p 00000000 00:00 0 
7fbdf3ffc000-7fbdf4000000 ---p 00000000 00:00 0 
7fbdf4000000-7fbdf8000000 rw-p 00000000 00:00 0 
7fbdf8000000-7fbdf8021000 rw-p 00000000 00:00 0 
7fbdf8021000-7fbdfc000000 ---p 00000000 00:00 0 
7fbdfd5b4000-7fbdfd6f4000 rw-p 00000000 00:00 0 
7fbdfd6f4000-7fbdfd7b4000 ---p 00000000 00:00 0 
7fbdfd7b4000-7fbdfd9b4000 rw-p 00000000 00:00 0 
7fbdfd9b4000-7fbdfdbb4000 rw-p 00000000 00:00 0 
7fbdfdbb4000-7fbdfddb4000 rw-p 00000000 00:00 0 
7fbdfddb4000-7fbdfdfb4000 rw-p 00000000 00:00 0 
7fbdfdfb4000-7fbdfe1b4000 rw-p 00000000 00:00 0 
7fbdfe1b4000-7fbdfe1b7000 ---p 00000000 00:00 0 
7fbdfe1b7000-7fbdfe4b5000 rw-p 00000000 00:00 0 
7fbdfe4b5000-7fbdfe4c8000 r--s 00345000 08:01 1879877                    /usr/lib/jvm/java-8-oracle/jre/lib/resources.jar
7fbdfe4c8000-7fbdfe4cb000 ---p 00000000 00:00 0 
7fbdfe4cb000-7fbdfe5c9000 rw-p 00000000 00:00 0 
7fbdfe5c9000-7fbdfe5cc000 ---p 00000000 00:00 0 
7fbdfe5cc000-7fbdfe6ca000 rw-p 00000000 00:00 0 
7fbdfe6ca000-7fbdfe6d4000 r--s 00116000 08:01 1879982                    /usr/lib/jvm/java-8-oracle/jre/lib/ext/localedata.jar
7fbdfe6d4000-7fbdfe6f0000 r--s 00393000 08:01 1879975                    /usr/lib/jvm/java-8-oracle/jre/lib/ext/cldrdata.jar
7fbdfe6f0000-7fbdfe8f0000 rw-p 00000000 00:00 0 
7fbdfe8f0000-7fbdfe8f9000 r-xp 00000000 08:01 1880097                    /usr/lib/jvm/java-8-oracle/jre/lib/amd64/libmanagement.so
7fbdfe8f9000-7fbdfeaf8000 ---p 00009000 08:01 1880097                    /usr/lib/jvm/java-8-oracle/jre/lib/amd64/libmanagement.so
7fbdfeaf8000-7fbdfeaf9000 r--p 00008000 08:01 1880097                    /usr/lib/jvm/java-8-oracle/jre/lib/amd64/libmanagement.so
7fbdfeaf9000-7fbdfeafa000 rw-p 00009000 08:01 1880097                    /usr/lib/jvm/java-8-oracle/jre/lib/amd64/libmanagement.so
7fbdfeafa000-7fbdfecfa000 rw-p 00000000 00:00 0 
7fbdfecfa000-7fbdfeefa000 rw-p 00000000 00:00 0 
7fbdfeefa000-7fbdfeefc000 r--s 00003000 08:01 2432                       /home/aida/.m2/repository/org/slf4j/jcl-over-slf4j/1.7.5/jcl-over-slf4j-1.7.5.jar
7fbdfeefc000-7fbdfeefe000 r--s 00002000 08:01 13797                      /home/aida/.m2/repository/org/sonatype/plexus/plexus-cipher/1.4/plexus-cipher-1.4.jar
7fbdfeefe000-7fbdfeeff000 r--s 00006000 08:01 13794                      /home/aida/.m2/repository/org/sonatype/plexus/plexus-sec-dispatcher/1.3/plexus-sec-dispatcher-1.3.jar
7fbdfeeff000-7fbdfef00000 r--s 00002000 08:01 13780                      /home/aida/.m2/repository/org/apache/maven/doxia/doxia-logging-api/1.1/doxia-logging-api-1.1.jar
7fbdfef00000-7fbdfef02000 r--s 00002000 08:01 13776                      /home/aida/.m2/repository/org/apache/maven/doxia/doxia-sink-api/1.1/doxia-sink-api-1.1.jar
7fbdfef02000-7fbdfef03000 r--s 00002000 08:01 13775                      /home/aida/.m2/repository/org/apache/maven/reporting/maven-reporting-api/2.2.1/maven-reporting-api-2.2.1.jar
7fbdfef03000-7fbdfef05000 r--s 00009000 08:01 2427                       /home/aida/.m2/repository/org/apache/maven/shared/maven-filtering/1.0/maven-filtering-1.0.jar
7fbdfef05000-7fbdfef09000 r--s 00037000 08:01 16966                      /home/aida/.m2/repository/org/codehaus/plexus/plexus-utils/3.0.15/plexus-utils-3.0.15.jar
7fbdfef09000-7fbdfef0c000 r--s 0000c000 08:01 2426                       /home/aida/.m2/repository/org/codehaus/plexus/plexus-io/2.0.3/plexus-io-2.0.3.jar
7fbdfef0c000-7fbdfef13000 r--s 00037000 08:01 2423                       /home/aida/.m2/repository/junit/junit/4.10/junit-4.10.jar
7fbdfef13000-7fbdfef18000 r--s 00029000 08:01 2422                       /home/aida/.m2/repository/org/codehaus/plexus/plexus-archiver/2.1.1/plexus-archiver-2.1.1.jar
7fbdfef18000-7fbdfef1c000 r--s 00014000 08:01 2419                       /home/aida/.m2/repository/org/tukaani/xz/1.0/xz-1.0.jar
7fbdfef1c000-7fbdfef21000 r--s 00036000 08:01 2418                       /home/aida/.m2/repository/org/apache/commons/commons-compress/1.4.1/commons-compress-1.4.1.jar
7fbdfef21000-7fbdfef26000 r--s 00041000 08:01 14990                      /home/aida/.m2/repository/commons-lang/commons-lang/2.6/commons-lang-2.6.jar
7fbdfef26000-7fbdfef2a000 r--s 00027000 08:01 15711                      /home/aida/.m2/repository/commons-io/commons-io/2.2/commons-io-2.2.jar
7fbdfef2a000-7fbdfef2b000 r--s 00004000 08:01 15576                      /home/aida/.m2/repository/org/apache/maven/maven-archiver/2.4.2/maven-archiver-2.4.2.jar
7fbdfef2b000-7fbdfef2d000 r--s 00009000 08:01 13784                      /home/aida/.m2/repository/commons-cli/commons-cli/1.2/commons-cli-1.2.jar
7fbdfef2d000-7fbdfef2f000 r--s 00005000 08:01 2413                       /home/aida/.m2/repository/org/apache/tomcat/maven/tomcat7-war-runner/2.2/tomcat7-war-runner-2.2.jar
7fbdfef2f000-7fbdfef35000 r--s 00033000 08:01 16962                      /home/aida/.m2/repository/commons-codec/commons-codec/1.6/commons-codec-1.6.jar
7fbdfef35000-7fbdfef37000 r--s 00000000 08:01 13298                      /home/aida/.m2/repository/org/codehaus/plexus/plexus-component-annotations/1.5.5/plexus-component-annotations-1.5.5.jar
7fbdfef37000-7fbdfef39000 r--s 0000e000 08:01 5506                       /home/aida/.m2/repository/commons-logging/commons-logging/1.1.3/commons-logging-1.1.3.jar
7fbdfef39000-7fbdfef3f000 r--s 0003f000 08:01 2411                       /home/aida/.m2/repository/org/apache/httpcomponents/httpcore/4.3/httpcore-4.3.jar
7fbdfef3f000-7fbdfef4a000 r--s 00084000 08:01 2409                       /home/aida/.m2/repository/org/apache/httpcomponents/httpclient/4.3.1/httpclient-4.3.1.jar
7fbdfef4a000-7fbdfef4d000 r--s 00006000 08:01 15704                      /home/aida/.m2/repository/com/google/code/findbugs/jsr305/1.3.9/jsr305-1.3.9.jar
7fbdfef4d000-7fbdfef6b000 r--s 00151000 08:01 2407                       /home/aida/.m2/repository/com/google/guava/guava/10.0.1/guava-10.0.1.jar
7fbdfef6b000-7fbdfef73000 r--s 00049000 08:01 13757                      /home/aida/.m2/repository/backport-util-concurrent/backport-util-concurrent/3.1/backport-util-concurrent-3.1.jar
7fbdfef73000-7fbdfef75000 r--s 00008000 08:01 2406                       /home/aida/.m2/repository/org/apache/tomcat/maven/common-tomcat-maven-plugin/2.2/common-tomcat-maven-plugin-2.2.jar
7fbdfef75000-7fbdfef84000 r--s 001a9000 08:01 2403                       /home/aida/.m2/repository/org/eclipse/jdt/core/compiler/ecj/4.2.2/ecj-4.2.2.jar
7fbdfef84000-7fbdfef86000 r--s 00013000 08:01 2402                       /home/aida/.m2/repository/org/apache/tomcat/embed/tomcat-embed-logging-log4j/7.0.47/tomcat-embed-logging-log4j-7.0.47.jar
7fbdfef86000-7fbdfef88000 r--s 00008000 08:01 2401                       /home/aida/.m2/repository/org/apache/tomcat/embed/tomcat-embed-logging-juli/7.0.47/tomcat-embed-logging-juli-7.0.47.jar
7fbdfef88000-7fbdfef8a000 r--s 00008000 08:01 2397                       /home/aida/.m2/repository/org/apache/tomcat/tomcat-juli/7.0.47/tomcat-juli-7.0.47.jar
7fbdfef8a000-7fbdfef8c000 r--s 0001f000 08:01 2393                       /home/aida/.m2/repository/org/apache/tomcat/tomcat-catalina-ha/7.0.47/tomcat-catalina-ha-7.0.47.jar
7fbdfef8c000-7fbdfef90000 r--s 0003b000 08:01 2391                       /home/aida/.m2/repository/org/apache/tomcat/tomcat-tribes/7.0.47/tomcat-tribes-7.0.47.jar
7fbdfef90000-7fbdfefa2000 r--s 00171000 08:01 2390                       /home/aida/.m2/repository/org/apache/tomcat/tomcat-catalina/7.0.47/tomcat-catalina-7.0.47.jar
7fbdfefa2000-7fbdfefa4000 r--s 0000a000 08:01 2369                       /home/aida/.m2/repository/org/apache/tomcat/tomcat-el-api/7.0.47/tomcat-el-api-7.0.47.jar
7fbdfefa4000-7fbdfefcb000 r--s 00290000 08:01 2341                       /home/aida/.m2/repository/org/apache/tomcat/embed/tomcat-embed-core/7.0.47/tomcat-embed-core-7.0.47.jar
7fbdfefcb000-7fbdfefcf000 r--p 00000000 08:01 1191345                    /lib/x86_64-linux-gnu/libresolv-2.29.so
7fbdfefcf000-7fbdfefde000 r-xp 00004000 08:01 1191345                    /lib/x86_64-linux-gnu/libresolv-2.29.so
7fbdfefde000-7fbdfefe1000 r--p 00013000 08:01 1191345                    /lib/x86_64-linux-gnu/libresolv-2.29.so
7fbdfefe1000-7fbdfefe2000 ---p 00016000 08:01 1191345                    /lib/x86_64-linux-gnu/libresolv-2.29.so
7fbdfefe2000-7fbdfefe3000 r--p 00016000 08:01 1191345                    /lib/x86_64-linux-gnu/libresolv-2.29.so
7fbdfefe3000-7fbdfefe4000 rw-p 00017000 08:01 1191345                    /lib/x86_64-linux-gnu/libresolv-2.29.so
7fbdfefe4000-7fbdfefe6000 rw-p 00000000 00:00 0 
7fbdfefe6000-7fbdfefe9000 r-xp 00000000 08:01 1184344                    /lib/x86_64-linux-gnu/libnss_mdns4_minimal.so.2
7fbdfefe9000-7fbdff1e8000 ---p 00003000 08:01 1184344                    /lib/x86_64-linux-gnu/libnss_mdns4_minimal.so.2
7fbdff1e8000-7fbdff1e9000 r--p 00002000 08:01 1184344                    /lib/x86_64-linux-gnu/libnss_mdns4_minimal.so.2
7fbdff1e9000-7fbdff1ea000 rw-p 00003000 08:01 1184344                    /lib/x86_64-linux-gnu/libnss_mdns4_minimal.so.2
7fbdff1ea000-7fbdff1eb000 r--s 00003000 08:01 2396                       /home/aida/.m2/repository/org/apache/tomcat/tomcat-annotations-api/7.0.47/tomcat-annotations-api-7.0.47.jar
7fbdff1eb000-7fbdff1ee000 r--s 0001c000 08:01 2368                       /home/aida/.m2/repository/org/apache/tomcat/tomcat-jasper-el/7.0.47/tomcat-jasper-el-7.0.47.jar
7fbdff1ee000-7fbdff1f6000 r--s 0008b000 08:01 2367                       /home/aida/.m2/repository/org/apache/tomcat/tomcat-jasper/7.0.47/tomcat-jasper-7.0.47.jar
7fbdff1f6000-7fbdff1f9000 r--s 00013000 08:01 2363                       /home/aida/.m2/repository/org/apache/tomcat/tomcat-jsp-api/7.0.47/tomcat-jsp-api-7.0.47.jar
7fbdff1f9000-7fbdff1fc000 r--s 00029000 08:01 2361                       /home/aida/.m2/repository/org/apache/tomcat/tomcat-servlet-api/7.0.47/tomcat-servlet-api-7.0.47.jar
7fbdff1fc000-7fbdff20a000 r--s 000be000 08:01 2353                       /home/aida/.m2/repository/org/apache/tomcat/tomcat-coyote/7.0.47/tomcat-coyote-7.0.47.jar
7fbdff20a000-7fbdff40a000 rw-p 00000000 00:00 0 
7fbdff40a000-7fbdff60a000 rw-p 00000000 00:00 0 
7fbdff60a000-7fbdff60d000 r--p 00000000 08:01 1179677                    /lib/x86_64-linux-gnu/libgcc_s.so.1
7fbdff60d000-7fbdff61e000 r-xp 00003000 08:01 1179677                    /lib/x86_64-linux-gnu/libgcc_s.so.1
7fbdff61e000-7fbdff622000 r--p 00014000 08:01 1179677                    /lib/x86_64-linux-gnu/libgcc_s.so.1
7fbdff622000-7fbdff623000 r--p 00017000 08:01 1179677                    /lib/x86_64-linux-gnu/libgcc_s.so.1
7fbdff623000-7fbdff624000 rw-p 00018000 08:01 1179677                    /lib/x86_64-linux-gnu/libgcc_s.so.1
7fbdff624000-7fbdff628000 r--s 00036000 08:01 2360                       /home/aida/.m2/repository/org/apache/tomcat/tomcat-dbcp/7.0.47/tomcat-dbcp-7.0.47.jar
7fbdff628000-7fbdff62a000 r--s 0001d000 08:01 2355                       /home/aida/.m2/repository/org/apache/tomcat/tomcat-jdbc/7.0.47/tomcat-jdbc-7.0.47.jar
7fbdff62a000-7fbdff62b000 r--s 00001000 08:01 2357                       /home/aida/.m2/repository/org/apache/tomcat/tomcat-api/7.0.47/tomcat-api-7.0.47.jar
7fbdff62b000-7fbdff62c000 r--s 00005000 08:01 2345                       /home/aida/.m2/repository/org/apache/tomcat/tomcat-util/7.0.47/tomcat-util-7.0.47.jar
7fbdff62c000-7fbdff62e000 r--s 0001a000 08:01 2205                       /home/aida/.m2/repository/org/apache/tomcat/maven/tomcat7-maven-plugin/2.2/tomcat7-maven-plugin-2.2.jar
7fbdff62e000-7fbdff630000 r--s 00002000 08:01 2118                       /home/aida/.m2/repository/org/codehaus/plexus/plexus-compiler-javac/1.8.1/plexus-compiler-javac-1.8.1.jar
7fbdff630000-7fbdff632000 r--s 00000000 08:01 2115                       /home/aida/.m2/repository/org/codehaus/plexus/plexus-compiler-manager/1.8.1/plexus-compiler-manager-1.8.1.jar
7fbdff632000-7fbdff633000 r--s 00004000 08:01 2116                       /home/aida/.m2/repository/org/codehaus/plexus/plexus-compiler-api/1.8.1/plexus-compiler-api-1.8.1.jar
7fbdff633000-7fbdff635000 r--s 00006000 08:01 2092                       /home/aida/.m2/repository/org/apache/maven/plugins/maven-compiler-plugin/2.3.2/maven-compiler-plugin-2.3.2.jar
7fbdff635000-7fbdff637000 r--p 00000000 08:01 1184436                    /lib/x86_64-linux-gnu/libnss_dns-2.29.so
7fbdff637000-7fbdff63b000 r-xp 00002000 08:01 1184436                    /lib/x86_64-linux-gnu/libnss_dns-2.29.so
7fbdff63b000-7fbdff63c000 r--p 00006000 08:01 1184436                    /lib/x86_64-linux-gnu/libnss_dns-2.29.so
7fbdff63c000-7fbdff63d000 r--p 00006000 08:01 1184436                    /lib/x86_64-linux-gnu/libnss_dns-2.29.so
7fbdff63d000-7fbdff63e000 rw-p 00007000 08:01 1184436                    /lib/x86_64-linux-gnu/libnss_dns-2.29.so
7fbdff63e000-7fbdff644000 r--s 0003f000 08:01 1879983                    /usr/lib/jvm/java-8-oracle/jre/lib/ext/sunjce_provider.jar
7fbdff644000-7fbdff67c000 r-xp 00000000 08:01 1880046                    /usr/lib/jvm/java-8-oracle/jre/lib/amd64/libsunec.so
7fbdff67c000-7fbdff87b000 ---p 00038000 08:01 1880046                    /usr/lib/jvm/java-8-oracle/jre/lib/amd64/libsunec.so
7fbdff87b000-7fbdff880000 r--p 00037000 08:01 1880046                    /usr/lib/jvm/java-8-oracle/jre/lib/amd64/libsunec.so
7fbdff880000-7fbdff882000 rw-p 0003c000 08:01 1880046                    /usr/lib/jvm/java-8-oracle/jre/lib/amd64/libsunec.so
7fbdff882000-7fbdff884000 r--s 00009000 08:01 1879973                    /usr/lib/jvm/java-8-oracle/jre/lib/ext/sunec.jar
7fbdff884000-7fbdff888000 r--s 0003a000 08:01 1879980                    /usr/lib/jvm/java-8-oracle/jre/lib/ext/sunpkcs11.jar
7fbdff888000-7fbdff88b000 r--s 0001a000 08:01 1879884                    /usr/lib/jvm/java-8-oracle/jre/lib/jce.jar
7fbdff88b000-7fbdffa8b000 rw-p 00000000 00:00 0 
7fbdffa8b000-7fbdffc8b000 rw-p 00000000 00:00 0 
7fbdffc8b000-7fbdffca5000 r--s 00119000 08:01 1650                       /home/aida/.m2/repository/org/springframework/spring-web/5.0.7.RELEASE/spring-web-5.0.7.RELEASE.jar
7fbdffca5000-7fbdffcaa000 r--s 00031000 08:01 35684                      /home/aida/.m2/repository/org/apache/jena/jena-base/3.11.0/jena-base-3.11.0.jar
7fbdffcaa000-7fbdffcd5000 r--s 001f5000 08:01 5529                       /home/aida/.m2/repository/com/google/guava/guava/16.0.1/guava-16.0.1.jar
7fbdffcd5000-7fbdffcd7000 r--s 00003000 08:01 5985                       /home/aida/.m2/repository/org/slf4j/jcl-over-slf4j/1.7.25/jcl-over-slf4j-1.7.25.jar
7fbdffcd7000-7fbdffcd9000 r--s 0000b000 08:01 2061                       /home/aida/.m2/repository/javax/servlet/jsp/javax.servlet.jsp-api/2.2.1/javax.servlet.jsp-api-2.2.1.jar
7fbdffcd9000-7fbdffce9000 r--s 0007d000 08:01 6029999                    /home/aida/.m2/repository/joda-time/joda-time/2.2/joda-time-2.2.jar
7fbdffce9000-7fbdffcee000 r--s 00027000 08:01 1707                       /home/aida/.m2/repository/org/springframework/spring-context-support/5.0.7.RELEASE/spring-context-support-5.0.7.RELEASE.jar
7fbdffcee000-7fbdffd0d000 r--s 00195000 08:01 35690                      /home/aida/.m2/repository/org/apache/jena/jena-core/3.11.0/jena-core-3.11.0.jar
7fbdffd0d000-7fbdffd1c000 r--s 000b2000 08:01 1641                       /home/aida/.m2/repository/org/springframework/spring-webmvc/5.0.7.RELEASE/spring-webmvc-5.0.7.RELEASE.jar
7fbdffd1c000-7fbdffd20000 r--s 0000d000 08:01 1639                       /home/aida/.m2/repository/org/springframework/security/spring-security-test/5.0.7.RELEASE/spring-security-test-5.0.7.RELEASE.jar
7fbdffd20000-7fbdffd22000 r--s 00009000 08:01 1972                       /home/aida/.m2/repository/org/objenesis/objenesis/2.1/objenesis-2.1.jar
7fbdffd22000-7fbdffd2f000 r--s 00087000 08:01 1669                       /home/aida/.m2/repository/org/springframework/spring-test/5.0.7.RELEASE/spring-test-5.0.7.RELEASE.jar
7fbdffd2f000-7fbdffd31000 r--s 00020000 08:01 35677                      /home/aida/.m2/repository/org/apache/jena/jena-iri/3.11.0/jena-iri-3.11.0.jar
7fbdffd31000-7fbdffd34000 r--s 00010000 08:01 1978                       /home/aida/.m2/repository/org/hibernate/common/hibernate-commons-annotations/4.0.5.Final/hibernate-commons-annotations-4.0.5.Final.jar
7fbdffd34000-7fbdffd41000 r--s 000a7000 08:01 1921                       /home/aida/.m2/repository/org/apache/httpcomponents/httpclient/4.5.2/httpclient-4.5.2.jar
7fbdffd41000-7fbdffd5d000 r--s 00103000 08:01 1982                       /home/aida/.m2/repository/org/mockito/mockito-core/2.0.2-beta/mockito-core-2.0.2-beta.jar
7fbdffd5d000-7fbdffd61000 r--s 0002b000 08:01 1679                       /home/aida/.m2/repository/org/springframework/spring-orm/5.0.7.RELEASE/spring-orm-5.0.7.RELEASE.jar
7fbdffd61000-7fbdffd62000 r--s 0000c000 08:01 16775                      /home/aida/.m2/repository/org/hamcrest/hamcrest-library/1.3/hamcrest-library-1.3.jar
7fbdffd62000-7fbdffd6a000 r--s 00037000 08:01 1682                       /home/aida/.m2/repository/org/springframework/spring-tx/5.0.7.RELEASE/spring-tx-5.0.7.RELEASE.jar
7fbdffd6a000-7fbdffd77000 r--s 0006c000 08:01 1655                       /home/aida/.m2/repository/org/springframework/security/spring-security-web/5.0.7.RELEASE/spring-security-web-5.0.7.RELEASE.jar
7fbdffd77000-7fbdffd81000 r--s 000c0000 08:01 2067                       /home/aida/.m2/repository/org/postgresql/postgresql/42.2.5/postgresql-42.2.5.jar
7fbdffd81000-7fbdffd83000 r--s 0000e000 08:01 962                        /home/aida/.m2/repository/commons-logging/commons-logging/1.2/commons-logging-1.2.jar
7fbdffd83000-7fbdffd86000 r--s 0000a000 08:01 5994                       /home/aida/.m2/repository/org/springframework/social/spring-social-web/1.1.6.RELEASE/spring-social-web-1.1.6.RELEASE.jar
7fbdffd86000-7fbdffd8f000 r--s 00059000 08:01 1652                       /home/aida/.m2/repository/org/springframework/spring-jdbc/5.0.7.RELEASE/spring-jdbc-5.0.7.RELEASE.jar
7fbdffd8f000-7fbdffd90000 r--s 00002000 08:01 2080                       /home/aida/.m2/repository/org/jboss/logging/jboss-logging-annotations/1.2.0.Beta1/jboss-logging-annotations-1.2.0.Beta1.jar
7fbdffd90000-7fbdffd92000 r--s 0000c000 08:01 2072                       /home/aida/.m2/repository/org/jboss/logging/jboss-logging/3.1.3.GA/jboss-logging-3.1.3.GA.jar
7fbdffd92000-7fbdffda2000 r--s 000c5000 08:01 18166                      /home/aida/.m2/repository/org/thymeleaf/thymeleaf/3.0.9.RELEASE/thymeleaf-3.0.9.RELEASE.jar
7fbdffda2000-7fbdffe00000 r--s 004ac000 08:01 2057                       /home/aida/.m2/repository/org/hibernate/hibernate-core/4.3.11.Final/hibernate-core-4.3.11.Final.jar
7fbdffe00000-7fbe00000000 rw-p 00000000 00:00 0 
7fbe00000000-7fbe00021000 rw-p 00000000 00:00 0 
7fbe00021000-7fbe04000000 ---p 00000000 00:00 0 
7fbe04000000-7fbe04021000 rw-p 00000000 00:00 0 
7fbe04021000-7fbe08000000 ---p 00000000 00:00 0 
7fbe08000000-7fbe08fcc000 rw-p 00000000 00:00 0 
7fbe08fcc000-7fbe0c000000 ---p 00000000 00:00 0 
7fbe0c000000-7fbe0c021000 rw-p 00000000 00:00 0 
7fbe0c021000-7fbe10000000 ---p 00000000 00:00 0 
7fbe10000000-7fbe11e74000 rw-p 00000000 00:00 0 
7fbe11e74000-7fbe14000000 ---p 00000000 00:00 0 
7fbe14000000-7fbe15ec4000 rw-p 00000000 00:00 0 
7fbe15ec4000-7fbe18000000 ---p 00000000 00:00 0 
7fbe18000000-7fbe18021000 rw-p 00000000 00:00 0 
7fbe18021000-7fbe1c000000 ---p 00000000 00:00 0 
7fbe1c000000-7fbe1c043000 rw-p 00000000 00:00 0 
7fbe1c043000-7fbe20000000 ---p 00000000 00:00 0 
7fbe20000000-7fbe20021000 rw-p 00000000 00:00 0 
7fbe20021000-7fbe24000000 ---p 00000000 00:00 0 
7fbe24000000-7fbe24021000 rw-p 00000000 00:00 0 
7fbe24021000-7fbe28000000 ---p 00000000 00:00 0 
7fbe28000000-7fbe28021000 rw-p 00000000 00:00 0 
7fbe28021000-7fbe2c000000 ---p 00000000 00:00 0 
7fbe2c000000-7fbe2c30f000 rw-p 00000000 00:00 0 
7fbe2c30f000-7fbe30000000 ---p 00000000 00:00 0 
7fbe30000000-7fbe30021000 rw-p 00000000 00:00 0 
7fbe30021000-7fbe34000000 ---p 00000000 00:00 0 
7fbe34000000-7fbe34001000 r--s 0000c000 08:01 6057                       /home/aida/.m2/repository/org/ow2/asm/asm/5.0.3/asm-5.0.3.jar
7fbe34001000-7fbe34002000 r--s 00006000 08:01 2073                       /home/aida/.m2/repository/org/jboss/spec/javax/transaction/jboss-transaction-api_1.2_spec/1.0.0.Final/jboss-transaction-api_1.2_spec-1.0.0.Final.jar
7fbe34002000-7fbe34004000 r--s 00003000 08:01 1987                       /home/aida/.m2/repository/com/jayway/jsonpath/json-path-assert/2.2.0/json-path-assert-2.2.0.jar
7fbe34004000-7fbe34008000 r--s 00031000 08:01 1146                       /home/aida/.m2/repository/commons-io/commons-io/2.6/commons-io-2.6.jar
7fbe34008000-7fbe3400b000 r--s 0000a000 08:01 1917                       /home/aida/.m2/repository/javax/cache/cache-api/1.1.0/cache-api-1.1.0.jar
7fbe3400b000-7fbe34010000 r--s 00040000 08:01 1653                       /home/aida/.m2/repository/org/springframework/spring-expression/5.0.7.RELEASE/spring-expression-5.0.7.RELEASE.jar
7fbe34010000-7fbe34011000 r--s 00007000 08:01 1661                       /home/aida/.m2/repository/org/springframework/social/spring-social-security/1.1.6.RELEASE/spring-social-security-1.1.6.RELEASE.jar
7fbe34011000-7fbe34016000 r--s 0002e000 08:01 6081                       /home/aida/.m2/repository/com/jayway/jsonpath/json-path/2.2.0/json-path-2.2.0.jar
7fbe34016000-7fbe3401a000 r--s 0001b000 08:01 1984                       /home/aida/.m2/repository/org/thymeleaf/thymeleaf-spring4/3.0.9.RELEASE/thymeleaf-spring4-3.0.9.RELEASE.jar
7fbe3401a000-7fbe3403b000 r--s 0015e000 08:01 1916                       /home/aida/.m2/repository/org/ehcache/ehcache/3.6.0/ehcache-3.6.0.jar
7fbe3403b000-7fbe34046000 r--s 0009e000 08:01 1664                       /home/aida/.m2/repository/org/springframework/security/spring-security-config/5.0.7.RELEASE/spring-security-config-5.0.7.RELEASE.jar
7fbe34046000-7fbe34048000 r--s 00009000 08:01 1945                       /home/aida/.m2/repository/org/apache/commons/commons-csv/1.5/commons-csv-1.5.jar
7fbe34048000-7fbe3404c000 r--s 00024000 08:01 1139                       /home/aida/.m2/repository/org/apache/httpcomponents/httpclient-cache/4.5.5/httpclient-cache-4.5.5.jar
7fbe3404c000-7fbe34058000 r--s 0005c000 08:01 1645                       /home/aida/.m2/repository/org/springframework/security/spring-security-core/5.0.7.RELEASE/spring-security-core-5.0.7.RELEASE.jar
7fbe34058000-7fbe3407f000 r--s 001f6000 08:01 1819                       /home/aida/.m2/repository/org/apache/commons/commons-math3/3.6.1/commons-math3-3.6.1.jar
7fbe3407f000-7fbe34092000 r--s 000b4000 08:01 8262                       /home/aida/.m2/repository/org/springframework/data/spring-data-commons/1.13.22.RELEASE/spring-data-commons-1.13.22.RELEASE.jar
7fbe34092000-7fbe340ac000 r--s 000f1000 08:01 1709                       /home/aida/.m2/repository/org/springframework/spring-context/5.0.7.RELEASE/spring-context-5.0.7.RELEASE.jar
7fbe340ac000-7fbe340b4000 r--s 00045000 08:01 13130                      /home/aida/.m2/repository/junit/junit/4.12/junit-4.12.jar
7fbe340b4000-7fbe340c7000 r--s 00137000 08:01 8305                       /home/aida/.m2/repository/com/fasterxml/jackson/core/jackson-databind/2.9.9.1/jackson-databind-2.9.9.1.jar
7fbe340c7000-7fbe340cf000 r--s 00026000 08:01 1823                       /home/aida/.m2/repository/com/github/spring-social/spring-social-google/1.1.3/spring-social-google-1.1.3.jar
7fbe340cf000-7fbe340d1000 r--s 00011000 08:01 1985                       /home/aida/.m2/repository/org/hamcrest/hamcrest-core/1.1/hamcrest-core-1.1.jar
7fbe340d1000-7fbe340db000 r--s 000a5000 08:01 2074                       /home/aida/.m2/repository/org/javassist/javassist/3.18.1-GA/javassist-3.18.1-GA.jar
7fbe340db000-7fbe340e0000 r--s 00024000 08:01 1952                       /home/aida/.m2/repository/com/github/andrewoma/dexx/collection/0.7/collection-0.7.jar
7fbe340e0000-7fbe340e3000 r--s 00026000 08:01 18138                      /home/aida/.m2/repository/org/unbescape/unbescape/1.1.5.RELEASE/unbescape-1.1.5.RELEASE.jar
7fbe340e3000-7fbe340e8000 r--s 00016000 08:01 2076                       /home/aida/.m2/repository/xml-apis/xml-apis/1.0.b2/xml-apis-1.0.b2.jar
7fbe340e8000-7fbe340ea000 r--s 00005000 08:01 5969                       /home/aida/.m2/repository/org/springframework/social/spring-social-config/1.1.6.RELEASE/spring-social-config-1.1.6.RELEASE.jar
7fbe340ea000-7fbe340ec000 r--s 0000c000 08:01 1935                       /home/aida/.m2/repository/commons-cli/commons-cli/1.4/commons-cli-1.4.jar
7fbe340ec000-7fbe340ee000 r--s 00012000 08:01 5935                       /home/aida/.m2/repository/net/minidev/accessors-smart/1.1/accessors-smart-1.1.jar
7fbe340ee000-7fbe340f2000 r--s 00035000 08:01 18142                      /home/aida/.m2/repository/org/attoparser/attoparser/2.0.4.RELEASE/attoparser-2.0.4.RELEASE.jar
7fbe340f2000-7fbe3410a000 r--s 00114000 08:01 1666                       /home/aida/.m2/repository/org/springframework/spring-core/5.0.7.RELEASE/spring-core-5.0.7.RELEASE.jar
7fbe3410a000-7fbe3410e000 r--s 0004c000 08:01 35673                      /home/aida/.m2/repository/com/fasterxml/jackson/core/jackson-core/2.9.9/jackson-core-2.9.9.jar
7fbe3410e000-7fbe34113000 r--s 0001a000 08:01 5983                       /home/aida/.m2/repository/org/springframework/social/spring-social-core/1.1.6.RELEASE/spring-social-core-1.1.6.RELEASE.jar
7fbe34113000-7fbe34116000 r--s 00016000 08:01 2060                       /home/aida/.m2/repository/javax/servlet/jsp/jsp-api/2.1/jsp-api-2.1.jar
7fbe34116000-7fbe3414c000 r--s 002b6000 08:01 35676                      /home/aida/.m2/repository/org/apache/jena/jena-arq/3.11.0/jena-arq-3.11.0.jar
7fbe3414c000-7fbe34155000 r--s 00073000 08:01 8757                       /home/aida/.m2/repository/org/apache/commons/commons-lang3/3.9/commons-lang3-3.9.jar
7fbe34155000-7fbe34190000 r--s 00281000 08:01 35686                      /home/aida/.m2/repository/org/apache/jena/jena-shaded-guava/3.11.0/jena-shaded-guava-3.11.0.jar
7fbe34190000-7fbe34192000 r--s 00011000 08:01 2084                       /home/aida/.m2/repository/org/jboss/jandex/1.1.0.Final/jandex-1.1.0.Final.jar
7fbe34192000-7fbe34195000 r--s 0000e000 08:01 16657                      /home/aida/.m2/repository/com/fasterxml/jackson/core/jackson-annotations/2.9.0/jackson-annotations-2.9.0.jar
7fbe34195000-7fbe3419b000 r--s 00045000 08:01 6116                       /home/aida/.m2/repository/org/hamcrest/hamcrest-all/1.3/hamcrest-all-1.3.jar
7fbe3419b000-7fbe341a6000 r--s 00086000 08:01 35680                      /home/aida/.m2/repository/org/apache/commons/commons-compress/1.18/commons-compress-1.18.jar
7fbe341a6000-7fbe341a8000 r--s 00004000 08:01 1635                       /home/aida/.m2/repository/org/springframework/spring-jcl/5.0.7.RELEASE/spring-jcl-5.0.7.RELEASE.jar
7fbe341a8000-7fbe341ab000 r--s 0001b000 08:01 6085                       /home/aida/.m2/repository/net/minidev/json-smart/2.2.1/json-smart-2.2.1.jar
7fbe341ab000-7fbe341af000 r--s 00019000 08:01 1894                       /home/aida/.m2/repository/org/aspectj/aspectjrt/1.8.13/aspectjrt-1.8.13.jar
7fbe341af000-7fbe341b4000 r--s 00017000 08:01 6041                       /home/aida/.m2/repository/org/hibernate/javax/persistence/hibernate-jpa-2.1-api/1.0.0.Final/hibernate-jpa-2.1-api-1.0.0.Final.jar
7fbe341b4000-7fbe341c2000 r--s 00159000 08:01 1986                       /home/aida/.m2/repository/org/hsqldb/hsqldb/2.3.1/hsqldb-2.3.1.jar
7fbe341c2000-7fbe341d0000 r--s 00091000 08:01 2086                       /home/aida/.m2/repository/org/hibernate/hibernate-entitymanager/4.3.11.Final/hibernate-entitymanager-4.3.11.Final.jar
7fbe341d0000-7fbe343d0000 rw-p 00000000 00:00 0 
7fbe343d0000-7fbe345d0000 rw-p 00000000 00:00 0 
7fbe345d0000-7fbe347d0000 rw-p 00000000 00:00 0 
7fbe347d0000-7fbe347d3000 ---p 00000000 00:00 0 
7fbe347d3000-7fbe348d1000 rw-p 00000000 00:00 0 
7fbe348d1000-7fbe348d4000 r-xp 00000000 08:01 791865                     /tmp/libjansi-1.17.1-8171823450834203674.so
7fbe348d4000-7fbe34ad3000 ---p 00003000 08:01 791865                     /tmp/libjansi-1.17.1-8171823450834203674.so
7fbe34ad3000-7fbe34ad4000 rw-p 00002000 08:01 791865                     /tmp/libjansi-1.17.1-8171823450834203674.so
7fbe34ad4000-7fbe34ae5000 r-xp 00000000 08:01 1880092                    /usr/lib/jvm/java-8-oracle/jre/lib/amd64/libnio.so
7fbe34ae5000-7fbe34ce4000 ---p 00011000 08:01 1880092                    /usr/lib/jvm/java-8-oracle/jre/lib/amd64/libnio.so
7fbe34ce4000-7fbe34ce5000 r--p 00010000 08:01 1880092                    /usr/lib/jvm/java-8-oracle/jre/lib/amd64/libnio.so
7fbe34ce5000-7fbe34ce6000 rw-p 00011000 08:01 1880092                    /usr/lib/jvm/java-8-oracle/jre/lib/amd64/libnio.so
7fbe34ce6000-7fbe34ce7000 ---p 00000000 00:00 0 
7fbe34ce7000-7fbe37de8000 rw-p 00000000 00:00 0 
7fbe37de8000-7fbe37dfe000 r-xp 00000000 08:01 1880089                    /usr/lib/jvm/java-8-oracle/jre/lib/amd64/libnet.so
7fbe37dfe000-7fbe37ffe000 ---p 00016000 08:01 1880089                    /usr/lib/jvm/java-8-oracle/jre/lib/amd64/libnet.so
7fbe37ffe000-7fbe37fff000 r--p 00016000 08:01 1880089                    /usr/lib/jvm/java-8-oracle/jre/lib/amd64/libnet.so
7fbe37fff000-7fbe38000000 rw-p 00017000 08:01 1880089                    /usr/lib/jvm/java-8-oracle/jre/lib/amd64/libnet.so
7fbe38000000-7fbe38021000 rw-p 00000000 00:00 0 
7fbe38021000-7fbe3c000000 ---p 00000000 00:00 0 
7fbe3c000000-7fbe3c001000 r--s 0000f000 08:01 1824                       /home/aida/.m2/repository/org/json/json/20180813/json-20180813.jar
7fbe3c001000-7fbe3c008000 r--s 00045000 08:01 8264                       /home/aida/.m2/repository/org/springframework/data/spring-data-jpa/1.11.22.RELEASE/spring-data-jpa-1.11.22.RELEASE.jar
7fbe3c008000-7fbe3c00d000 r--s 00068000 08:01 5962                       /home/aida/.m2/repository/antlr/antlr/2.7.7/antlr-2.7.7.jar
7fbe3c00d000-7fbe3c016000 r--s 00051000 08:01 1649                       /home/aida/.m2/repository/org/springframework/spring-aop/5.0.7.RELEASE/spring-aop-5.0.7.RELEASE.jar
7fbe3c016000-7fbe3c03b000 r--s 00171000 08:01 35687                      /home/aida/.m2/repository/com/github/jsonld-java/jsonld-java/0.12.3/jsonld-java-0.12.3.jar
7fbe3c03b000-7fbe3c03d000 r--s 00009000 08:01 16695                      /home/aida/.m2/repository/org/slf4j/slf4j-api/1.7.25/slf4j-api-1.7.25.jar
7fbe3c03d000-7fbe3c044000 r--s 00048000 08:01 1927                       /home/aida/.m2/repository/org/apache/httpcomponents/httpcore/4.4/httpcore-4.4.jar
7fbe3c044000-7fbe3c049000 r--s 00048000 08:01 5941                       /home/aida/.m2/repository/dom4j/dom4j/1.6.1/dom4j-1.6.1.jar
7fbe3c049000-7fbe3c050000 r--s 0003a000 08:01 1816                       /home/aida/.m2/repository/commons-codec/commons-codec/1.9/commons-codec-1.9.jar
7fbe3c050000-7fbe3c056000 r--s 00037000 08:01 35693                      /home/aida/.m2/repository/org/apache/thrift/libthrift/0.12.0/libthrift-0.12.0.jar
7fbe3c056000-7fbe3c062000 r--s 00096000 08:01 1685                       /home/aida/.m2/repository/org/springframework/spring-beans/5.0.7.RELEASE/spring-beans-5.0.7.RELEASE.jar
7fbe3c062000-7fbe3c065000 r--s 00015000 08:01 1141                       /home/aida/.m2/repository/javax/servlet/javax.servlet-api/3.1.0/javax.servlet-api-3.1.0.jar
7fbe3c065000-7fbe3c070000 r--s 00069000 08:01 5900930                    /home/aida/.m2/repository/ch/qos/logback/logback-core/1.2.3/logback-core-1.2.3.jar
7fbe3c070000-7fbe3c076000 r--s 00041000 08:01 5900928                    /home/aida/.m2/repository/ch/qos/logback/logback-classic/1.2.3/logback-classic-1.2.3.jar
7fbe3c076000-7fbe3c093000 r--s 001f6000 08:01 3072                       /home/aida/.m2/repository/org/liquibase/liquibase-core/3.6.3/liquibase-core-3.6.3.jar
7fbe3c093000-7fbe3c094000 r--p 00000000 08:01 1191350                    /lib/x86_64-linux-gnu/libutil-2.29.so
7fbe3c094000-7fbe3c095000 r-xp 00001000 08:01 1191350                    /lib/x86_64-linux-gnu/libutil-2.29.so
7fbe3c095000-7fbe3c096000 r--p 00002000 08:01 1191350                    /lib/x86_64-linux-gnu/libutil-2.29.so
7fbe3c096000-7fbe3c097000 r--p 00002000 08:01 1191350                    /lib/x86_64-linux-gnu/libutil-2.29.so
7fbe3c097000-7fbe3c098000 rw-p 00003000 08:01 1191350                    /lib/x86_64-linux-gnu/libutil-2.29.so
7fbe3c098000-7fbe3c099000 r--s 00000000 08:01 17429                      /home/aida/.m2/repository/javax/inject/javax.inject/1/javax.inject-1.jar
7fbe3c099000-7fbe3c0a0000 r--s 0003f000 08:01 3074                       /home/aida/.m2/repository/org/yaml/snakeyaml/1.18/snakeyaml-1.18.jar
7fbe3c0a0000-7fbe3c0a2000 r--s 00026000 08:01 2487                       /home/aida/.m2/repository/org/codehaus/plexus/plexus-utils/1.0.4/plexus-utils-1.0.4.jar
7fbe3c0a2000-7fbe3c0a4000 r--s 00010000 08:01 3062                       /home/aida/.m2/repository/org/liquibase/liquibase-maven-plugin/3.6.3/liquibase-maven-plugin-3.6.3.jar
7fbe3c0a4000-7fbe3c0a6000 r--s 0000d000 08:01 15744                      /home/aida/.m2/repository/org/codehaus/plexus/plexus-interpolation/1.13/plexus-interpolation-1.13.jar
7fbe3c0a6000-7fbe3c0a7000 r--s 00001000 08:01 15042                      /home/aida/.m2/repository/org/sonatype/plexus/plexus-build-api/0.0.4/plexus-build-api-0.0.4.jar
7fbe3c0a7000-7fbe3c0a9000 r--s 00009000 08:01 15039                      /home/aida/.m2/repository/org/apache/maven/shared/maven-filtering/1.1/maven-filtering-1.1.jar
7fbe3c0a9000-7fbe3c0ad000 r--s 00033000 08:01 15775                      /home/aida/.m2/repository/org/codehaus/plexus/plexus-utils/2.0.5/plexus-utils-2.0.5.jar
7fbe3c0ad000-7fbe3c0b0000 r--s 0001b000 08:01 14299                      /home/aida/.m2/repository/junit/junit/3.8.1/junit-3.8.1.jar
7fbe3c0b0000-7fbe3c0b2000 r--s 00002000 08:01 13791                      /home/aida/.m2/repository/org/codehaus/plexus/plexus-interactivity-api/1.0-alpha-4/plexus-interactivity-api-1.0-alpha-4.jar
7fbe3c0b2000-7fbe3c0b4000 r--s 00006000 08:01 15764                      /home/aida/.m2/repository/commons-cli/commons-cli/1.0/commons-cli-1.0.jar
7fbe3c0b4000-7fbe3c0b5000 r--s 00001000 08:01 15756                      /home/aida/.m2/repository/org/apache/maven/doxia/doxia-sink-api/1.0-alpha-7/doxia-sink-api-1.0-alpha-7.jar
7fbe3c0b5000-7fbe3c0b6000 r--s 00002000 08:01 15755                      /home/aida/.m2/repository/org/apache/maven/reporting/maven-reporting-api/2.0.6/maven-reporting-api-2.0.6.jar
7fbe3c0b6000-7fbe3c0b8000 r--s 00006000 08:01 15730                      /home/aida/.m2/repository/org/apache/maven/plugins/maven-resources-plugin/2.6/maven-resources-plugin-2.6.jar
7fbe3c0b8000-7fbe3c0bc000 r--s 000a1000 08:01 1879878                    /usr/lib/jvm/java-8-oracle/jre/lib/jsse.jar
7fbe3c0bc000-7fbe3c0be000 r--s 0000c000 07:07 11846                      /snap/intellij-idea-ultimate/165/plugins/maven/lib/maven3/lib/wagon-provider-api-3.3.2.jar
7fbe3c0be000-7fbe3c0c1000 ---p 00000000 00:00 0 
7fbe3c0c1000-7fbe3c1bf000 rw-p 00000000 00:00 0 
7fbe3c1bf000-7fbe3c1c0000 ---p 00000000 00:00 0 
7fbe3c1c0000-7fbe3c1c3000 ---p 00000000 00:00 0 
7fbe3c1c3000-7fbe40000000 rw-p 00000000 00:00 0 
7fbe40000000-7fbe40021000 rw-p 00000000 00:00 0 
7fbe40021000-7fbe44000000 ---p 00000000 00:00 0 
7fbe44000000-7fbe44001000 r--s 00001000 07:07 11729                      /snap/intellij-idea-ultimate/165/plugins/maven/lib/maven-event-listener.jar
7fbe44001000-7fbe4402f000 r--s 001eb000 07:07 11845                      /snap/intellij-idea-ultimate/165/plugins/maven/lib/maven3/lib/wagon-http-3.3.2-shaded.jar
7fbe4402f000-7fbe44030000 r--s 00002000 07:07 11844                      /snap/intellij-idea-ultimate/165/plugins/maven/lib/maven3/lib/wagon-file-3.3.2.jar
7fbe44030000-7fbe44032000 r--s 00009000 07:07 11842                      /snap/intellij-idea-ultimate/165/plugins/maven/lib/maven3/lib/slf4j-api-1.7.25.jar
7fbe44032000-7fbe44036000 r--s 0003d000 07:07 11841                      /snap/intellij-idea-ultimate/165/plugins/maven/lib/maven3/lib/plexus-utils-3.2.0.jar
7fbe44036000-7fbe44037000 r--s 00006000 07:07 11840                      /snap/intellij-idea-ultimate/165/plugins/maven/lib/maven3/lib/plexus-sec-dispatcher-1.4.jar
7fbe44037000-7fbe4403a000 r--s 00012000 07:07 11839                      /snap/intellij-idea-ultimate/165/plugins/maven/lib/maven3/lib/plexus-interpolation-1.25.jar
7fbe4403a000-7fbe4403c000 r--s 00000000 07:07 11838                      /snap/intellij-idea-ultimate/165/plugins/maven/lib/maven3/lib/plexus-component-annotations-1.7.1.jar
7fbe4403c000-7fbe4403e000 r--s 00002000 07:07 11837                      /snap/intellij-idea-ultimate/165/plugins/maven/lib/maven3/lib/plexus-cipher-1.7.jar
7fbe4403e000-7fbe44044000 r--s 0002d000 07:07 11835                      /snap/intellij-idea-ultimate/165/plugins/maven/lib/maven3/lib/org.eclipse.sisu.plexus-0.3.3.jar
7fbe44044000-7fbe4404b000 r--s 00056000 07:07 11833                      /snap/intellij-idea-ultimate/165/plugins/maven/lib/maven3/lib/org.eclipse.sisu.inject-0.3.3.jar
7fbe4404b000-7fbe4404c000 r--s 00005000 07:07 11832                      /snap/intellij-idea-ultimate/165/plugins/maven/lib/maven3/lib/maven-slf4j-provider-3.6.1.jar
7fbe4404c000-7fbe4404f000 r--s 00026000 07:07 11831                      /snap/intellij-idea-ultimate/165/plugins/maven/lib/maven3/lib/maven-shared-utils-3.2.1.jar
7fbe4404f000-7fbe44051000 r--s 00009000 07:07 11830                      /snap/intellij-idea-ultimate/165/plugins/maven/lib/maven3/lib/maven-settings-builder-3.6.1.jar
7fbe44051000-7fbe44052000 r--s 0000a000 07:07 11829                      /snap/intellij-idea-ultimate/165/plugins/maven/lib/maven3/lib/maven-settings-3.6.1.jar
7fbe44052000-7fbe44056000 r--s 00023000 07:07 11828                      /snap/intellij-idea-ultimate/165/plugins/maven/lib/maven3/lib/maven-resolver-util-1.3.3.jar
7fbe44056000-7fbe44058000 r--s 00006000 07:07 11827                      /snap/intellij-idea-ultimate/165/plugins/maven/lib/maven3/lib/maven-resolver-transport-wagon-1.3.3.jar
7fbe44058000-7fbe4405a000 r--s 00007000 07:07 11826                      /snap/intellij-idea-ultimate/165/plugins/maven/lib/maven3/lib/maven-resolver-spi-1.3.3.jar
7fbe4405a000-7fbe4405c000 r--s 0000f000 07:07 11825                      /snap/intellij-idea-ultimate/165/plugins/maven/lib/maven3/lib/maven-resolver-provider-3.6.1.jar
7fbe4405c000-7fbe44060000 r--s 00029000 07:07 11824                      /snap/intellij-idea-ultimate/165/plugins/maven/lib/maven3/lib/maven-resolver-impl-1.3.3.jar
7fbe44060000-7fbe44062000 r--s 00009000 07:07 11823                      /snap/intellij-idea-ultimate/165/plugins/maven/lib/maven3/lib/maven-resolver-connector-basic-1.3.3.jar
7fbe44062000-7fbe44067000 r--s 00020000 07:07 11822                      /snap/intellij-idea-ultimate/165/plugins/maven/lib/maven3/lib/maven-resolver-api-1.3.3.jar
7fbe44067000-7fbe44068000 r--s 00006000 07:07 11821                      /snap/intellij-idea-ultimate/165/plugins/maven/lib/maven3/lib/maven-repository-metadata-3.6.1.jar
7fbe44068000-7fbe4406d000 r--s 00027000 07:07 11819                      /snap/intellij-idea-ultimate/165/plugins/maven/lib/maven3/lib/maven-model-builder-3.6.1.jar
7fbe4406d000-7fbe44070000 r--s 0002b000 07:07 11818                      /snap/intellij-idea-ultimate/165/plugins/maven/lib/maven3/lib/maven-model-3.6.1.jar
7fbe44070000-7fbe44073000 r--s 00016000 07:07 11817                      /snap/intellij-idea-ultimate/165/plugins/maven/lib/maven3/lib/maven-embedder-3.6.1.jar
7fbe44073000-7fbe44080000 r--s 0008e000 07:07 11816                      /snap/intellij-idea-ultimate/165/plugins/maven/lib/maven3/lib/maven-core-3.6.1.jar
7fbe44080000-7fbe44086000 r--s 00041000 07:07 11815                      /snap/intellij-idea-ultimate/165/plugins/maven/lib/maven3/lib/maven-compat-3.6.1.jar
7fbe44086000-7fbe44087000 ---p 00000000 00:00 0 
7fbe44087000-7fbe4408a000 ---p 00000000 00:00 0 
7fbe4408a000-7fbe44187000 rw-p 00000000 00:00 0 
7fbe44187000-7fbe44188000 ---p 00000000 00:00 0 
7fbe44188000-7fbe4418b000 ---p 00000000 00:00 0 
7fbe4418b000-7fbe44288000 rw-p 00000000 00:00 0 
7fbe44288000-7fbe4428b000 ---p 00000000 00:00 0 
7fbe4428b000-7fbe44389000 rw-p 00000000 00:00 0 
7fbe44389000-7fbe4438c000 ---p 00000000 00:00 0 
7fbe4438c000-7fbe4448a000 rw-p 00000000 00:00 0 
7fbe4448a000-7fbe449fa000 r--p 00000000 08:01 1573224                    /usr/lib/locale/locale-archive
7fbe449fa000-7fbe449fd000 ---p 00000000 00:00 0 
7fbe449fd000-7fbe44afb000 rw-p 00000000 00:00 0 
7fbe44afb000-7fbe44afe000 ---p 00000000 00:00 0 
7fbe44afe000-7fbe44bfc000 rw-p 00000000 00:00 0 
7fbe44bfc000-7fbe44bfd000 ---p 00000000 00:00 0 
7fbe44bfd000-7fbe45000000 rw-p 00000000 00:00 0 
7fbe45000000-7fbe46430000 rwxp 00000000 00:00 0 
7fbe46430000-7fbe54000000 ---p 00000000 00:00 0 
7fbe54000000-7fbe55689000 rw-p 00000000 00:00 0 
7fbe55689000-7fbe58000000 ---p 00000000 00:00 0 
7fbe58000000-7fbe58002000 r--s 0000a000 07:07 11820                      /snap/intellij-idea-ultimate/165/plugins/maven/lib/maven3/lib/maven-plugin-api-3.6.1.jar
7fbe58002000-7fbe58003000 r--s 00003000 07:07 11814                      /snap/intellij-idea-ultimate/165/plugins/maven/lib/maven3/lib/maven-builder-support-3.6.1.jar
7fbe58003000-7fbe58006000 r--s 0000c000 07:07 11813                      /snap/intellij-idea-ultimate/165/plugins/maven/lib/maven3/lib/maven-artifact-3.6.1.jar
7fbe58006000-7fbe58008000 r--s 00003000 07:07 11812                      /snap/intellij-idea-ultimate/165/plugins/maven/lib/maven3/lib/jsr305-3.0.2.jar
7fbe58008000-7fbe58009000 r--s 00001000 07:07 11810                      /snap/intellij-idea-ultimate/165/plugins/maven/lib/maven3/lib/jsr250-api-1.0.jar
7fbe58009000-7fbe5800b000 r--s 00003000 07:07 11808                      /snap/intellij-idea-ultimate/165/plugins/maven/lib/maven3/lib/jcl-over-slf4j-1.7.25.jar
7fbe5800b000-7fbe5800c000 r--s 00000000 07:07 11807                      /snap/intellij-idea-ultimate/165/plugins/maven/lib/maven3/lib/javax.inject-1.jar
7fbe5800c000-7fbe58010000 r--s 00042000 07:07 11790                      /snap/intellij-idea-ultimate/165/plugins/maven/lib/maven3/lib/jansi-1.17.1.jar
7fbe58010000-7fbe58012000 r--s 00001000 07:07 11789                      /snap/intellij-idea-ultimate/165/plugins/maven/lib/maven3/lib/j2objc-annotations-1.1.jar
7fbe58012000-7fbe5801d000 r--s 00075000 07:07 11788                      /snap/intellij-idea-ultimate/165/plugins/maven/lib/maven3/lib/guice-4.2.1-no_aop.jar
7fbe5801d000-7fbe5804d000 r--s 00249000 07:07 11787                      /snap/intellij-idea-ultimate/165/plugins/maven/lib/maven3/lib/guava-25.1-android.jar
7fbe5804d000-7fbe58ca8000 rw-p 00000000 00:00 0 
7fbe58ca8000-7fbe58e82000 r--s 03d6f000 08:01 1879873                    /usr/lib/jvm/java-8-oracle/jre/lib/rt.jar
7fbe58e82000-7fbe59b4e000 rw-p 00000000 00:00 0 
7fbe59b4e000-7fbe59b4f000 ---p 00000000 00:00 0 
7fbe59b4f000-7fbe59c4f000 rw-p 00000000 00:00 0 
7fbe59c4f000-7fbe59c50000 ---p 00000000 00:00 0 
7fbe59c50000-7fbe59d50000 rw-p 00000000 00:00 0 
7fbe59d50000-7fbe59d51000 ---p 00000000 00:00 0 
7fbe59d51000-7fbe59e51000 rw-p 00000000 00:00 0 
7fbe59e51000-7fbe59e52000 ---p 00000000 00:00 0 
7fbe59e52000-7fbe59f96000 rw-p 00000000 00:00 0 
7fbe59f96000-7fbe5a1e0000 ---p 00000000 00:00 0 
7fbe5a1e0000-7fbe5a224000 rw-p 00000000 00:00 0 
7fbe5a224000-7fbe5a46d000 ---p 00000000 00:00 0 
7fbe5a46d000-7fbe5a558000 rw-p 00000000 00:00 0 
7fbe5a558000-7fbe5a5b4000 ---p 00000000 00:00 0 
7fbe5a5b4000-7fbe5a606000 rw-p 00000000 00:00 0 
7fbe5a606000-7fbe5a975000 ---p 00000000 00:00 0 
7fbe5a975000-7fbe5a990000 r-xp 00000000 08:01 1880085                    /usr/lib/jvm/java-8-oracle/jre/lib/amd64/libzip.so
7fbe5a990000-7fbe5ab8f000 ---p 0001b000 08:01 1880085                    /usr/lib/jvm/java-8-oracle/jre/lib/amd64/libzip.so
7fbe5ab8f000-7fbe5ab90000 r--p 0001a000 08:01 1880085                    /usr/lib/jvm/java-8-oracle/jre/lib/amd64/libzip.so
7fbe5ab90000-7fbe5ab91000 rw-p 0001b000 08:01 1880085                    /usr/lib/jvm/java-8-oracle/jre/lib/amd64/libzip.so
7fbe5ab91000-7fbe5ab94000 r--p 00000000 08:01 1184444                    /lib/x86_64-linux-gnu/libnss_files-2.29.so
7fbe5ab94000-7fbe5ab9b000 r-xp 00003000 08:01 1184444                    /lib/x86_64-linux-gnu/libnss_files-2.29.so
7fbe5ab9b000-7fbe5ab9d000 r--p 0000a000 08:01 1184444                    /lib/x86_64-linux-gnu/libnss_files-2.29.so
7fbe5ab9d000-7fbe5ab9e000 r--p 0000b000 08:01 1184444                    /lib/x86_64-linux-gnu/libnss_files-2.29.so
7fbe5ab9e000-7fbe5ab9f000 rw-p 0000c000 08:01 1184444                    /lib/x86_64-linux-gnu/libnss_files-2.29.so
7fbe5ab9f000-7fbe5aba5000 rw-p 00000000 00:00 0 
7fbe5aba5000-7fbe5abaa000 r--p 00000000 08:01 1184421                    /lib/x86_64-linux-gnu/libnsl-2.29.so
7fbe5abaa000-7fbe5abb8000 r-xp 00005000 08:01 1184421                    /lib/x86_64-linux-gnu/libnsl-2.29.so
7fbe5abb8000-7fbe5abbc000 r--p 00013000 08:01 1184421                    /lib/x86_64-linux-gnu/libnsl-2.29.so
7fbe5abbc000-7fbe5abbd000 r--p 00016000 08:01 1184421                    /lib/x86_64-linux-gnu/libnsl-2.29.so
7fbe5abbd000-7fbe5abbe000 rw-p 00017000 08:01 1184421                    /lib/x86_64-linux-gnu/libnsl-2.29.so
7fbe5abbe000-7fbe5abc0000 rw-p 00000000 00:00 0 
7fbe5abc0000-7fbe5abc2000 r--s 00002000 07:07 11784                      /snap/intellij-idea-ultimate/165/plugins/maven/lib/maven3/lib/error_prone_annotations-2.1.3.jar
7fbe5abc2000-7fbe5abca000 r--s 00073000 07:07 11783                      /snap/intellij-idea-ultimate/165/plugins/maven/lib/maven3/lib/commons-lang3-3.8.1.jar
7fbe5abca000-7fbe5abce000 r--s 0002f000 07:07 11782                      /snap/intellij-idea-ultimate/165/plugins/maven/lib/maven3/lib/commons-io-2.5.jar
7fbe5abce000-7fbe5abd0000 r--s 0000c000 07:07 11781                      /snap/intellij-idea-ultimate/165/plugins/maven/lib/maven3/lib/commons-cli-1.4.jar
7fbe5abd0000-7fbe5abd2000 r--s 00006000 07:07 11779                      /snap/intellij-idea-ultimate/165/plugins/maven/lib/maven3/lib/checker-compat-qual-2.0.0.jar
7fbe5abd2000-7fbe5abd5000 r--s 00008000 07:07 11778                      /snap/intellij-idea-ultimate/165/plugins/maven/lib/maven3/lib/cdi-api-1.0.jar
7fbe5abd5000-7fbe5abd7000 r--s 00000000 07:07 11777                      /snap/intellij-idea-ultimate/165/plugins/maven/lib/maven3/lib/aopalliance-1.0.jar
7fbe5abd7000-7fbe5abd8000 r--s 00000000 07:07 11775                      /snap/intellij-idea-ultimate/165/plugins/maven/lib/maven3/lib/animal-sniffer-annotations-1.14.jar
7fbe5abd8000-7fbe5abe0000 rw-s 00000000 08:01 791828                     /tmp/hsperfdata_aida/13527
7fbe5abe0000-7fbe5abea000 r-xp 00000000 08:01 1880094                    /usr/lib/jvm/java-8-oracle/jre/lib/amd64/libinstrument.so
7fbe5abea000-7fbe5ade9000 ---p 0000a000 08:01 1880094                    /usr/lib/jvm/java-8-oracle/jre/lib/amd64/libinstrument.so
7fbe5ade9000-7fbe5adea000 r--p 00009000 08:01 1880094                    /usr/lib/jvm/java-8-oracle/jre/lib/amd64/libinstrument.so
7fbe5adea000-7fbe5adeb000 rw-p 0000a000 08:01 1880094                    /usr/lib/jvm/java-8-oracle/jre/lib/amd64/libinstrument.so
7fbe5adeb000-7fbe5ae17000 r-xp 00000000 08:01 1880079                    /usr/lib/jvm/java-8-oracle/jre/lib/amd64/libjava.so
7fbe5ae17000-7fbe5b017000 ---p 0002c000 08:01 1880079                    /usr/lib/jvm/java-8-oracle/jre/lib/amd64/libjava.so
7fbe5b017000-7fbe5b018000 r--p 0002c000 08:01 1880079                    /usr/lib/jvm/java-8-oracle/jre/lib/amd64/libjava.so
7fbe5b018000-7fbe5b01a000 rw-p 0002d000 08:01 1880079                    /usr/lib/jvm/java-8-oracle/jre/lib/amd64/libjava.so
7fbe5b01a000-7fbe5b027000 r-xp 00000000 08:01 1880084                    /usr/lib/jvm/java-8-oracle/jre/lib/amd64/libverify.so
7fbe5b027000-7fbe5b226000 ---p 0000d000 08:01 1880084                    /usr/lib/jvm/java-8-oracle/jre/lib/amd64/libverify.so
7fbe5b226000-7fbe5b228000 r--p 0000c000 08:01 1880084                    /usr/lib/jvm/java-8-oracle/jre/lib/amd64/libverify.so
7fbe5b228000-7fbe5b229000 rw-p 0000e000 08:01 1880084                    /usr/lib/jvm/java-8-oracle/jre/lib/amd64/libverify.so
7fbe5b229000-7fbe5b22c000 r--p 00000000 08:01 1191346                    /lib/x86_64-linux-gnu/librt-2.29.so
7fbe5b22c000-7fbe5b230000 r-xp 00003000 08:01 1191346                    /lib/x86_64-linux-gnu/librt-2.29.so
7fbe5b230000-7fbe5b232000 r--p 00007000 08:01 1191346                    /lib/x86_64-linux-gnu/librt-2.29.so
7fbe5b232000-7fbe5b233000 r--p 00008000 08:01 1191346                    /lib/x86_64-linux-gnu/librt-2.29.so
7fbe5b233000-7fbe5b234000 rw-p 00009000 08:01 1191346                    /lib/x86_64-linux-gnu/librt-2.29.so
7fbe5b234000-7fbe5b235000 ---p 00000000 00:00 0 
7fbe5b235000-7fbe5b238000 ---p 00000000 00:00 0 
7fbe5b238000-7fbe5b335000 rw-p 00000000 00:00 0 
7fbe5b335000-7fbe5b344000 r--p 00000000 08:01 1184369                    /lib/x86_64-linux-gnu/libm-2.29.so
7fbe5b344000-7fbe5b3ea000 r-xp 0000f000 08:01 1184369                    /lib/x86_64-linux-gnu/libm-2.29.so
7fbe5b3ea000-7fbe5b481000 r--p 000b5000 08:01 1184369                    /lib/x86_64-linux-gnu/libm-2.29.so
7fbe5b481000-7fbe5b482000 r--p 0014b000 08:01 1184369                    /lib/x86_64-linux-gnu/libm-2.29.so
7fbe5b482000-7fbe5b483000 rw-p 0014c000 08:01 1184369                    /lib/x86_64-linux-gnu/libm-2.29.so
7fbe5b483000-7fbe5c16b000 r-xp 00000000 08:01 1880105                    /usr/lib/jvm/java-8-oracle/jre/lib/amd64/server/libjvm.so
7fbe5c16b000-7fbe5c36a000 ---p 00ce8000 08:01 1880105                    /usr/lib/jvm/java-8-oracle/jre/lib/amd64/server/libjvm.so
7fbe5c36a000-7fbe5c400000 r--p 00ce7000 08:01 1880105                    /usr/lib/jvm/java-8-oracle/jre/lib/amd64/server/libjvm.so
7fbe5c400000-7fbe5c431000 rw-p 00d7d000 08:01 1880105                    /usr/lib/jvm/java-8-oracle/jre/lib/amd64/server/libjvm.so
7fbe5c431000-7fbe5c46e000 rw-p 00000000 00:00 0 
7fbe5c46e000-7fbe5c493000 r--p 00000000 08:01 1184355                    /lib/x86_64-linux-gnu/libc-2.29.so
7fbe5c493000-7fbe5c606000 r-xp 00025000 08:01 1184355                    /lib/x86_64-linux-gnu/libc-2.29.so
7fbe5c606000-7fbe5c64f000 r--p 00198000 08:01 1184355                    /lib/x86_64-linux-gnu/libc-2.29.so
7fbe5c64f000-7fbe5c652000 r--p 001e0000 08:01 1184355                    /lib/x86_64-linux-gnu/libc-2.29.so
7fbe5c652000-7fbe5c655000 rw-p 001e3000 08:01 1184355                    /lib/x86_64-linux-gnu/libc-2.29.so
7fbe5c655000-7fbe5c659000 rw-p 00000000 00:00 0 
7fbe5c659000-7fbe5c65a000 r--p 00000000 08:01 1184360                    /lib/x86_64-linux-gnu/libdl-2.29.so
7fbe5c65a000-7fbe5c65c000 r-xp 00001000 08:01 1184360                    /lib/x86_64-linux-gnu/libdl-2.29.so
7fbe5c65c000-7fbe5c65d000 r--p 00003000 08:01 1184360                    /lib/x86_64-linux-gnu/libdl-2.29.so
7fbe5c65d000-7fbe5c65e000 r--p 00003000 08:01 1184360                    /lib/x86_64-linux-gnu/libdl-2.29.so
7fbe5c65e000-7fbe5c65f000 rw-p 00004000 08:01 1184360                    /lib/x86_64-linux-gnu/libdl-2.29.so
7fbe5c65f000-7fbe5c676000 r-xp 00000000 08:01 1879827                    /usr/lib/jvm/java-8-oracle/lib/amd64/jli/libjli.so
7fbe5c676000-7fbe5c875000 ---p 00017000 08:01 1879827                    /usr/lib/jvm/java-8-oracle/lib/amd64/jli/libjli.so
7fbe5c875000-7fbe5c876000 r--p 00016000 08:01 1879827                    /usr/lib/jvm/java-8-oracle/lib/amd64/jli/libjli.so
7fbe5c876000-7fbe5c877000 rw-p 00017000 08:01 1879827                    /usr/lib/jvm/java-8-oracle/lib/amd64/jli/libjli.so
7fbe5c877000-7fbe5c87e000 r--p 00000000 08:01 1191343                    /lib/x86_64-linux-gnu/libpthread-2.29.so
7fbe5c87e000-7fbe5c88d000 r-xp 00007000 08:01 1191343                    /lib/x86_64-linux-gnu/libpthread-2.29.so
7fbe5c88d000-7fbe5c892000 r--p 00016000 08:01 1191343                    /lib/x86_64-linux-gnu/libpthread-2.29.so
7fbe5c892000-7fbe5c893000 r--p 0001a000 08:01 1191343                    /lib/x86_64-linux-gnu/libpthread-2.29.so
7fbe5c893000-7fbe5c894000 rw-p 0001b000 08:01 1191343                    /lib/x86_64-linux-gnu/libpthread-2.29.so
7fbe5c894000-7fbe5c89a000 rw-p 00000000 00:00 0 
7fbe5c89a000-7fbe5c89c000 r--s 0001b000 07:07 595                        /snap/intellij-idea-ultimate/165/lib/idea_rt.jar
7fbe5c89c000-7fbe5c89e000 r--s 0000b000 07:07 11768                      /snap/intellij-idea-ultimate/165/plugins/maven/lib/maven3/boot/plexus-classworlds-2.6.0.jar
7fbe5c89e000-7fbe5c8a1000 r--p 00000000 08:01 1190386                    /lib/x86_64-linux-gnu/libnss_nis-2.29.so
7fbe5c8a1000-7fbe5c8a9000 r-xp 00003000 08:01 1190386                    /lib/x86_64-linux-gnu/libnss_nis-2.29.so
7fbe5c8a9000-7fbe5c8ab000 r--p 0000b000 08:01 1190386                    /lib/x86_64-linux-gnu/libnss_nis-2.29.so
7fbe5c8ab000-7fbe5c8ac000 r--p 0000c000 08:01 1190386                    /lib/x86_64-linux-gnu/libnss_nis-2.29.so
7fbe5c8ac000-7fbe5c8ad000 rw-p 0000d000 08:01 1190386                    /lib/x86_64-linux-gnu/libnss_nis-2.29.so
7fbe5c8ad000-7fbe5c8af000 r--p 00000000 08:01 1184422                    /lib/x86_64-linux-gnu/libnss_compat-2.29.so
7fbe5c8af000-7fbe5c8b5000 r-xp 00002000 08:01 1184422                    /lib/x86_64-linux-gnu/libnss_compat-2.29.so
7fbe5c8b5000-7fbe5c8b6000 r--p 00008000 08:01 1184422                    /lib/x86_64-linux-gnu/libnss_compat-2.29.so
7fbe5c8b6000-7fbe5c8b7000 r--p 00008000 08:01 1184422                    /lib/x86_64-linux-gnu/libnss_compat-2.29.so
7fbe5c8b7000-7fbe5c8b8000 rw-p 00009000 08:01 1184422                    /lib/x86_64-linux-gnu/libnss_compat-2.29.so
7fbe5c8b8000-7fbe5c8b9000 rw-p 00000000 00:00 0 
7fbe5c8b9000-7fbe5c8ba000 ---p 00000000 00:00 0 
7fbe5c8ba000-7fbe5c8bb000 r--p 00000000 08:01 1184331                    /lib/x86_64-linux-gnu/ld-2.29.so
7fbe5c8bb000-7fbe5c8dc000 r-xp 00001000 08:01 1184331                    /lib/x86_64-linux-gnu/ld-2.29.so
7fbe5c8dc000-7fbe5c8e4000 r--p 00022000 08:01 1184331                    /lib/x86_64-linux-gnu/ld-2.29.so
7fbe5c8e4000-7fbe5c8e5000 r--p 00029000 08:01 1184331                    /lib/x86_64-linux-gnu/ld-2.29.so
7fbe5c8e5000-7fbe5c8e6000 rw-p 0002a000 08:01 1184331                    /lib/x86_64-linux-gnu/ld-2.29.so
7fbe5c8e6000-7fbe5c8e7000 rw-p 00000000 00:00 0 
7fffcc290000-7fffcc2b2000 rw-p 00000000 00:00 0                          [stack]
7fffcc2d9000-7fffcc2dc000 r--p 00000000 00:00 0                          [vvar]
7fffcc2dc000-7fffcc2dd000 r-xp 00000000 00:00 0                          [vdso]
ffffffffff600000-ffffffffff601000 r-xp 00000000 00:00 0                  [vsyscall]

VM Arguments:
jvm_args: -Dmaven.multiModuleProjectDirectory=/home/aida/addis-core -Dmaven.home=/snap/intellij-idea-ultimate/165/plugins/maven/lib/maven3 -Dclassworlds.conf=/snap/intellij-idea-ultimate/165/plugins/maven/lib/maven3/bin/m2.conf -Dmaven.ext.class.path=/snap/intellij-idea-ultimate/165/plugins/maven/lib/maven-event-listener.jar -javaagent:/snap/intellij-idea-ultimate/165/lib/idea_rt.jar=38029:/snap/intellij-idea-ultimate/165/bin -Dfile.encoding=UTF-8 
java_command: org.codehaus.classworlds.Launcher -Didea.version2019.2.1 tomcat7:run
java_class_path (initial): /snap/intellij-idea-ultimate/165/plugins/maven/lib/maven3/boot/plexus-classworlds-2.6.0.jar:/snap/intellij-idea-ultimate/165/lib/idea_rt.jar
Launcher Type: SUN_STANDARD

Environment Variables:
JAVA_HOME=/usr/lib/jvm/java-8-oracle
PATH=/home/aida/bin:/home/aida/.local/bin:/usr/local/sbin:/usr/local/bin:/usr/sbin:/usr/bin:/sbin:/bin:/usr/games:/usr/local/games:/snap/bin:/usr/lib/jvm/java-8-oracle/bin:/usr/lib/jvm/java-8-oracle/db/bin:/usr/lib/jvm/java-8-oracle/jre/bin
USERNAME=aida
SHELL=/bin/bash
DISPLAY=:0

Signal Handlers:
SIGSEGV: [libjvm.so+0xad3e60], sa_mask[0]=11111111011111111101111111111110, sa_flags=SA_RESTART|SA_SIGINFO
SIGBUS: [libjvm.so+0xad3e60], sa_mask[0]=11111111011111111101111111111110, sa_flags=SA_RESTART|SA_SIGINFO
SIGFPE: [libjvm.so+0x90b880], sa_mask[0]=11111111011111111101111111111110, sa_flags=SA_RESTART|SA_SIGINFO
SIGPIPE: [libjvm.so+0x90b880], sa_mask[0]=11111111011111111101111111111110, sa_flags=SA_RESTART|SA_SIGINFO
SIGXFSZ: [libjvm.so+0x90b880], sa_mask[0]=11111111011111111101111111111110, sa_flags=SA_RESTART|SA_SIGINFO
SIGILL: [libjvm.so+0x90b880], sa_mask[0]=11111111011111111101111111111110, sa_flags=SA_RESTART|SA_SIGINFO
SIGUSR1: SIG_DFL, sa_mask[0]=00000000000000000000000000000000, sa_flags=none
SIGUSR2: [libjvm.so+0x90b750], sa_mask[0]=00100000000000000000000000000000, sa_flags=SA_RESTART|SA_SIGINFO
SIGHUP: [libjvm.so+0x90bd70], sa_mask[0]=11111111011111111101111111111110, sa_flags=SA_RESTART|SA_SIGINFO
SIGINT: [libjvm.so+0x90bd70], sa_mask[0]=11111111011111111101111111111110, sa_flags=SA_RESTART|SA_SIGINFO
SIGTERM: [libjvm.so+0x90bd70], sa_mask[0]=11111111011111111101111111111110, sa_flags=SA_RESTART|SA_SIGINFO
SIGQUIT: [libjvm.so+0x90bd70], sa_mask[0]=11111111011111111101111111111110, sa_flags=SA_RESTART|SA_SIGINFO


---------------  S Y S T E M  ---------------

OS:DISTRIB_ID=Ubuntu
DISTRIB_RELEASE=19.04
DISTRIB_CODENAME=disco
DISTRIB_DESCRIPTION="Ubuntu 19.04"

uname:Linux 5.0.0-25-generic #26-Ubuntu SMP Thu Aug 1 12:04:58 UTC 2019 x86_64
libc:glibc 2.29 NPTL 2.29 
rlimit: STACK 8192k, CORE 0k, NPROC 31163, NOFILE 1048576, AS infinity
load average:2,21 0,96 1,08

/proc/meminfo:
MemTotal:        8026600 kB
MemFree:          123884 kB
MemAvailable:      41116 kB
Buffers:             792 kB
Cached:           587296 kB
SwapCached:            0 kB
Active:          6938672 kB
Inactive:         186272 kB
Active(anon):    6932640 kB
Inactive(anon):   175496 kB
Active(file):       6032 kB
Inactive(file):    10776 kB
Unevictable:      381628 kB
Mlocked:              52 kB
SwapTotal:             0 kB
SwapFree:              0 kB
Dirty:                 0 kB
Writeback:             0 kB
AnonPages:       6918892 kB
Mapped:           286244 kB
Shmem:            570872 kB
KReclaimable:      91292 kB
Slab:             236408 kB
SReclaimable:      91292 kB
SUnreclaim:       145116 kB
KernelStack:       19488 kB
PageTables:        53324 kB
NFS_Unstable:          0 kB
Bounce:                0 kB
WritebackTmp:          0 kB
CommitLimit:     4013300 kB
Committed_AS:   14095848 kB
VmallocTotal:   34359738367 kB
VmallocUsed:           0 kB
VmallocChunk:          0 kB
Percpu:             5600 kB
HardwareCorrupted:     0 kB
AnonHugePages:         0 kB
ShmemHugePages:        0 kB
ShmemPmdMapped:        0 kB
CmaTotal:              0 kB
CmaFree:               0 kB
HugePages_Total:       0
HugePages_Free:        0
HugePages_Rsvd:        0
HugePages_Surp:        0
Hugepagesize:       2048 kB
Hugetlb:               0 kB
DirectMap4k:      289740 kB
DirectMap2M:     7960576 kB

container (cgroup) information:
container_type: cgroupv1
cpu_cpuset_cpus: 0-3
cpu_memory_nodes: 0
active_processor_count: 4
cpu_quota: -1
cpu_period: 100000
cpu_shares: -1
memory_limit_in_bytes: -1
memory_and_swap_limit_in_bytes: -2
memory_soft_limit_in_bytes: -1
memory_usage_in_bytes: 5032562688
memory_max_usage_in_bytes: 5061447680


CPU:total 4 (initial active 4) (2 cores per cpu, 2 threads per core) family 6 model 58 stepping 9, cmov, cx8, fxsr, mmx, sse, sse2, sse3, ssse3, sse4.1, sse4.2, popcnt, avx, aes, clmul, erms, ht, tsc, tscinvbit, tscinv

/proc/cpuinfo:
processor	: 0
vendor_id	: GenuineIntel
cpu family	: 6
model		: 58
model name	: Intel(R) Core(TM) i5-3230M CPU @ 2.60GHz
stepping	: 9
microcode	: 0x21
cpu MHz		: 1924.517
cache size	: 3072 KB
physical id	: 0
siblings	: 4
core id		: 0
cpu cores	: 2
apicid		: 0
initial apicid	: 0
fpu		: yes
fpu_exception	: yes
cpuid level	: 13
wp		: yes
flags		: fpu vme de pse tsc msr pae mce cx8 apic sep mtrr pge mca cmov pat pse36 clflush dts acpi mmx fxsr sse sse2 ss ht tm pbe syscall nx rdtscp lm constant_tsc arch_perfmon pebs bts rep_good nopl xtopology nonstop_tsc cpuid aperfmperf pni pclmulqdq dtes64 monitor ds_cpl vmx est tm2 ssse3 cx16 xtpr pdcm pcid sse4_1 sse4_2 x2apic popcnt tsc_deadline_timer aes xsave avx f16c rdrand lahf_lm cpuid_fault epb pti ssbd ibrs ibpb stibp tpr_shadow vnmi flexpriority ept vpid fsgsbase smep erms xsaveopt dtherm ida arat pln pts md_clear flush_l1d
bugs		: cpu_meltdown spectre_v1 spectre_v2 spec_store_bypass l1tf mds swapgs
bogomips	: 5188.29
clflush size	: 64
cache_alignment	: 64
address sizes	: 36 bits physical, 48 bits virtual
power management:

processor	: 1
vendor_id	: GenuineIntel
cpu family	: 6
model		: 58
model name	: Intel(R) Core(TM) i5-3230M CPU @ 2.60GHz
stepping	: 9
microcode	: 0x21
cpu MHz		: 1898.223
cache size	: 3072 KB
physical id	: 0
siblings	: 4
core id		: 0
cpu cores	: 2
apicid		: 1
initial apicid	: 1
fpu		: yes
fpu_exception	: yes
cpuid level	: 13
wp		: yes
flags		: fpu vme de pse tsc msr pae mce cx8 apic sep mtrr pge mca cmov pat pse36 clflush dts acpi mmx fxsr sse sse2 ss ht tm pbe syscall nx rdtscp lm constant_tsc arch_perfmon pebs bts rep_good nopl xtopology nonstop_tsc cpuid aperfmperf pni pclmulqdq dtes64 monitor ds_cpl vmx est tm2 ssse3 cx16 xtpr pdcm pcid sse4_1 sse4_2 x2apic popcnt tsc_deadline_timer aes xsave avx f16c rdrand lahf_lm cpuid_fault epb pti ssbd ibrs ibpb stibp tpr_shadow vnmi flexpriority ept vpid fsgsbase smep erms xsaveopt dtherm ida arat pln pts md_clear flush_l1d
bugs		: cpu_meltdown spectre_v1 spectre_v2 spec_store_bypass l1tf mds swapgs
bogomips	: 5188.29
clflush size	: 64
cache_alignment	: 64
address sizes	: 36 bits physical, 48 bits virtual
power management:

processor	: 2
vendor_id	: GenuineIntel
cpu family	: 6
model		: 58
model name	: Intel(R) Core(TM) i5-3230M CPU @ 2.60GHz
stepping	: 9
microcode	: 0x21
cpu MHz		: 2104.237
cache size	: 3072 KB
physical id	: 0
siblings	: 4
core id		: 1
cpu cores	: 2
apicid		: 2
initial apicid	: 2
fpu		: yes
fpu_exception	: yes
cpuid level	: 13
wp		: yes
flags		: fpu vme de pse tsc msr pae mce cx8 apic sep mtrr pge mca cmov pat pse36 clflush dts acpi mmx fxsr sse sse2 ss ht tm pbe syscall nx rdtscp lm constant_tsc arch_perfmon pebs bts rep_good nopl xtopology nonstop_tsc cpuid aperfmperf pni pclmulqdq dtes64 monitor ds_cpl vmx est tm2 ssse3 cx16 xtpr pdcm pcid sse4_1 sse4_2 x2apic popcnt tsc_deadline_timer aes xsave avx f16c rdrand lahf_lm cpuid_fault epb pti ssbd ibrs ibpb stibp tpr_shadow vnmi flexpriority ept vpid fsgsbase smep erms xsaveopt dtherm ida arat pln pts md_clear flush_l1d
bugs		: cpu_meltdown spectre_v1 spectre_v2 spec_store_bypass l1tf mds swapgs
bogomips	: 5188.29
clflush size	: 64
cache_alignment	: 64
address sizes	: 36 bits physical, 48 bits virtual
power management:

processor	: 3
vendor_id	: GenuineIntel
cpu family	: 6
model		: 58
model name	: Intel(R) Core(TM) i5-3230M CPU @ 2.60GHz
stepping	: 9
microcode	: 0x21
cpu MHz		: 2231.326
cache size	: 3072 KB
physical id	: 0
siblings	: 4
core id		: 1
cpu cores	: 2
apicid		: 3
initial apicid	: 3
fpu		: yes
fpu_exception	: yes
cpuid level	: 13
wp		: yes
flags		: fpu vme de pse tsc msr pae mce cx8 apic sep mtrr pge mca cmov pat pse36 clflush dts acpi mmx fxsr sse sse2 ss ht tm pbe syscall nx rdtscp lm constant_tsc arch_perfmon pebs bts rep_good nopl xtopology nonstop_tsc cpuid aperfmperf pni pclmulqdq dtes64 monitor ds_cpl vmx est tm2 ssse3 cx16 xtpr pdcm pcid sse4_1 sse4_2 x2apic popcnt tsc_deadline_timer aes xsave avx f16c rdrand lahf_lm cpuid_fault epb pti ssbd ibrs ibpb stibp tpr_shadow vnmi flexpriority ept vpid fsgsbase smep erms xsaveopt dtherm ida arat pln pts md_clear flush_l1d
bugs		: cpu_meltdown spectre_v1 spectre_v2 spec_store_bypass l1tf mds swapgs
bogomips	: 5188.29
clflush size	: 64
cache_alignment	: 64
address sizes	: 36 bits physical, 48 bits virtual
power management:



Memory: 4k page, physical 8026600k(119340k free), swap 0k(0k free)

vm_info: Java HotSpot(TM) 64-Bit Server VM (25.201-b09) for linux-amd64 JRE (1.8.0_201-b09), built on Dec 15 2018 11:35:59 by "java_re" with gcc 7.3.0

time: Mon Sep  2 10:22:57 2019
timezone: CEST
elapsed time: 22 seconds (0d 0h 0m 22s)

