#
# There is insufficient memory for the Java Runtime Environment to continue.
# Native memory allocation (mmap) failed to map 137363456 bytes for committing reserved memory.
# Possible reasons:
#   The system is out of physical RAM or swap space
#   The process is running with CompressedOops enabled, and the Java Heap may be blocking the growth of the native heap
# Possible solutions:
#   Reduce memory load on the system
#   Increase physical memory or swap space
#   Check if swap backing store is full
#   Decrease Java heap size (-Xmx/-Xms)
#   Decrease number of Java threads
#   Decrease Java thread stack sizes (-Xss)
#   Set larger code cache with -XX:ReservedCodeCacheSize=
#   JVM is running with Unscaled Compressed Oops mode in which the Java heap is
#     placed in the first 4GB address space. The Java Heap base address is the
#     maximum limit for the native heap growth. Please use -XX:HeapBaseMinAddress
#     to set the Java Heap base and to place the Java Heap above 4GB virtual address.
# This output file may be truncated or incomplete.
#
#  Out of Memory Error (os_linux.cpp:2749), pid=13430, tid=0x00007fcc5a443700
#
# JRE version: Java(TM) SE Runtime Environment (8.0_201-b09) (build 1.8.0_201-b09)
# Java VM: Java HotSpot(TM) 64-Bit Server VM (25.201-b09 mixed mode linux-amd64 compressed oops)
# Failed to write core dump. Core dumps have been disabled. To enable core dumping, try "ulimit -c unlimited" before starting Java again
#

---------------  T H R E A D  ---------------

Current thread (0x00007fcc7c142000):  VMThread [stack: 0x00007fcc5a344000,0x00007fcc5a444000] [id=13436]

Stack: [0x00007fcc5a344000,0x00007fcc5a444000],  sp=0x00007fcc5a4423f0,  free space=1016k
Native frames: (J=compiled Java code, j=interpreted, Vv=VM code, C=native code)
V  [libjvm.so+0xad3525]  VMError::report_and_die()+0x2e5
V  [libjvm.so+0x4e0457]  report_vm_out_of_memory(char const*, int, unsigned long, VMErrorType, char const*)+0x67
V  [libjvm.so+0x9102f0]  os::pd_commit_memory(char*, unsigned long, unsigned long, bool)+0x100
V  [libjvm.so+0x90791f]  os::commit_memory(char*, unsigned long, unsigned long, bool)+0x1f
V  [libjvm.so+0x98c806]  PSVirtualSpace::expand_by(unsigned long)+0x56
V  [libjvm.so+0x98da98]  PSYoungGen::resize(unsigned long, unsigned long)+0xd8
V  [libjvm.so+0x98a236]  PSScavenge::invoke_no_policy()+0x1376
V  [libjvm.so+0x98a5cc]  PSScavenge::invoke()+0x4c
V  [libjvm.so+0x93a318]  ParallelScavengeHeap::failed_mem_allocate(unsigned long)+0x68
V  [libjvm.so+0xad5073]  VM_ParallelGCFailedAllocation::doit()+0x93
V  [libjvm.so+0xada296]  VM_Operation::evaluate()+0x46
V  [libjvm.so+0xad85cd]  VMThread::evaluate_operation(VM_Operation*) [clone .constprop.44]+0xcd
V  [libjvm.so+0xad8bb3]  VMThread::loop()+0x3a3
V  [libjvm.so+0xad8f88]  VMThread::run()+0x78
V  [libjvm.so+0x90d922]  java_start(Thread*)+0x102

VM_Operation (0x00007fcc2776c5a0): ParallelGCFailedAllocation, mode: safepoint, requested by thread 0x00007fcc1c001800


---------------  P R O C E S S  ---------------

Java Threads: ( => current thread )
  0x00007fcc1b57f800 JavaThread "Thread-3" daemon [_thread_in_native, id=13470, stack(0x00007fcc2756e000,0x00007fcc2766f000)]
  0x00007fcc1c001800 JavaThread "localhost-startStop-1" daemon [_thread_blocked, id=13458, stack(0x00007fcc2766f000,0x00007fcc27770000)]
  0x00007fcc7db8f800 JavaThread "Tomcat-startStop-1" daemon [_thread_blocked, id=13457, stack(0x00007fcc2c02f000,0x00007fcc2c130000)]
  0x00007fcc40001000 JavaThread "Attach Listener" daemon [_thread_blocked, id=13446, stack(0x00007fcc58cc1000,0x00007fcc58dc2000)]
  0x00007fcc7c1db000 JavaThread "Service Thread" daemon [_thread_blocked, id=13444, stack(0x00007fcc595cb000,0x00007fcc596cc000)]
  0x00007fcc7c1b5800 JavaThread "C1 CompilerThread2" daemon [_thread_blocked, id=13443, stack(0x00007fcc596cd000,0x00007fcc597cd000)]
  0x00007fcc7c1b3800 JavaThread "C2 CompilerThread1" daemon [_thread_blocked, id=13442, stack(0x00007fcc597ce000,0x00007fcc598ce000)]
  0x00007fcc7c1ad800 JavaThread "C2 CompilerThread0" daemon [_thread_blocked, id=13441, stack(0x00007fcc598cf000,0x00007fcc599cf000)]
  0x00007fcc7c1ac000 JavaThread "Monitor Ctrl-Break" daemon [_thread_in_native, id=13440, stack(0x00007fcc599cf000,0x00007fcc59ad0000)]
  0x00007fcc7c182800 JavaThread "Signal Dispatcher" daemon [_thread_blocked, id=13439, stack(0x00007fcc59ad0000,0x00007fcc59bd1000)]
  0x00007fcc7c14e000 JavaThread "Finalizer" daemon [_thread_blocked, id=13438, stack(0x00007fcc5a141000,0x00007fcc5a242000)]
  0x00007fcc7c14b800 JavaThread "Reference Handler" daemon [_thread_blocked, id=13437, stack(0x00007fcc5a242000,0x00007fcc5a343000)]
  0x00007fcc7c00c800 JavaThread "main" [_thread_blocked, id=13431, stack(0x00007fcc80691000,0x00007fcc80791000)]

Other Threads:
=>0x00007fcc7c142000 VMThread [stack: 0x00007fcc5a344000,0x00007fcc5a444000] [id=13436]
  0x00007fcc7c1dd800 WatcherThread [stack: 0x00007fcc592b3000,0x00007fcc593b3000] [id=13445]

VM state:at safepoint (normal execution)

VM Mutex/Monitor currently owned by a thread:  ([mutex/lock_event])
[0x00007fcc7c005530] Threads_lock - owner thread: 0x00007fcc7c142000
[0x00007fcc7c009740] Heap_lock - owner thread: 0x00007fcc1c001800

heap address: 0x0000000085800000, size: 1960 MB, Compressed Oops mode: 32-bit
Narrow klass base: 0x0000000000000000, Narrow klass shift: 3
Compressed class space size: 1073741824 Address: 0x0000000100000000

Heap:
 PSYoungGen      total 421888K, used 32792K [0x00000000d7300000, 0x00000000f4a00000, 0x0000000100000000)
  eden space 372736K, 0% used [0x00000000d7300000,0x00000000d7300000,0x00000000edf00000)
  from space 49152K, 66% used [0x00000000edf00000,0x00000000eff06368,0x00000000f0f00000)
  to   space 42496K, 0% used [0x00000000f0f00000,0x00000000f0f00000,0x00000000f3880000)
 ParOldGen       total 139776K, used 78465K [0x0000000085800000, 0x000000008e080000, 0x00000000d7300000)
  object space 139776K, 56% used [0x0000000085800000,0x000000008a4a0658,0x000000008e080000)
 Metaspace       used 49524K, capacity 50558K, committed 50816K, reserved 1093632K
  class space    used 6136K, capacity 6474K, committed 6528K, reserved 1048576K

Card table byte_map: [0x00007fcc6c63b000,0x00007fcc6ca10000] byte_map_base: 0x00007fcc6c20f000

Marking Bits: (ParMarkBitMap*) 0x00007fcc818aad80
 Begin Bits: [0x00007fcc68269000, 0x00007fcc6a109000)
 End Bits:   [0x00007fcc6a109000, 0x00007fcc6bfa9000)

Polling page: 0x00007fcc81d15000

CodeCache: size=245760Kb used=19297Kb max_used=19310Kb free=226462Kb
 bounds [0x00007fcc6cdd0000, 0x00007fcc6e0c0000, 0x00007fcc7bdd0000]
 total_blobs=6275 nmethods=5788 adapters=400
 compilation: enabled

Compilation events (10 events):
Event: 18,791 Thread 0x00007fcc7c1b5800 6715       3       org.postgresql.jdbc.PgResultSet::getFixedString (10 bytes)
Event: 18,792 Thread 0x00007fcc7c1b5800 nmethod 6715 0x00007fcc6e0b9f50 code [0x00007fcc6e0ba0c0, 0x00007fcc6e0ba298]
Event: 18,792 Thread 0x00007fcc7c1b5800 6716       3       org.postgresql.jdbc.PgResultSet::trimMoney (125 bytes)
Event: 18,792 Thread 0x00007fcc7c1b3800 nmethod 6722 0x00007fcc6d668110 code [0x00007fcc6d668260, 0x00007fcc6d668318]
Event: 18,792 Thread 0x00007fcc7c1b3800 6723       4       java.util.logging.Logger::log (44 bytes)
Event: 18,795 Thread 0x00007fcc7c1b3800 nmethod 6723 0x00007fcc6e0ba350 code [0x00007fcc6e0ba4a0, 0x00007fcc6e0ba558]
Event: 18,795 Thread 0x00007fcc7c1b3800 6728  s!   4       org.postgresql.core.UTF8Encoding::decode (554 bytes)
Event: 18,796 Thread 0x00007fcc7c1ad800 nmethod 6721 0x00007fcc6e0be390 code [0x00007fcc6e0be4e0, 0x00007fcc6e0be638]
Event: 18,796 Thread 0x00007fcc7c1b5800 nmethod 6716 0x00007fcc6e0bc190 code [0x00007fcc6e0bc480, 0x00007fcc6e0bdad8]
Event: 18,796 Thread 0x00007fcc7c1b5800 6729       3       java.lang.Integer::parseInt (261 bytes)

GC Heap History (10 events):
Event: 10,530 GC heap after
Heap after GC invocations=10 (full 1):
 PSYoungGen      total 261120K, used 11258K [0x00000000d7300000, 0x00000000eb400000, 0x0000000100000000)
  eden space 249856K, 0% used [0x00000000d7300000,0x00000000d7300000,0x00000000e6700000)
  from space 11264K, 99% used [0x00000000e6700000,0x00000000e71fea58,0x00000000e7200000)
  to   space 21504K, 0% used [0x00000000e9f00000,0x00000000e9f00000,0x00000000eb400000)
 ParOldGen       total 63488K, used 37792K [0x0000000085800000, 0x0000000089600000, 0x00000000d7300000)
  object space 63488K, 59% used [0x0000000085800000,0x0000000087ce80b8,0x0000000089600000)
 Metaspace       used 34041K, capacity 34806K, committed 35072K, reserved 1079296K
  class space    used 4006K, capacity 4283K, committed 4352K, reserved 1048576K
}
Event: 11,511 GC heap before
{Heap before GC invocations=11 (full 1):
 PSYoungGen      total 261120K, used 261114K [0x00000000d7300000, 0x00000000eb400000, 0x0000000100000000)
  eden space 249856K, 100% used [0x00000000d7300000,0x00000000e6700000,0x00000000e6700000)
  from space 11264K, 99% used [0x00000000e6700000,0x00000000e71fea58,0x00000000e7200000)
  to   space 21504K, 0% used [0x00000000e9f00000,0x00000000e9f00000,0x00000000eb400000)
 ParOldGen       total 63488K, used 37792K [0x0000000085800000, 0x0000000089600000, 0x00000000d7300000)
  object space 63488K, 59% used [0x0000000085800000,0x0000000087ce80b8,0x0000000089600000)
 Metaspace       used 34045K, capacity 34806K, committed 35072K, reserved 1079296K
  class space    used 4006K, capacity 4283K, committed 4352K, reserved 1048576K
Event: 11,599 GC heap after
Heap after GC invocations=11 (full 1):
 PSYoungGen      total 294400K, used 21473K [0x00000000d7300000, 0x00000000f1c00000, 0x0000000100000000)
  eden space 272896K, 0% used [0x00000000d7300000,0x00000000d7300000,0x00000000e7d80000)
  from space 21504K, 99% used [0x00000000e9f00000,0x00000000eb3f86a0,0x00000000eb400000)
  to   space 34304K, 0% used [0x00000000e7d80000,0x00000000e7d80000,0x00000000e9f00000)
 ParOldGen       total 64512K, used 64048K [0x0000000085800000, 0x0000000089700000, 0x00000000d7300000)
  object space 64512K, 99% used [0x0000000085800000,0x000000008968c1e8,0x0000000089700000)
 Metaspace       used 34045K, capacity 34806K, committed 35072K, reserved 1079296K
  class space    used 4006K, capacity 4283K, committed 4352K, reserved 1048576K
}
Event: 11,599 GC heap before
{Heap before GC invocations=12 (full 2):
 PSYoungGen      total 294400K, used 21473K [0x00000000d7300000, 0x00000000f1c00000, 0x0000000100000000)
  eden space 272896K, 0% used [0x00000000d7300000,0x00000000d7300000,0x00000000e7d80000)
  from space 21504K, 99% used [0x00000000e9f00000,0x00000000eb3f86a0,0x00000000eb400000)
  to   space 34304K, 0% used [0x00000000e7d80000,0x00000000e7d80000,0x00000000e9f00000)
 ParOldGen       total 64512K, used 64048K [0x0000000085800000, 0x0000000089700000, 0x00000000d7300000)
  object space 64512K, 99% used [0x0000000085800000,0x000000008968c1e8,0x0000000089700000)
 Metaspace       used 34045K, capacity 34806K, committed 35072K, reserved 1079296K
  class space    used 4006K, capacity 4283K, committed 4352K, reserved 1048576K
Event: 11,778 GC heap after
Heap after GC invocations=12 (full 2):
 PSYoungGen      total 294400K, used 0K [0x00000000d7300000, 0x00000000f1c00000, 0x0000000100000000)
  eden space 272896K, 0% used [0x00000000d7300000,0x00000000d7300000,0x00000000e7d80000)
  from space 21504K, 0% used [0x00000000e9f00000,0x00000000e9f00000,0x00000000eb400000)
  to   space 34304K, 0% used [0x00000000e7d80000,0x00000000e7d80000,0x00000000e9f00000)
 ParOldGen       total 139776K, used 59505K [0x0000000085800000, 0x000000008e080000, 0x00000000d7300000)
  object space 139776K, 42% used [0x0000000085800000,0x000000008921c420,0x000000008e080000)
 Metaspace       used 34045K, capacity 34806K, committed 35072K, reserved 1079296K
  class space    used 4006K, capacity 4283K, committed 4352K, reserved 1048576K
}
Event: 13,043 GC heap before
{Heap before GC invocations=13 (full 2):
 PSYoungGen      total 294400K, used 272896K [0x00000000d7300000, 0x00000000f1c00000, 0x0000000100000000)
  eden space 272896K, 100% used [0x00000000d7300000,0x00000000e7d80000,0x00000000e7d80000)
  from space 21504K, 0% used [0x00000000e9f00000,0x00000000e9f00000,0x00000000eb400000)
  to   space 34304K, 0% used [0x00000000e7d80000,0x00000000e7d80000,0x00000000e9f00000)
 ParOldGen       total 139776K, used 59505K [0x0000000085800000, 0x000000008e080000, 0x00000000d7300000)
  object space 139776K, 42% used [0x0000000085800000,0x000000008921c420,0x000000008e080000)
 Metaspace       used 34072K, capacity 34876K, committed 35072K, reserved 1079296K
  class space    used 4011K, capacity 4285K, committed 4352K, reserved 1048576K
Event: 13,129 GC heap after
Heap after GC invocations=13 (full 2):
 PSYoungGen      total 307200K, used 34287K [0x00000000d7300000, 0x00000000f3880000, 0x0000000100000000)
  eden space 272896K, 0% used [0x00000000d7300000,0x00000000d7300000,0x00000000e7d80000)
  from space 34304K, 99% used [0x00000000e7d80000,0x00000000e9efbce0,0x00000000e9f00000)
  to   space 42496K, 0% used [0x00000000f0f00000,0x00000000f0f00000,0x00000000f3880000)
 ParOldGen       total 139776K, used 67078K [0x0000000085800000, 0x000000008e080000, 0x00000000d7300000)
  object space 139776K, 47% used [0x0000000085800000,0x0000000089981af8,0x000000008e080000)
 Metaspace       used 34072K, capacity 34876K, committed 35072K, reserved 1079296K
  class space    used 4011K, capacity 4285K, committed 4352K, reserved 1048576K
}
Event: 14,211 GC heap before
{Heap before GC invocations=14 (full 2):
 PSYoungGen      total 307200K, used 307183K [0x00000000d7300000, 0x00000000f3880000, 0x0000000100000000)
  eden space 272896K, 100% used [0x00000000d7300000,0x00000000e7d80000,0x00000000e7d80000)
  from space 34304K, 99% used [0x00000000e7d80000,0x00000000e9efbce0,0x00000000e9f00000)
  to   space 42496K, 0% used [0x00000000f0f00000,0x00000000f0f00000,0x00000000f3880000)
 ParOldGen       total 139776K, used 67078K [0x0000000085800000, 0x000000008e080000, 0x00000000d7300000)
  object space 139776K, 47% used [0x0000000085800000,0x0000000089981af8,0x000000008e080000)
 Metaspace       used 34088K, capacity 34946K, committed 35072K, reserved 1079296K
  class space    used 4013K, capacity 4287K, committed 4352K, reserved 1048576K
Event: 14,278 GC heap after
Heap after GC invocations=14 (full 2):
 PSYoungGen      total 415232K, used 41285K [0x00000000d7300000, 0x00000000f4a00000, 0x0000000100000000)
  eden space 372736K, 0% used [0x00000000d7300000,0x00000000d7300000,0x00000000edf00000)
  from space 42496K, 97% used [0x00000000f0f00000,0x00000000f3751598,0x00000000f3880000)
  to   space 49152K, 0% used [0x00000000edf00000,0x00000000edf00000,0x00000000f0f00000)
 ParOldGen       total 139776K, used 74916K [0x0000000085800000, 0x000000008e080000, 0x00000000d7300000)
  object space 139776K, 53% used [0x0000000085800000,0x000000008a1293f0,0x000000008e080000)
 Metaspace       used 34088K, capacity 34946K, committed 35072K, reserved 1079296K
  class space    used 4013K, capacity 4287K, committed 4352K, reserved 1048576K
}
Event: 18,803 GC heap before
{Heap before GC invocations=15 (full 2):
 PSYoungGen      total 415232K, used 414021K [0x00000000d7300000, 0x00000000f4a00000, 0x0000000100000000)
  eden space 372736K, 100% used [0x00000000d7300000,0x00000000edf00000,0x00000000edf00000)
  from space 42496K, 97% used [0x00000000f0f00000,0x00000000f3751598,0x00000000f3880000)
  to   space 49152K, 0% used [0x00000000edf00000,0x00000000edf00000,0x00000000f0f00000)
 ParOldGen       total 139776K, used 74916K [0x0000000085800000, 0x000000008e080000, 0x00000000d7300000)
  object space 139776K, 53% used [0x0000000085800000,0x000000008a1293f0,0x000000008e080000)
 Metaspace       used 49524K, capacity 50558K, committed 50816K, reserved 1093632K
  class space    used 6136K, capacity 6474K, committed 6528K, reserved 1048576K

Deoptimization events (10 events):
Event: 16,874 Thread 0x00007fcc1c001800 Uncommon trap: reason=class_check action=maybe_recompile pc=0x00007fcc6dad3800 method=java.util.Collections$UnmodifiableMap.size()I @ 4
Event: 16,874 Thread 0x00007fcc1c001800 Uncommon trap: reason=class_check action=maybe_recompile pc=0x00007fcc6dad3800 method=java.util.Collections$UnmodifiableMap.size()I @ 4
Event: 16,890 Thread 0x00007fcc1c001800 Uncommon trap: reason=bimorphic action=maybe_recompile pc=0x00007fcc6de1e54c method=org.springframework.asm.ClassReader.readCode(Lorg/springframework/asm/MethodVisitor;Lorg/springframework/asm/Context;I)V @ 1907
Event: 16,890 Thread 0x00007fcc1c001800 Uncommon trap: reason=bimorphic action=maybe_recompile pc=0x00007fcc6de1e54c method=org.springframework.asm.ClassReader.readCode(Lorg/springframework/asm/MethodVisitor;Lorg/springframework/asm/Context;I)V @ 1907
Event: 17,243 Thread 0x00007fcc1c001800 Uncommon trap: reason=unstable_if action=reinterpret pc=0x00007fcc6d337e1c method=java.lang.reflect.Method.equals(Ljava/lang/Object;)Z @ 1
Event: 17,348 Thread 0x00007fcc1c001800 Uncommon trap: reason=unstable_if action=reinterpret pc=0x00007fcc6d7948fc method=java.util.concurrent.ConcurrentHashMap.get(Ljava/lang/Object;)Ljava/lang/Object; @ 76
Event: 17,605 Thread 0x00007fcc1c001800 Uncommon trap: reason=unstable_if action=reinterpret pc=0x00007fcc6d06651c method=java.net.URL.<init>(Ljava/net/URL;Ljava/lang/String;Ljava/net/URLStreamHandler;)V @ 57
Event: 17,798 Thread 0x00007fcc1c001800 Uncommon trap: reason=bimorphic action=maybe_recompile pc=0x00007fcc6db58800 method=java.util.Hashtable.putAll(Ljava/util/Map;)V @ 1
Event: 17,809 Thread 0x00007fcc1c001800 Uncommon trap: reason=bimorphic action=maybe_recompile pc=0x00007fcc6db58800 method=java.util.Hashtable.putAll(Ljava/util/Map;)V @ 1
Event: 18,030 Thread 0x00007fcc1c001800 Uncommon trap: reason=bimorphic action=maybe_recompile pc=0x00007fcc6db58800 method=java.util.Hashtable.putAll(Ljava/util/Map;)V @ 1

Classes redefined (0 events):
No events

Internal exceptions (10 events):
Event: 17,423 Thread 0x00007fcc1c001800 Exception <a 'java/lang/ClassNotFoundException': org/springframework/transaction/annotation/AnnotationTransactionAttributeSourceCustomizer> (0x00000000e87bbc08) thrown at [/HUDSON/workspace/8-2-build-linux-amd64/jdk8u201/12317/hotspot/src/share/vm/classfi
Event: 17,424 Thread 0x00007fcc1c001800 Exception <a 'java/lang/ClassNotFoundException': org/springframework/transaction/interceptor/TransactionAttributeSourceBeanInfo> (0x00000000e87f6f50) thrown at [/HUDSON/workspace/8-2-build-linux-amd64/jdk8u201/12317/hotspot/src/share/vm/classfile/systemDi
Event: 17,425 Thread 0x00007fcc1c001800 Exception <a 'java/lang/ClassNotFoundException': org/springframework/transaction/interceptor/TransactionAttributeSourceCustomizer> (0x00000000e882f758) thrown at [/HUDSON/workspace/8-2-build-linux-amd64/jdk8u201/12317/hotspot/src/share/vm/classfile/system
Event: 17,437 Thread 0x00007fcc1c001800 Exception <a 'java/lang/ClassNotFoundException': org/springframework/transaction/interceptor/TransactionInterceptorBeanInfo> (0x00000000e88dd388) thrown at [/HUDSON/workspace/8-2-build-linux-amd64/jdk8u201/12317/hotspot/src/share/vm/classfile/systemDictio
Event: 17,439 Thread 0x00007fcc1c001800 Exception <a 'java/lang/ClassNotFoundException': org/springframework/transaction/interceptor/TransactionAspectSupportBeanInfo> (0x00000000e89140d8) thrown at [/HUDSON/workspace/8-2-build-linux-amd64/jdk8u201/12317/hotspot/src/share/vm/classfile/systemDict
Event: 17,440 Thread 0x00007fcc1c001800 Exception <a 'java/lang/ClassNotFoundException': org/springframework/transaction/interceptor/TransactionAspectSupportCustomizer> (0x00000000e894b7c8) thrown at [/HUDSON/workspace/8-2-build-linux-amd64/jdk8u201/12317/hotspot/src/share/vm/classfile/systemDi
Event: 17,442 Thread 0x00007fcc1c001800 Exception <a 'java/lang/ClassNotFoundException': org/springframework/transaction/interceptor/TransactionInterceptorCustomizer> (0x00000000e8991a98) thrown at [/HUDSON/workspace/8-2-build-linux-amd64/jdk8u201/12317/hotspot/src/share/vm/classfile/systemDict
Event: 17,446 Thread 0x00007fcc1c001800 Exception <a 'java/lang/ClassNotFoundException': org/springframework/transaction/interceptor/BeanFactoryTransactionAttributeSourceAdvisorBeanInfo> (0x00000000e89e6378) thrown at [/HUDSON/workspace/8-2-build-linux-amd64/jdk8u201/12317/hotspot/src/share/vm/
Event: 17,447 Thread 0x00007fcc1c001800 Exception <a 'java/lang/ClassNotFoundException': org/springframework/transaction/interceptor/BeanFactoryTransactionAttributeSourceAdvisorCustomizer> (0x00000000e8a227b8) thrown at [/HUDSON/workspace/8-2-build-linux-amd64/jdk8u201/12317/hotspot/src/share/v
Event: 18,501 Thread 0x00007fcc1c001800 Exception <a 'java/lang/NullPointerException'> (0x00000000edb8a408) thrown at [/HUDSON/workspace/8-2-build-linux-amd64/jdk8u201/12317/hotspot/src/share/vm/runtime/reflection.cpp, line 922]

Events (10 events):
Event: 18,769 loading class org/apache/tomcat/dbcp/dbcp/DelegatingResultSet done
Event: 18,769 loading class org/apache/tomcat/dbcp/dbcp/DelegatingResultSet
Event: 18,769 loading class org/apache/tomcat/dbcp/dbcp/DelegatingResultSet done
Event: 18,775 loading class org/hibernate/internal/util/collections/ArrayHelper
Event: 18,775 loading class org/hibernate/internal/util/collections/ArrayHelper done
Event: 18,780 loading class org/hibernate/engine/jdbc/spi/TypeSearchability
Event: 18,780 loading class org/hibernate/engine/jdbc/spi/TypeSearchability done
Event: 18,783 loading class org/hibernate/engine/jdbc/spi/TypeNullability
Event: 18,783 loading class org/hibernate/engine/jdbc/spi/TypeNullability done
Event: 18,799 Executing VM operation: ParallelGCFailedAllocation


Dynamic libraries:
00400000-00401000 r-xp 00000000 08:01 1878579                            /usr/lib/jvm/java-8-oracle/bin/java
00600000-00601000 r--p 00000000 08:01 1878579                            /usr/lib/jvm/java-8-oracle/bin/java
00601000-00602000 rw-p 00001000 08:01 1878579                            /usr/lib/jvm/java-8-oracle/bin/java
0232d000-0234e000 rw-p 00000000 00:00 0                                  [heap]
85800000-8e080000 rw-p 00000000 00:00 0 
8e080000-d7300000 ---p 00000000 00:00 0 
d7300000-f4a00000 rw-p 00000000 00:00 0 
fcd00000-100000000 ---p 00000000 00:00 0 
100000000-100660000 rw-p 00000000 00:00 0 
100660000-140000000 ---p 00000000 00:00 0 
7fcc0c000000-7fcc0c021000 rw-p 00000000 00:00 0 
7fcc0c021000-7fcc10000000 ---p 00000000 00:00 0 
7fcc14000000-7fcc1be11000 rw-p 00000000 00:00 0 
7fcc1be11000-7fcc1c000000 ---p 00000000 00:00 0 
7fcc1c000000-7fcc1c021000 rw-p 00000000 00:00 0 
7fcc1c021000-7fcc20000000 ---p 00000000 00:00 0 
7fcc20000000-7fcc20021000 rw-p 00000000 00:00 0 
7fcc20021000-7fcc24000000 ---p 00000000 00:00 0 
7fcc2696e000-7fcc26aae000 rw-p 00000000 00:00 0 
7fcc26aae000-7fcc26b6e000 ---p 00000000 00:00 0 
7fcc26b6e000-7fcc26d6e000 rw-p 00000000 00:00 0 
7fcc26d6e000-7fcc26f6e000 rw-p 00000000 00:00 0 
7fcc26f6e000-7fcc2716e000 rw-p 00000000 00:00 0 
7fcc2716e000-7fcc2736e000 rw-p 00000000 00:00 0 
7fcc2736e000-7fcc2756e000 rw-p 00000000 00:00 0 
7fcc2756e000-7fcc27571000 ---p 00000000 00:00 0 
7fcc27571000-7fcc2766f000 rw-p 00000000 00:00 0 
7fcc2766f000-7fcc27672000 ---p 00000000 00:00 0 
7fcc27672000-7fcc27770000 rw-p 00000000 00:00 0 
7fcc277f6000-7fcc279f6000 rw-p 00000000 00:00 0 
7fcc279f6000-7fcc27bf6000 rw-p 00000000 00:00 0 
7fcc27bf6000-7fcc27bff000 r-xp 00000000 08:01 1880097                    /usr/lib/jvm/java-8-oracle/jre/lib/amd64/libmanagement.so
7fcc27bff000-7fcc27dfe000 ---p 00009000 08:01 1880097                    /usr/lib/jvm/java-8-oracle/jre/lib/amd64/libmanagement.so
7fcc27dfe000-7fcc27dff000 r--p 00008000 08:01 1880097                    /usr/lib/jvm/java-8-oracle/jre/lib/amd64/libmanagement.so
7fcc27dff000-7fcc27e00000 rw-p 00009000 08:01 1880097                    /usr/lib/jvm/java-8-oracle/jre/lib/amd64/libmanagement.so
7fcc27e00000-7fcc28000000 rw-p 00000000 00:00 0 
7fcc28000000-7fcc28021000 rw-p 00000000 00:00 0 
7fcc28021000-7fcc2c000000 ---p 00000000 00:00 0 
7fcc2c01c000-7fcc2c02f000 r--s 00345000 08:01 1879877                    /usr/lib/jvm/java-8-oracle/jre/lib/resources.jar
7fcc2c02f000-7fcc2c032000 ---p 00000000 00:00 0 
7fcc2c032000-7fcc2c130000 rw-p 00000000 00:00 0 
7fcc2c130000-7fcc2c13a000 r--s 00116000 08:01 1879982                    /usr/lib/jvm/java-8-oracle/jre/lib/ext/localedata.jar
7fcc2c13a000-7fcc2c156000 r--s 00393000 08:01 1879975                    /usr/lib/jvm/java-8-oracle/jre/lib/ext/cldrdata.jar
7fcc2c156000-7fcc2c356000 rw-p 00000000 00:00 0 
7fcc2c356000-7fcc2c358000 r--s 00003000 08:01 2432                       /home/aida/.m2/repository/org/slf4j/jcl-over-slf4j/1.7.5/jcl-over-slf4j-1.7.5.jar
7fcc2c358000-7fcc2c35a000 r--s 00002000 08:01 13797                      /home/aida/.m2/repository/org/sonatype/plexus/plexus-cipher/1.4/plexus-cipher-1.4.jar
7fcc2c35a000-7fcc2c35b000 r--s 00006000 08:01 13794                      /home/aida/.m2/repository/org/sonatype/plexus/plexus-sec-dispatcher/1.3/plexus-sec-dispatcher-1.3.jar
7fcc2c35b000-7fcc2c35c000 r--s 00002000 08:01 13780                      /home/aida/.m2/repository/org/apache/maven/doxia/doxia-logging-api/1.1/doxia-logging-api-1.1.jar
7fcc2c35c000-7fcc2c35e000 r--s 00002000 08:01 13776                      /home/aida/.m2/repository/org/apache/maven/doxia/doxia-sink-api/1.1/doxia-sink-api-1.1.jar
7fcc2c35e000-7fcc2c35f000 r--s 00002000 08:01 13775                      /home/aida/.m2/repository/org/apache/maven/reporting/maven-reporting-api/2.2.1/maven-reporting-api-2.2.1.jar
7fcc2c35f000-7fcc2c361000 r--s 00009000 08:01 2427                       /home/aida/.m2/repository/org/apache/maven/shared/maven-filtering/1.0/maven-filtering-1.0.jar
7fcc2c361000-7fcc2c365000 r--s 00037000 08:01 16966                      /home/aida/.m2/repository/org/codehaus/plexus/plexus-utils/3.0.15/plexus-utils-3.0.15.jar
7fcc2c365000-7fcc2c36c000 r--s 00037000 08:01 2423                       /home/aida/.m2/repository/junit/junit/4.10/junit-4.10.jar
7fcc2c36c000-7fcc2c371000 r--s 00029000 08:01 2422                       /home/aida/.m2/repository/org/codehaus/plexus/plexus-archiver/2.1.1/plexus-archiver-2.1.1.jar
7fcc2c371000-7fcc2c375000 r--s 00014000 08:01 2419                       /home/aida/.m2/repository/org/tukaani/xz/1.0/xz-1.0.jar
7fcc2c375000-7fcc2c575000 rw-p 00000000 00:00 0 
7fcc2c575000-7fcc2c578000 r--s 0000c000 08:01 2426                       /home/aida/.m2/repository/org/codehaus/plexus/plexus-io/2.0.3/plexus-io-2.0.3.jar
7fcc2c578000-7fcc2c57d000 r--s 00036000 08:01 2418                       /home/aida/.m2/repository/org/apache/commons/commons-compress/1.4.1/commons-compress-1.4.1.jar
7fcc2c57d000-7fcc2c582000 r--s 00041000 08:01 14990                      /home/aida/.m2/repository/commons-lang/commons-lang/2.6/commons-lang-2.6.jar
7fcc2c582000-7fcc2c586000 r--s 00027000 08:01 15711                      /home/aida/.m2/repository/commons-io/commons-io/2.2/commons-io-2.2.jar
7fcc2c586000-7fcc2c588000 r--s 00009000 08:01 13784                      /home/aida/.m2/repository/commons-cli/commons-cli/1.2/commons-cli-1.2.jar
7fcc2c588000-7fcc2c58a000 r--s 00005000 08:01 2413                       /home/aida/.m2/repository/org/apache/tomcat/maven/tomcat7-war-runner/2.2/tomcat7-war-runner-2.2.jar
7fcc2c58a000-7fcc2c590000 r--s 00033000 08:01 16962                      /home/aida/.m2/repository/commons-codec/commons-codec/1.6/commons-codec-1.6.jar
7fcc2c590000-7fcc2c592000 r--s 00000000 08:01 13298                      /home/aida/.m2/repository/org/codehaus/plexus/plexus-component-annotations/1.5.5/plexus-component-annotations-1.5.5.jar
7fcc2c592000-7fcc2c594000 r--s 0000e000 08:01 5506                       /home/aida/.m2/repository/commons-logging/commons-logging/1.1.3/commons-logging-1.1.3.jar
7fcc2c594000-7fcc2c59f000 r--s 00084000 08:01 2409                       /home/aida/.m2/repository/org/apache/httpcomponents/httpclient/4.3.1/httpclient-4.3.1.jar
7fcc2c59f000-7fcc2c5bd000 r--s 00151000 08:01 2407                       /home/aida/.m2/repository/com/google/guava/guava/10.0.1/guava-10.0.1.jar
7fcc2c5bd000-7fcc2c5c0000 r-xp 00000000 08:01 1184344                    /lib/x86_64-linux-gnu/libnss_mdns4_minimal.so.2
7fcc2c5c0000-7fcc2c7bf000 ---p 00003000 08:01 1184344                    /lib/x86_64-linux-gnu/libnss_mdns4_minimal.so.2
7fcc2c7bf000-7fcc2c7c0000 r--p 00002000 08:01 1184344                    /lib/x86_64-linux-gnu/libnss_mdns4_minimal.so.2
7fcc2c7c0000-7fcc2c7c1000 rw-p 00003000 08:01 1184344                    /lib/x86_64-linux-gnu/libnss_mdns4_minimal.so.2
7fcc2c7c1000-7fcc2c9c1000 rw-p 00000000 00:00 0 
7fcc2c9c1000-7fcc2c9f9000 r-xp 00000000 08:01 1880046                    /usr/lib/jvm/java-8-oracle/jre/lib/amd64/libsunec.so
7fcc2c9f9000-7fcc2cbf8000 ---p 00038000 08:01 1880046                    /usr/lib/jvm/java-8-oracle/jre/lib/amd64/libsunec.so
7fcc2cbf8000-7fcc2cbfd000 r--p 00037000 08:01 1880046                    /usr/lib/jvm/java-8-oracle/jre/lib/amd64/libsunec.so
7fcc2cbfd000-7fcc2cbff000 rw-p 0003c000 08:01 1880046                    /usr/lib/jvm/java-8-oracle/jre/lib/amd64/libsunec.so
7fcc2cbff000-7fcc2cdff000 rw-p 00000000 00:00 0 
7fcc2cdff000-7fcc2cfff000 rw-p 00000000 00:00 0 
7fcc2cfff000-7fcc30000000 rw-p 00000000 00:00 0 
7fcc30000000-7fcc31527000 rw-p 00000000 00:00 0 
7fcc31527000-7fcc34000000 ---p 00000000 00:00 0 
7fcc34000000-7fcc34021000 rw-p 00000000 00:00 0 
7fcc34021000-7fcc38000000 ---p 00000000 00:00 0 
7fcc38000000-7fcc3a65d000 rw-p 00000000 00:00 0 
7fcc3a65d000-7fcc3c000000 ---p 00000000 00:00 0 
7fcc3c000000-7fcc3e04e000 rw-p 00000000 00:00 0 
7fcc3e04e000-7fcc40000000 ---p 00000000 00:00 0 
7fcc40000000-7fcc40021000 rw-p 00000000 00:00 0 
7fcc40021000-7fcc44000000 ---p 00000000 00:00 0 
7fcc44000000-7fcc44055000 rw-p 00000000 00:00 0 
7fcc44055000-7fcc48000000 ---p 00000000 00:00 0 
7fcc48000000-7fcc48021000 rw-p 00000000 00:00 0 
7fcc48021000-7fcc4c000000 ---p 00000000 00:00 0 
7fcc4c000000-7fcc4c021000 rw-p 00000000 00:00 0 
7fcc4c021000-7fcc50000000 ---p 00000000 00:00 0 
7fcc50000000-7fcc502e6000 rw-p 00000000 00:00 0 
7fcc502e6000-7fcc54000000 ---p 00000000 00:00 0 
7fcc54000000-7fcc54021000 rw-p 00000000 00:00 0 
7fcc54021000-7fcc58000000 ---p 00000000 00:00 0 
7fcc58000000-7fcc58001000 r--s 00004000 08:01 15576                      /home/aida/.m2/repository/org/apache/maven/maven-archiver/2.4.2/maven-archiver-2.4.2.jar
7fcc58001000-7fcc58007000 r--s 0003f000 08:01 2411                       /home/aida/.m2/repository/org/apache/httpcomponents/httpcore/4.3/httpcore-4.3.jar
7fcc58007000-7fcc5800a000 r--s 00006000 08:01 15704                      /home/aida/.m2/repository/com/google/code/findbugs/jsr305/1.3.9/jsr305-1.3.9.jar
7fcc5800a000-7fcc58012000 r--s 00049000 08:01 13757                      /home/aida/.m2/repository/backport-util-concurrent/backport-util-concurrent/3.1/backport-util-concurrent-3.1.jar
7fcc58012000-7fcc58014000 r--s 00008000 08:01 2406                       /home/aida/.m2/repository/org/apache/tomcat/maven/common-tomcat-maven-plugin/2.2/common-tomcat-maven-plugin-2.2.jar
7fcc58014000-7fcc58023000 r--s 001a9000 08:01 2403                       /home/aida/.m2/repository/org/eclipse/jdt/core/compiler/ecj/4.2.2/ecj-4.2.2.jar
7fcc58023000-7fcc58025000 r--s 00013000 08:01 2402                       /home/aida/.m2/repository/org/apache/tomcat/embed/tomcat-embed-logging-log4j/7.0.47/tomcat-embed-logging-log4j-7.0.47.jar
7fcc58025000-7fcc58027000 r--s 00008000 08:01 2401                       /home/aida/.m2/repository/org/apache/tomcat/embed/tomcat-embed-logging-juli/7.0.47/tomcat-embed-logging-juli-7.0.47.jar
7fcc58027000-7fcc58029000 r--s 00008000 08:01 2397                       /home/aida/.m2/repository/org/apache/tomcat/tomcat-juli/7.0.47/tomcat-juli-7.0.47.jar
7fcc58029000-7fcc5802b000 r--s 0001f000 08:01 2393                       /home/aida/.m2/repository/org/apache/tomcat/tomcat-catalina-ha/7.0.47/tomcat-catalina-ha-7.0.47.jar
7fcc5802b000-7fcc5802f000 r--s 0003b000 08:01 2391                       /home/aida/.m2/repository/org/apache/tomcat/tomcat-tribes/7.0.47/tomcat-tribes-7.0.47.jar
7fcc5802f000-7fcc58041000 r--s 00171000 08:01 2390                       /home/aida/.m2/repository/org/apache/tomcat/tomcat-catalina/7.0.47/tomcat-catalina-7.0.47.jar
7fcc58041000-7fcc58043000 r--s 0000a000 08:01 2369                       /home/aida/.m2/repository/org/apache/tomcat/tomcat-el-api/7.0.47/tomcat-el-api-7.0.47.jar
7fcc58043000-7fcc5806a000 r--s 00290000 08:01 2341                       /home/aida/.m2/repository/org/apache/tomcat/embed/tomcat-embed-core/7.0.47/tomcat-embed-core-7.0.47.jar
7fcc5806a000-7fcc5806e000 r--p 00000000 08:01 1191345                    /lib/x86_64-linux-gnu/libresolv-2.29.so
7fcc5806e000-7fcc5807d000 r-xp 00004000 08:01 1191345                    /lib/x86_64-linux-gnu/libresolv-2.29.so
7fcc5807d000-7fcc58080000 r--p 00013000 08:01 1191345                    /lib/x86_64-linux-gnu/libresolv-2.29.so
7fcc58080000-7fcc58081000 ---p 00016000 08:01 1191345                    /lib/x86_64-linux-gnu/libresolv-2.29.so
7fcc58081000-7fcc58082000 r--p 00016000 08:01 1191345                    /lib/x86_64-linux-gnu/libresolv-2.29.so
7fcc58082000-7fcc58083000 rw-p 00017000 08:01 1191345                    /lib/x86_64-linux-gnu/libresolv-2.29.so
7fcc58083000-7fcc58085000 rw-p 00000000 00:00 0 
7fcc58085000-7fcc58086000 r--s 00003000 08:01 2396                       /home/aida/.m2/repository/org/apache/tomcat/tomcat-annotations-api/7.0.47/tomcat-annotations-api-7.0.47.jar
7fcc58086000-7fcc58089000 r--s 0001c000 08:01 2368                       /home/aida/.m2/repository/org/apache/tomcat/tomcat-jasper-el/7.0.47/tomcat-jasper-el-7.0.47.jar
7fcc58089000-7fcc58091000 r--s 0008b000 08:01 2367                       /home/aida/.m2/repository/org/apache/tomcat/tomcat-jasper/7.0.47/tomcat-jasper-7.0.47.jar
7fcc58091000-7fcc58094000 r--s 00013000 08:01 2363                       /home/aida/.m2/repository/org/apache/tomcat/tomcat-jsp-api/7.0.47/tomcat-jsp-api-7.0.47.jar
7fcc58094000-7fcc58097000 r--s 00029000 08:01 2361                       /home/aida/.m2/repository/org/apache/tomcat/tomcat-servlet-api/7.0.47/tomcat-servlet-api-7.0.47.jar
7fcc58097000-7fcc580a5000 r--s 000be000 08:01 2353                       /home/aida/.m2/repository/org/apache/tomcat/tomcat-coyote/7.0.47/tomcat-coyote-7.0.47.jar
7fcc580a5000-7fcc580a8000 r--p 00000000 08:01 1179677                    /lib/x86_64-linux-gnu/libgcc_s.so.1
7fcc580a8000-7fcc580b9000 r-xp 00003000 08:01 1179677                    /lib/x86_64-linux-gnu/libgcc_s.so.1
7fcc580b9000-7fcc580bd000 r--p 00014000 08:01 1179677                    /lib/x86_64-linux-gnu/libgcc_s.so.1
7fcc580bd000-7fcc580be000 r--p 00017000 08:01 1179677                    /lib/x86_64-linux-gnu/libgcc_s.so.1
7fcc580be000-7fcc580bf000 rw-p 00018000 08:01 1179677                    /lib/x86_64-linux-gnu/libgcc_s.so.1
7fcc580bf000-7fcc580c3000 r--s 00036000 08:01 2360                       /home/aida/.m2/repository/org/apache/tomcat/tomcat-dbcp/7.0.47/tomcat-dbcp-7.0.47.jar
7fcc580c3000-7fcc580c5000 r--s 0001d000 08:01 2355                       /home/aida/.m2/repository/org/apache/tomcat/tomcat-jdbc/7.0.47/tomcat-jdbc-7.0.47.jar
7fcc580c5000-7fcc580c6000 r--s 00001000 08:01 2357                       /home/aida/.m2/repository/org/apache/tomcat/tomcat-api/7.0.47/tomcat-api-7.0.47.jar
7fcc580c6000-7fcc580c7000 r--s 00005000 08:01 2345                       /home/aida/.m2/repository/org/apache/tomcat/tomcat-util/7.0.47/tomcat-util-7.0.47.jar
7fcc580c7000-7fcc580c9000 r--s 0001a000 08:01 2205                       /home/aida/.m2/repository/org/apache/tomcat/maven/tomcat7-maven-plugin/2.2/tomcat7-maven-plugin-2.2.jar
7fcc580c9000-7fcc580cb000 r--s 00002000 08:01 2118                       /home/aida/.m2/repository/org/codehaus/plexus/plexus-compiler-javac/1.8.1/plexus-compiler-javac-1.8.1.jar
7fcc580cb000-7fcc580cd000 r--s 00000000 08:01 2115                       /home/aida/.m2/repository/org/codehaus/plexus/plexus-compiler-manager/1.8.1/plexus-compiler-manager-1.8.1.jar
7fcc580cd000-7fcc580ce000 r--s 00004000 08:01 2116                       /home/aida/.m2/repository/org/codehaus/plexus/plexus-compiler-api/1.8.1/plexus-compiler-api-1.8.1.jar
7fcc580ce000-7fcc580d0000 r--s 00006000 08:01 2092                       /home/aida/.m2/repository/org/apache/maven/plugins/maven-compiler-plugin/2.3.2/maven-compiler-plugin-2.3.2.jar
7fcc580d0000-7fcc580d2000 r--p 00000000 08:01 1184436                    /lib/x86_64-linux-gnu/libnss_dns-2.29.so
7fcc580d2000-7fcc580d6000 r-xp 00002000 08:01 1184436                    /lib/x86_64-linux-gnu/libnss_dns-2.29.so
7fcc580d6000-7fcc580d7000 r--p 00006000 08:01 1184436                    /lib/x86_64-linux-gnu/libnss_dns-2.29.so
7fcc580d7000-7fcc580d8000 r--p 00006000 08:01 1184436                    /lib/x86_64-linux-gnu/libnss_dns-2.29.so
7fcc580d8000-7fcc580d9000 rw-p 00007000 08:01 1184436                    /lib/x86_64-linux-gnu/libnss_dns-2.29.so
7fcc580d9000-7fcc580df000 r--s 0003f000 08:01 1879983                    /usr/lib/jvm/java-8-oracle/jre/lib/ext/sunjce_provider.jar
7fcc580df000-7fcc580e1000 r--s 00009000 08:01 1879973                    /usr/lib/jvm/java-8-oracle/jre/lib/ext/sunec.jar
7fcc580e1000-7fcc580e5000 r--s 0003a000 08:01 1879980                    /usr/lib/jvm/java-8-oracle/jre/lib/ext/sunpkcs11.jar
7fcc580e5000-7fcc580e8000 r--s 0001a000 08:01 1879884                    /usr/lib/jvm/java-8-oracle/jre/lib/jce.jar
7fcc580e8000-7fcc58102000 r--s 00119000 08:01 1650                       /home/aida/.m2/repository/org/springframework/spring-web/5.0.7.RELEASE/spring-web-5.0.7.RELEASE.jar
7fcc58102000-7fcc58107000 r--s 00031000 08:01 35684                      /home/aida/.m2/repository/org/apache/jena/jena-base/3.11.0/jena-base-3.11.0.jar
7fcc58107000-7fcc58132000 r--s 001f5000 08:01 5529                       /home/aida/.m2/repository/com/google/guava/guava/16.0.1/guava-16.0.1.jar
7fcc58132000-7fcc58134000 r--s 00003000 08:01 5985                       /home/aida/.m2/repository/org/slf4j/jcl-over-slf4j/1.7.25/jcl-over-slf4j-1.7.25.jar
7fcc58134000-7fcc58136000 r--s 0000b000 08:01 2061                       /home/aida/.m2/repository/javax/servlet/jsp/javax.servlet.jsp-api/2.2.1/javax.servlet.jsp-api-2.2.1.jar
7fcc58136000-7fcc58146000 r--s 0007d000 08:01 6029999                    /home/aida/.m2/repository/joda-time/joda-time/2.2/joda-time-2.2.jar
7fcc58146000-7fcc5814b000 r--s 00027000 08:01 1707                       /home/aida/.m2/repository/org/springframework/spring-context-support/5.0.7.RELEASE/spring-context-support-5.0.7.RELEASE.jar
7fcc5814b000-7fcc5816a000 r--s 00195000 08:01 35690                      /home/aida/.m2/repository/org/apache/jena/jena-core/3.11.0/jena-core-3.11.0.jar
7fcc5816a000-7fcc58179000 r--s 000b2000 08:01 1641                       /home/aida/.m2/repository/org/springframework/spring-webmvc/5.0.7.RELEASE/spring-webmvc-5.0.7.RELEASE.jar
7fcc58179000-7fcc5817d000 r--s 0000d000 08:01 1639                       /home/aida/.m2/repository/org/springframework/security/spring-security-test/5.0.7.RELEASE/spring-security-test-5.0.7.RELEASE.jar
7fcc5817d000-7fcc5817f000 r--s 00009000 08:01 1972                       /home/aida/.m2/repository/org/objenesis/objenesis/2.1/objenesis-2.1.jar
7fcc5817f000-7fcc5818c000 r--s 00087000 08:01 1669                       /home/aida/.m2/repository/org/springframework/spring-test/5.0.7.RELEASE/spring-test-5.0.7.RELEASE.jar
7fcc5818c000-7fcc5818e000 r--s 00020000 08:01 35677                      /home/aida/.m2/repository/org/apache/jena/jena-iri/3.11.0/jena-iri-3.11.0.jar
7fcc5818e000-7fcc58191000 r--s 00010000 08:01 1978                       /home/aida/.m2/repository/org/hibernate/common/hibernate-commons-annotations/4.0.5.Final/hibernate-commons-annotations-4.0.5.Final.jar
7fcc58191000-7fcc5819e000 r--s 000a7000 08:01 1921                       /home/aida/.m2/repository/org/apache/httpcomponents/httpclient/4.5.2/httpclient-4.5.2.jar
7fcc5819e000-7fcc581ba000 r--s 00103000 08:01 1982                       /home/aida/.m2/repository/org/mockito/mockito-core/2.0.2-beta/mockito-core-2.0.2-beta.jar
7fcc581ba000-7fcc581be000 r--s 0002b000 08:01 1679                       /home/aida/.m2/repository/org/springframework/spring-orm/5.0.7.RELEASE/spring-orm-5.0.7.RELEASE.jar
7fcc581be000-7fcc581bf000 r--s 0000c000 08:01 16775                      /home/aida/.m2/repository/org/hamcrest/hamcrest-library/1.3/hamcrest-library-1.3.jar
7fcc581bf000-7fcc581c7000 r--s 00037000 08:01 1682                       /home/aida/.m2/repository/org/springframework/spring-tx/5.0.7.RELEASE/spring-tx-5.0.7.RELEASE.jar
7fcc581c7000-7fcc581d4000 r--s 0006c000 08:01 1655                       /home/aida/.m2/repository/org/springframework/security/spring-security-web/5.0.7.RELEASE/spring-security-web-5.0.7.RELEASE.jar
7fcc581d4000-7fcc581de000 r--s 000c0000 08:01 2067                       /home/aida/.m2/repository/org/postgresql/postgresql/42.2.5/postgresql-42.2.5.jar
7fcc581de000-7fcc581e0000 r--s 0000e000 08:01 962                        /home/aida/.m2/repository/commons-logging/commons-logging/1.2/commons-logging-1.2.jar
7fcc581e0000-7fcc581e3000 r--s 0000a000 08:01 5994                       /home/aida/.m2/repository/org/springframework/social/spring-social-web/1.1.6.RELEASE/spring-social-web-1.1.6.RELEASE.jar
7fcc581e3000-7fcc581ec000 r--s 00059000 08:01 1652                       /home/aida/.m2/repository/org/springframework/spring-jdbc/5.0.7.RELEASE/spring-jdbc-5.0.7.RELEASE.jar
7fcc581ec000-7fcc581ed000 r--s 00002000 08:01 2080                       /home/aida/.m2/repository/org/jboss/logging/jboss-logging-annotations/1.2.0.Beta1/jboss-logging-annotations-1.2.0.Beta1.jar
7fcc581ed000-7fcc581ee000 r--s 0000c000 08:01 6057                       /home/aida/.m2/repository/org/ow2/asm/asm/5.0.3/asm-5.0.3.jar
7fcc581ee000-7fcc581f0000 r--s 0000c000 08:01 2072                       /home/aida/.m2/repository/org/jboss/logging/jboss-logging/3.1.3.GA/jboss-logging-3.1.3.GA.jar
7fcc581f0000-7fcc581f1000 r--s 00006000 08:01 2073                       /home/aida/.m2/repository/org/jboss/spec/javax/transaction/jboss-transaction-api_1.2_spec/1.0.0.Final/jboss-transaction-api_1.2_spec-1.0.0.Final.jar
7fcc581f1000-7fcc581f3000 r--s 00003000 08:01 1987                       /home/aida/.m2/repository/com/jayway/jsonpath/json-path-assert/2.2.0/json-path-assert-2.2.0.jar
7fcc581f3000-7fcc58203000 r--s 000c5000 08:01 18166                      /home/aida/.m2/repository/org/thymeleaf/thymeleaf/3.0.9.RELEASE/thymeleaf-3.0.9.RELEASE.jar
7fcc58203000-7fcc58207000 r--s 00031000 08:01 1146                       /home/aida/.m2/repository/commons-io/commons-io/2.6/commons-io-2.6.jar
7fcc58207000-7fcc5820a000 r--s 0000a000 08:01 1917                       /home/aida/.m2/repository/javax/cache/cache-api/1.1.0/cache-api-1.1.0.jar
7fcc5820a000-7fcc5820f000 r--s 00040000 08:01 1653                       /home/aida/.m2/repository/org/springframework/spring-expression/5.0.7.RELEASE/spring-expression-5.0.7.RELEASE.jar
7fcc5820f000-7fcc58210000 r--s 00007000 08:01 1661                       /home/aida/.m2/repository/org/springframework/social/spring-social-security/1.1.6.RELEASE/spring-social-security-1.1.6.RELEASE.jar
7fcc58210000-7fcc58211000 r--s 0000f000 08:01 1824                       /home/aida/.m2/repository/org/json/json/20180813/json-20180813.jar
7fcc58211000-7fcc58216000 r--s 0002e000 08:01 6081                       /home/aida/.m2/repository/com/jayway/jsonpath/json-path/2.2.0/json-path-2.2.0.jar
7fcc58216000-7fcc5821a000 r--s 0001b000 08:01 1984                       /home/aida/.m2/repository/org/thymeleaf/thymeleaf-spring4/3.0.9.RELEASE/thymeleaf-spring4-3.0.9.RELEASE.jar
7fcc5821a000-7fcc5823b000 r--s 0015e000 08:01 1916                       /home/aida/.m2/repository/org/ehcache/ehcache/3.6.0/ehcache-3.6.0.jar
7fcc5823b000-7fcc5823c000 r--s 00000000 08:01 17429                      /home/aida/.m2/repository/javax/inject/javax.inject/1/javax.inject-1.jar
7fcc5823c000-7fcc58247000 r--s 0009e000 08:01 1664                       /home/aida/.m2/repository/org/springframework/security/spring-security-config/5.0.7.RELEASE/spring-security-config-5.0.7.RELEASE.jar
7fcc58247000-7fcc58249000 r--s 00009000 08:01 1945                       /home/aida/.m2/repository/org/apache/commons/commons-csv/1.5/commons-csv-1.5.jar
7fcc58249000-7fcc582a7000 r--s 004ac000 08:01 2057                       /home/aida/.m2/repository/org/hibernate/hibernate-core/4.3.11.Final/hibernate-core-4.3.11.Final.jar
7fcc582a7000-7fcc582ab000 r--s 00024000 08:01 1139                       /home/aida/.m2/repository/org/apache/httpcomponents/httpclient-cache/4.5.5/httpclient-cache-4.5.5.jar
7fcc582ab000-7fcc582b7000 r--s 0005c000 08:01 1645                       /home/aida/.m2/repository/org/springframework/security/spring-security-core/5.0.7.RELEASE/spring-security-core-5.0.7.RELEASE.jar
7fcc582b7000-7fcc582de000 r--s 001f6000 08:01 1819                       /home/aida/.m2/repository/org/apache/commons/commons-math3/3.6.1/commons-math3-3.6.1.jar
7fcc582de000-7fcc582f1000 r--s 000b4000 08:01 8262                       /home/aida/.m2/repository/org/springframework/data/spring-data-commons/1.13.22.RELEASE/spring-data-commons-1.13.22.RELEASE.jar
7fcc582f1000-7fcc5830b000 r--s 000f1000 08:01 1709                       /home/aida/.m2/repository/org/springframework/spring-context/5.0.7.RELEASE/spring-context-5.0.7.RELEASE.jar
7fcc5830b000-7fcc58313000 r--s 00045000 08:01 13130                      /home/aida/.m2/repository/junit/junit/4.12/junit-4.12.jar
7fcc58313000-7fcc58326000 r--s 00137000 08:01 8305                       /home/aida/.m2/repository/com/fasterxml/jackson/core/jackson-databind/2.9.9.1/jackson-databind-2.9.9.1.jar
7fcc58326000-7fcc5832e000 r--s 00026000 08:01 1823                       /home/aida/.m2/repository/com/github/spring-social/spring-social-google/1.1.3/spring-social-google-1.1.3.jar
7fcc5832e000-7fcc58330000 r--s 00011000 08:01 1985                       /home/aida/.m2/repository/org/hamcrest/hamcrest-core/1.1/hamcrest-core-1.1.jar
7fcc58330000-7fcc5833a000 r--s 000a5000 08:01 2074                       /home/aida/.m2/repository/org/javassist/javassist/3.18.1-GA/javassist-3.18.1-GA.jar
7fcc5833a000-7fcc5833f000 r--s 00024000 08:01 1952                       /home/aida/.m2/repository/com/github/andrewoma/dexx/collection/0.7/collection-0.7.jar
7fcc5833f000-7fcc58342000 r--s 00026000 08:01 18138                      /home/aida/.m2/repository/org/unbescape/unbescape/1.1.5.RELEASE/unbescape-1.1.5.RELEASE.jar
7fcc58342000-7fcc58347000 r--s 00016000 08:01 2076                       /home/aida/.m2/repository/xml-apis/xml-apis/1.0.b2/xml-apis-1.0.b2.jar
7fcc58347000-7fcc58349000 r--s 00005000 08:01 5969                       /home/aida/.m2/repository/org/springframework/social/spring-social-config/1.1.6.RELEASE/spring-social-config-1.1.6.RELEASE.jar
7fcc58349000-7fcc5834b000 r--s 0000c000 08:01 1935                       /home/aida/.m2/repository/commons-cli/commons-cli/1.4/commons-cli-1.4.jar
7fcc5834b000-7fcc5834d000 r--s 00012000 08:01 5935                       /home/aida/.m2/repository/net/minidev/accessors-smart/1.1/accessors-smart-1.1.jar
7fcc5834d000-7fcc58351000 r--s 00035000 08:01 18142                      /home/aida/.m2/repository/org/attoparser/attoparser/2.0.4.RELEASE/attoparser-2.0.4.RELEASE.jar
7fcc58351000-7fcc58369000 r--s 00114000 08:01 1666                       /home/aida/.m2/repository/org/springframework/spring-core/5.0.7.RELEASE/spring-core-5.0.7.RELEASE.jar
7fcc58369000-7fcc5836d000 r--s 0004c000 08:01 35673                      /home/aida/.m2/repository/com/fasterxml/jackson/core/jackson-core/2.9.9/jackson-core-2.9.9.jar
7fcc5836d000-7fcc58372000 r--s 0001a000 08:01 5983                       /home/aida/.m2/repository/org/springframework/social/spring-social-core/1.1.6.RELEASE/spring-social-core-1.1.6.RELEASE.jar
7fcc58372000-7fcc58375000 r--s 00016000 08:01 2060                       /home/aida/.m2/repository/javax/servlet/jsp/jsp-api/2.1/jsp-api-2.1.jar
7fcc58375000-7fcc583ab000 r--s 002b6000 08:01 35676                      /home/aida/.m2/repository/org/apache/jena/jena-arq/3.11.0/jena-arq-3.11.0.jar
7fcc583ab000-7fcc583b4000 r--s 00073000 08:01 8757                       /home/aida/.m2/repository/org/apache/commons/commons-lang3/3.9/commons-lang3-3.9.jar
7fcc583b4000-7fcc583ef000 r--s 00281000 08:01 35686                      /home/aida/.m2/repository/org/apache/jena/jena-shaded-guava/3.11.0/jena-shaded-guava-3.11.0.jar
7fcc583ef000-7fcc583f1000 r--s 00011000 08:01 2084                       /home/aida/.m2/repository/org/jboss/jandex/1.1.0.Final/jandex-1.1.0.Final.jar
7fcc583f1000-7fcc583f4000 r--s 0000e000 08:01 16657                      /home/aida/.m2/repository/com/fasterxml/jackson/core/jackson-annotations/2.9.0/jackson-annotations-2.9.0.jar
7fcc583f4000-7fcc583fa000 r--s 00045000 08:01 6116                       /home/aida/.m2/repository/org/hamcrest/hamcrest-all/1.3/hamcrest-all-1.3.jar
7fcc583fa000-7fcc58405000 r--s 00086000 08:01 35680                      /home/aida/.m2/repository/org/apache/commons/commons-compress/1.18/commons-compress-1.18.jar
7fcc58405000-7fcc58407000 r--s 00004000 08:01 1635                       /home/aida/.m2/repository/org/springframework/spring-jcl/5.0.7.RELEASE/spring-jcl-5.0.7.RELEASE.jar
7fcc58407000-7fcc5840a000 r--s 0001b000 08:01 6085                       /home/aida/.m2/repository/net/minidev/json-smart/2.2.1/json-smart-2.2.1.jar
7fcc5840a000-7fcc5840e000 r--s 00019000 08:01 1894                       /home/aida/.m2/repository/org/aspectj/aspectjrt/1.8.13/aspectjrt-1.8.13.jar
7fcc5840e000-7fcc58413000 r--s 00017000 08:01 6041                       /home/aida/.m2/repository/org/hibernate/javax/persistence/hibernate-jpa-2.1-api/1.0.0.Final/hibernate-jpa-2.1-api-1.0.0.Final.jar
7fcc58413000-7fcc5841a000 r--s 00045000 08:01 8264                       /home/aida/.m2/repository/org/springframework/data/spring-data-jpa/1.11.22.RELEASE/spring-data-jpa-1.11.22.RELEASE.jar
7fcc5841a000-7fcc5841f000 r--s 00068000 08:01 5962                       /home/aida/.m2/repository/antlr/antlr/2.7.7/antlr-2.7.7.jar
7fcc5841f000-7fcc5842d000 r--s 00159000 08:01 1986                       /home/aida/.m2/repository/org/hsqldb/hsqldb/2.3.1/hsqldb-2.3.1.jar
7fcc5842d000-7fcc5843b000 r--s 00091000 08:01 2086                       /home/aida/.m2/repository/org/hibernate/hibernate-entitymanager/4.3.11.Final/hibernate-entitymanager-4.3.11.Final.jar
7fcc5843b000-7fcc58444000 r--s 00051000 08:01 1649                       /home/aida/.m2/repository/org/springframework/spring-aop/5.0.7.RELEASE/spring-aop-5.0.7.RELEASE.jar
7fcc58444000-7fcc58469000 r--s 00171000 08:01 35687                      /home/aida/.m2/repository/com/github/jsonld-java/jsonld-java/0.12.3/jsonld-java-0.12.3.jar
7fcc58469000-7fcc5846b000 r--s 00009000 08:01 16695                      /home/aida/.m2/repository/org/slf4j/slf4j-api/1.7.25/slf4j-api-1.7.25.jar
7fcc5846b000-7fcc58472000 r--s 00048000 08:01 1927                       /home/aida/.m2/repository/org/apache/httpcomponents/httpcore/4.4/httpcore-4.4.jar
7fcc58472000-7fcc58477000 r--s 00048000 08:01 5941                       /home/aida/.m2/repository/dom4j/dom4j/1.6.1/dom4j-1.6.1.jar
7fcc58477000-7fcc5847e000 r--s 0003a000 08:01 1816                       /home/aida/.m2/repository/commons-codec/commons-codec/1.9/commons-codec-1.9.jar
7fcc5847e000-7fcc58484000 r--s 00037000 08:01 35693                      /home/aida/.m2/repository/org/apache/thrift/libthrift/0.12.0/libthrift-0.12.0.jar
7fcc58484000-7fcc58490000 r--s 00096000 08:01 1685                       /home/aida/.m2/repository/org/springframework/spring-beans/5.0.7.RELEASE/spring-beans-5.0.7.RELEASE.jar
7fcc58490000-7fcc58493000 r--s 00015000 08:01 1141                       /home/aida/.m2/repository/javax/servlet/javax.servlet-api/3.1.0/javax.servlet-api-3.1.0.jar
7fcc58493000-7fcc5849e000 r--s 00069000 08:01 5900930                    /home/aida/.m2/repository/ch/qos/logback/logback-core/1.2.3/logback-core-1.2.3.jar
7fcc5849e000-7fcc584a4000 r--s 00041000 08:01 5900928                    /home/aida/.m2/repository/ch/qos/logback/logback-classic/1.2.3/logback-classic-1.2.3.jar
7fcc584a4000-7fcc584c1000 r--s 001f6000 08:01 3072                       /home/aida/.m2/repository/org/liquibase/liquibase-core/3.6.3/liquibase-core-3.6.3.jar
7fcc584c1000-7fcc586c1000 rw-p 00000000 00:00 0 
7fcc586c1000-7fcc588c1000 rw-p 00000000 00:00 0 
7fcc588c1000-7fcc58ac1000 rw-p 00000000 00:00 0 
7fcc58ac1000-7fcc58cc1000 rw-p 00000000 00:00 0 
7fcc58cc1000-7fcc58cc4000 ---p 00000000 00:00 0 
7fcc58cc4000-7fcc58dc2000 rw-p 00000000 00:00 0 
7fcc58dc2000-7fcc58dc3000 r--p 00000000 08:01 1191350                    /lib/x86_64-linux-gnu/libutil-2.29.so
7fcc58dc3000-7fcc58dc4000 r-xp 00001000 08:01 1191350                    /lib/x86_64-linux-gnu/libutil-2.29.so
7fcc58dc4000-7fcc58dc5000 r--p 00002000 08:01 1191350                    /lib/x86_64-linux-gnu/libutil-2.29.so
7fcc58dc5000-7fcc58dc6000 r--p 00002000 08:01 1191350                    /lib/x86_64-linux-gnu/libutil-2.29.so
7fcc58dc6000-7fcc58dc7000 rw-p 00003000 08:01 1191350                    /lib/x86_64-linux-gnu/libutil-2.29.so
7fcc58dc7000-7fcc58dce000 r--s 0003f000 08:01 3074                       /home/aida/.m2/repository/org/yaml/snakeyaml/1.18/snakeyaml-1.18.jar
7fcc58dce000-7fcc58dd0000 r--s 00026000 08:01 2487                       /home/aida/.m2/repository/org/codehaus/plexus/plexus-utils/1.0.4/plexus-utils-1.0.4.jar
7fcc58dd0000-7fcc58dd2000 r--s 00010000 08:01 3062                       /home/aida/.m2/repository/org/liquibase/liquibase-maven-plugin/3.6.3/liquibase-maven-plugin-3.6.3.jar
7fcc58dd2000-7fcc58dd4000 r--s 0000d000 08:01 15744                      /home/aida/.m2/repository/org/codehaus/plexus/plexus-interpolation/1.13/plexus-interpolation-1.13.jar
7fcc58dd4000-7fcc58dd5000 r--s 00001000 08:01 15042                      /home/aida/.m2/repository/org/sonatype/plexus/plexus-build-api/0.0.4/plexus-build-api-0.0.4.jar
7fcc58dd5000-7fcc58dd7000 r--s 00009000 08:01 15039                      /home/aida/.m2/repository/org/apache/maven/shared/maven-filtering/1.1/maven-filtering-1.1.jar
7fcc58dd7000-7fcc58ddb000 r--s 00033000 08:01 15775                      /home/aida/.m2/repository/org/codehaus/plexus/plexus-utils/2.0.5/plexus-utils-2.0.5.jar
7fcc58ddb000-7fcc58dde000 r--s 0001b000 08:01 14299                      /home/aida/.m2/repository/junit/junit/3.8.1/junit-3.8.1.jar
7fcc58dde000-7fcc58de0000 r--s 00002000 08:01 13791                      /home/aida/.m2/repository/org/codehaus/plexus/plexus-interactivity-api/1.0-alpha-4/plexus-interactivity-api-1.0-alpha-4.jar
7fcc58de0000-7fcc58de2000 r--s 00006000 08:01 15764                      /home/aida/.m2/repository/commons-cli/commons-cli/1.0/commons-cli-1.0.jar
7fcc58de2000-7fcc58de3000 r--s 00001000 08:01 15756                      /home/aida/.m2/repository/org/apache/maven/doxia/doxia-sink-api/1.0-alpha-7/doxia-sink-api-1.0-alpha-7.jar
7fcc58de3000-7fcc58de4000 r--s 00002000 08:01 15755                      /home/aida/.m2/repository/org/apache/maven/reporting/maven-reporting-api/2.0.6/maven-reporting-api-2.0.6.jar
7fcc58de4000-7fcc58de6000 r--s 00006000 08:01 15730                      /home/aida/.m2/repository/org/apache/maven/plugins/maven-resources-plugin/2.6/maven-resources-plugin-2.6.jar
7fcc58de6000-7fcc58de7000 r--s 00001000 07:07 11729                      /snap/intellij-idea-ultimate/165/plugins/maven/lib/maven-event-listener.jar
7fcc58de7000-7fcc58dea000 r-xp 00000000 08:01 791863                     /tmp/libjansi-1.17.1-7946308347428651877.so
7fcc58dea000-7fcc58fe9000 ---p 00003000 08:01 791863                     /tmp/libjansi-1.17.1-7946308347428651877.so
7fcc58fe9000-7fcc58fea000 rw-p 00002000 08:01 791863                     /tmp/libjansi-1.17.1-7946308347428651877.so
7fcc58fea000-7fcc58ffb000 r-xp 00000000 08:01 1880092                    /usr/lib/jvm/java-8-oracle/jre/lib/amd64/libnio.so
7fcc58ffb000-7fcc591fa000 ---p 00011000 08:01 1880092                    /usr/lib/jvm/java-8-oracle/jre/lib/amd64/libnio.so
7fcc591fa000-7fcc591fb000 r--p 00010000 08:01 1880092                    /usr/lib/jvm/java-8-oracle/jre/lib/amd64/libnio.so
7fcc591fb000-7fcc591fc000 rw-p 00011000 08:01 1880092                    /usr/lib/jvm/java-8-oracle/jre/lib/amd64/libnio.so
7fcc591fc000-7fcc59200000 r--s 000a1000 08:01 1879878                    /usr/lib/jvm/java-8-oracle/jre/lib/jsse.jar
7fcc59200000-7fcc59202000 r--s 0000c000 07:07 11846                      /snap/intellij-idea-ultimate/165/plugins/maven/lib/maven3/lib/wagon-provider-api-3.3.2.jar
7fcc59202000-7fcc59230000 r--s 001eb000 07:07 11845                      /snap/intellij-idea-ultimate/165/plugins/maven/lib/maven3/lib/wagon-http-3.3.2-shaded.jar
7fcc59230000-7fcc59231000 r--s 00002000 07:07 11844                      /snap/intellij-idea-ultimate/165/plugins/maven/lib/maven3/lib/wagon-file-3.3.2.jar
7fcc59231000-7fcc59233000 r--s 00009000 07:07 11842                      /snap/intellij-idea-ultimate/165/plugins/maven/lib/maven3/lib/slf4j-api-1.7.25.jar
7fcc59233000-7fcc59237000 r--s 0003d000 07:07 11841                      /snap/intellij-idea-ultimate/165/plugins/maven/lib/maven3/lib/plexus-utils-3.2.0.jar
7fcc59237000-7fcc59238000 r--s 00006000 07:07 11840                      /snap/intellij-idea-ultimate/165/plugins/maven/lib/maven3/lib/plexus-sec-dispatcher-1.4.jar
7fcc59238000-7fcc5923b000 r--s 00012000 07:07 11839                      /snap/intellij-idea-ultimate/165/plugins/maven/lib/maven3/lib/plexus-interpolation-1.25.jar
7fcc5923b000-7fcc5923d000 r--s 00000000 07:07 11838                      /snap/intellij-idea-ultimate/165/plugins/maven/lib/maven3/lib/plexus-component-annotations-1.7.1.jar
7fcc5923d000-7fcc5923f000 r--s 00002000 07:07 11837                      /snap/intellij-idea-ultimate/165/plugins/maven/lib/maven3/lib/plexus-cipher-1.7.jar
7fcc5923f000-7fcc59245000 r--s 0002d000 07:07 11835                      /snap/intellij-idea-ultimate/165/plugins/maven/lib/maven3/lib/org.eclipse.sisu.plexus-0.3.3.jar
7fcc59245000-7fcc5924c000 r--s 00056000 07:07 11833                      /snap/intellij-idea-ultimate/165/plugins/maven/lib/maven3/lib/org.eclipse.sisu.inject-0.3.3.jar
7fcc5924c000-7fcc5924d000 r--s 00005000 07:07 11832                      /snap/intellij-idea-ultimate/165/plugins/maven/lib/maven3/lib/maven-slf4j-provider-3.6.1.jar
7fcc5924d000-7fcc59250000 r--s 00026000 07:07 11831                      /snap/intellij-idea-ultimate/165/plugins/maven/lib/maven3/lib/maven-shared-utils-3.2.1.jar
7fcc59250000-7fcc59252000 r--s 00009000 07:07 11830                      /snap/intellij-idea-ultimate/165/plugins/maven/lib/maven3/lib/maven-settings-builder-3.6.1.jar
7fcc59252000-7fcc59253000 r--s 0000a000 07:07 11829                      /snap/intellij-idea-ultimate/165/plugins/maven/lib/maven3/lib/maven-settings-3.6.1.jar
7fcc59253000-7fcc59257000 r--s 00023000 07:07 11828                      /snap/intellij-idea-ultimate/165/plugins/maven/lib/maven3/lib/maven-resolver-util-1.3.3.jar
7fcc59257000-7fcc59259000 r--s 00006000 07:07 11827                      /snap/intellij-idea-ultimate/165/plugins/maven/lib/maven3/lib/maven-resolver-transport-wagon-1.3.3.jar
7fcc59259000-7fcc5925b000 r--s 00007000 07:07 11826                      /snap/intellij-idea-ultimate/165/plugins/maven/lib/maven3/lib/maven-resolver-spi-1.3.3.jar
7fcc5925b000-7fcc5925d000 r--s 0000f000 07:07 11825                      /snap/intellij-idea-ultimate/165/plugins/maven/lib/maven3/lib/maven-resolver-provider-3.6.1.jar
7fcc5925d000-7fcc59261000 r--s 00029000 07:07 11824                      /snap/intellij-idea-ultimate/165/plugins/maven/lib/maven3/lib/maven-resolver-impl-1.3.3.jar
7fcc59261000-7fcc59263000 r--s 00009000 07:07 11823                      /snap/intellij-idea-ultimate/165/plugins/maven/lib/maven3/lib/maven-resolver-connector-basic-1.3.3.jar
7fcc59263000-7fcc59268000 r--s 00020000 07:07 11822                      /snap/intellij-idea-ultimate/165/plugins/maven/lib/maven3/lib/maven-resolver-api-1.3.3.jar
7fcc59268000-7fcc5926a000 r--s 0000a000 07:07 11820                      /snap/intellij-idea-ultimate/165/plugins/maven/lib/maven3/lib/maven-plugin-api-3.6.1.jar
7fcc5926a000-7fcc5926f000 r--s 00027000 07:07 11819                      /snap/intellij-idea-ultimate/165/plugins/maven/lib/maven3/lib/maven-model-builder-3.6.1.jar
7fcc5926f000-7fcc59272000 r--s 0002b000 07:07 11818                      /snap/intellij-idea-ultimate/165/plugins/maven/lib/maven3/lib/maven-model-3.6.1.jar
7fcc59272000-7fcc59275000 r--s 00016000 07:07 11817                      /snap/intellij-idea-ultimate/165/plugins/maven/lib/maven3/lib/maven-embedder-3.6.1.jar
7fcc59275000-7fcc59282000 r--s 0008e000 07:07 11816                      /snap/intellij-idea-ultimate/165/plugins/maven/lib/maven3/lib/maven-core-3.6.1.jar
7fcc59282000-7fcc592b2000 r--s 00249000 07:07 11787                      /snap/intellij-idea-ultimate/165/plugins/maven/lib/maven3/lib/guava-25.1-android.jar
7fcc592b2000-7fcc592b3000 ---p 00000000 00:00 0 
7fcc592b3000-7fcc593b3000 rw-p 00000000 00:00 0 
7fcc593b3000-7fcc593c9000 r-xp 00000000 08:01 1880089                    /usr/lib/jvm/java-8-oracle/jre/lib/amd64/libnet.so
7fcc593c9000-7fcc595c9000 ---p 00016000 08:01 1880089                    /usr/lib/jvm/java-8-oracle/jre/lib/amd64/libnet.so
7fcc595c9000-7fcc595ca000 r--p 00016000 08:01 1880089                    /usr/lib/jvm/java-8-oracle/jre/lib/amd64/libnet.so
7fcc595ca000-7fcc595cb000 rw-p 00017000 08:01 1880089                    /usr/lib/jvm/java-8-oracle/jre/lib/amd64/libnet.so
7fcc595cb000-7fcc595ce000 ---p 00000000 00:00 0 
7fcc595ce000-7fcc596cc000 rw-p 00000000 00:00 0 
7fcc596cc000-7fcc596cd000 ---p 00000000 00:00 0 
7fcc596cd000-7fcc596d0000 ---p 00000000 00:00 0 
7fcc596d0000-7fcc597cd000 rw-p 00000000 00:00 0 
7fcc597cd000-7fcc597ce000 ---p 00000000 00:00 0 
7fcc597ce000-7fcc597d1000 ---p 00000000 00:00 0 
7fcc597d1000-7fcc598ce000 rw-p 00000000 00:00 0 
7fcc598ce000-7fcc598cf000 ---p 00000000 00:00 0 
7fcc598cf000-7fcc598d2000 ---p 00000000 00:00 0 
7fcc598d2000-7fcc599cf000 rw-p 00000000 00:00 0 
7fcc599cf000-7fcc599d2000 ---p 00000000 00:00 0 
7fcc599d2000-7fcc59ad0000 rw-p 00000000 00:00 0 
7fcc59ad0000-7fcc59ad3000 ---p 00000000 00:00 0 
7fcc59ad3000-7fcc59bd1000 rw-p 00000000 00:00 0 
7fcc59bd1000-7fcc5a141000 r--p 00000000 08:01 1573224                    /usr/lib/locale/locale-archive
7fcc5a141000-7fcc5a144000 ---p 00000000 00:00 0 
7fcc5a144000-7fcc5a242000 rw-p 00000000 00:00 0 
7fcc5a242000-7fcc5a245000 ---p 00000000 00:00 0 
7fcc5a245000-7fcc5a343000 rw-p 00000000 00:00 0 
7fcc5a343000-7fcc5a344000 ---p 00000000 00:00 0 
7fcc5a344000-7fcc5b252000 rw-p 00000000 00:00 0 
7fcc5b252000-7fcc5b42c000 r--s 03d6f000 08:01 1879873                    /usr/lib/jvm/java-8-oracle/jre/lib/rt.jar
7fcc5b42c000-7fcc5c000000 rw-p 00000000 00:00 0 
7fcc5c000000-7fcc5c021000 rw-p 00000000 00:00 0 
7fcc5c021000-7fcc60000000 ---p 00000000 00:00 0 
7fcc60000000-7fcc60021000 rw-p 00000000 00:00 0 
7fcc60021000-7fcc64000000 ---p 00000000 00:00 0 
7fcc64000000-7fcc64021000 rw-p 00000000 00:00 0 
7fcc64021000-7fcc68000000 ---p 00000000 00:00 0 
7fcc68000000-7fcc68001000 r--s 00006000 07:07 11821                      /snap/intellij-idea-ultimate/165/plugins/maven/lib/maven3/lib/maven-repository-metadata-3.6.1.jar
7fcc68001000-7fcc68007000 r--s 00041000 07:07 11815                      /snap/intellij-idea-ultimate/165/plugins/maven/lib/maven3/lib/maven-compat-3.6.1.jar
7fcc68007000-7fcc68008000 r--s 00003000 07:07 11814                      /snap/intellij-idea-ultimate/165/plugins/maven/lib/maven3/lib/maven-builder-support-3.6.1.jar
7fcc68008000-7fcc6800b000 r--s 0000c000 07:07 11813                      /snap/intellij-idea-ultimate/165/plugins/maven/lib/maven3/lib/maven-artifact-3.6.1.jar
7fcc6800b000-7fcc6800d000 r--s 00003000 07:07 11812                      /snap/intellij-idea-ultimate/165/plugins/maven/lib/maven3/lib/jsr305-3.0.2.jar
7fcc6800d000-7fcc6800e000 r--s 00001000 07:07 11810                      /snap/intellij-idea-ultimate/165/plugins/maven/lib/maven3/lib/jsr250-api-1.0.jar
7fcc6800e000-7fcc68010000 r--s 00003000 07:07 11808                      /snap/intellij-idea-ultimate/165/plugins/maven/lib/maven3/lib/jcl-over-slf4j-1.7.25.jar
7fcc68010000-7fcc68014000 r--s 00042000 07:07 11790                      /snap/intellij-idea-ultimate/165/plugins/maven/lib/maven3/lib/jansi-1.17.1.jar
7fcc68014000-7fcc68016000 r--s 00001000 07:07 11789                      /snap/intellij-idea-ultimate/165/plugins/maven/lib/maven3/lib/j2objc-annotations-1.1.jar
7fcc68016000-7fcc68021000 r--s 00075000 07:07 11788                      /snap/intellij-idea-ultimate/165/plugins/maven/lib/maven3/lib/guice-4.2.1-no_aop.jar
7fcc68021000-7fcc6bfa9000 rw-p 00000000 00:00 0 
7fcc6bfa9000-7fcc6bfaa000 ---p 00000000 00:00 0 
7fcc6bfaa000-7fcc6c0aa000 rw-p 00000000 00:00 0 
7fcc6c0aa000-7fcc6c0ab000 ---p 00000000 00:00 0 
7fcc6c0ab000-7fcc6c1ab000 rw-p 00000000 00:00 0 
7fcc6c1ab000-7fcc6c1ac000 ---p 00000000 00:00 0 
7fcc6c1ac000-7fcc6c2ac000 rw-p 00000000 00:00 0 
7fcc6c2ac000-7fcc6c2ad000 ---p 00000000 00:00 0 
7fcc6c2ad000-7fcc6c3f2000 rw-p 00000000 00:00 0 
7fcc6c3f2000-7fcc6c63b000 ---p 00000000 00:00 0 
7fcc6c63b000-7fcc6c680000 rw-p 00000000 00:00 0 
7fcc6c680000-7fcc6c8c8000 ---p 00000000 00:00 0 
7fcc6c8c8000-7fcc6c9b4000 rw-p 00000000 00:00 0 
7fcc6c9b4000-7fcc6ca0f000 ---p 00000000 00:00 0 
7fcc6ca0f000-7fcc6ca5c000 rw-p 00000000 00:00 0 
7fcc6ca5c000-7fcc6cdd0000 ---p 00000000 00:00 0 
7fcc6cdd0000-7fcc6e0c0000 rwxp 00000000 00:00 0 
7fcc6e0c0000-7fcc7bdd0000 ---p 00000000 00:00 0 
7fcc7bdd0000-7fcc7bdeb000 r-xp 00000000 08:01 1880085                    /usr/lib/jvm/java-8-oracle/jre/lib/amd64/libzip.so
7fcc7bdeb000-7fcc7bfea000 ---p 0001b000 08:01 1880085                    /usr/lib/jvm/java-8-oracle/jre/lib/amd64/libzip.so
7fcc7bfea000-7fcc7bfeb000 r--p 0001a000 08:01 1880085                    /usr/lib/jvm/java-8-oracle/jre/lib/amd64/libzip.so
7fcc7bfeb000-7fcc7bfec000 rw-p 0001b000 08:01 1880085                    /usr/lib/jvm/java-8-oracle/jre/lib/amd64/libzip.so
7fcc7bfec000-7fcc7bfef000 r--p 00000000 08:01 1184444                    /lib/x86_64-linux-gnu/libnss_files-2.29.so
7fcc7bfef000-7fcc7bff6000 r-xp 00003000 08:01 1184444                    /lib/x86_64-linux-gnu/libnss_files-2.29.so
7fcc7bff6000-7fcc7bff8000 r--p 0000a000 08:01 1184444                    /lib/x86_64-linux-gnu/libnss_files-2.29.so
7fcc7bff8000-7fcc7bff9000 r--p 0000b000 08:01 1184444                    /lib/x86_64-linux-gnu/libnss_files-2.29.so
7fcc7bff9000-7fcc7bffa000 rw-p 0000c000 08:01 1184444                    /lib/x86_64-linux-gnu/libnss_files-2.29.so
7fcc7bffa000-7fcc7c000000 rw-p 00000000 00:00 0 
7fcc7c000000-7fcc7db91000 rw-p 00000000 00:00 0 
7fcc7db91000-7fcc80000000 ---p 00000000 00:00 0 
7fcc80000000-7fcc80001000 r--s 00000000 07:07 11807                      /snap/intellij-idea-ultimate/165/plugins/maven/lib/maven3/lib/javax.inject-1.jar
7fcc80001000-7fcc80006000 r--p 00000000 08:01 1184421                    /lib/x86_64-linux-gnu/libnsl-2.29.so
7fcc80006000-7fcc80014000 r-xp 00005000 08:01 1184421                    /lib/x86_64-linux-gnu/libnsl-2.29.so
7fcc80014000-7fcc80018000 r--p 00013000 08:01 1184421                    /lib/x86_64-linux-gnu/libnsl-2.29.so
7fcc80018000-7fcc80019000 r--p 00016000 08:01 1184421                    /lib/x86_64-linux-gnu/libnsl-2.29.so
7fcc80019000-7fcc8001a000 rw-p 00017000 08:01 1184421                    /lib/x86_64-linux-gnu/libnsl-2.29.so
7fcc8001a000-7fcc8001c000 rw-p 00000000 00:00 0 
7fcc8001c000-7fcc8001e000 r--s 00002000 07:07 11784                      /snap/intellij-idea-ultimate/165/plugins/maven/lib/maven3/lib/error_prone_annotations-2.1.3.jar
7fcc8001e000-7fcc80026000 r--s 00073000 07:07 11783                      /snap/intellij-idea-ultimate/165/plugins/maven/lib/maven3/lib/commons-lang3-3.8.1.jar
7fcc80026000-7fcc8002a000 r--s 0002f000 07:07 11782                      /snap/intellij-idea-ultimate/165/plugins/maven/lib/maven3/lib/commons-io-2.5.jar
7fcc8002a000-7fcc8002c000 r--s 0000c000 07:07 11781                      /snap/intellij-idea-ultimate/165/plugins/maven/lib/maven3/lib/commons-cli-1.4.jar
7fcc8002c000-7fcc8002e000 r--s 00006000 07:07 11779                      /snap/intellij-idea-ultimate/165/plugins/maven/lib/maven3/lib/checker-compat-qual-2.0.0.jar
7fcc8002e000-7fcc80031000 r--s 00008000 07:07 11778                      /snap/intellij-idea-ultimate/165/plugins/maven/lib/maven3/lib/cdi-api-1.0.jar
7fcc80031000-7fcc80033000 r--s 00000000 07:07 11777                      /snap/intellij-idea-ultimate/165/plugins/maven/lib/maven3/lib/aopalliance-1.0.jar
7fcc80033000-7fcc80034000 r--s 00000000 07:07 11775                      /snap/intellij-idea-ultimate/165/plugins/maven/lib/maven3/lib/animal-sniffer-annotations-1.14.jar
7fcc80034000-7fcc8003c000 rw-s 00000000 08:01 791828                     /tmp/hsperfdata_aida/13430
7fcc8003c000-7fcc80046000 r-xp 00000000 08:01 1880094                    /usr/lib/jvm/java-8-oracle/jre/lib/amd64/libinstrument.so
7fcc80046000-7fcc80245000 ---p 0000a000 08:01 1880094                    /usr/lib/jvm/java-8-oracle/jre/lib/amd64/libinstrument.so
7fcc80245000-7fcc80246000 r--p 00009000 08:01 1880094                    /usr/lib/jvm/java-8-oracle/jre/lib/amd64/libinstrument.so
7fcc80246000-7fcc80247000 rw-p 0000a000 08:01 1880094                    /usr/lib/jvm/java-8-oracle/jre/lib/amd64/libinstrument.so
7fcc80247000-7fcc80273000 r-xp 00000000 08:01 1880079                    /usr/lib/jvm/java-8-oracle/jre/lib/amd64/libjava.so
7fcc80273000-7fcc80473000 ---p 0002c000 08:01 1880079                    /usr/lib/jvm/java-8-oracle/jre/lib/amd64/libjava.so
7fcc80473000-7fcc80474000 r--p 0002c000 08:01 1880079                    /usr/lib/jvm/java-8-oracle/jre/lib/amd64/libjava.so
7fcc80474000-7fcc80476000 rw-p 0002d000 08:01 1880079                    /usr/lib/jvm/java-8-oracle/jre/lib/amd64/libjava.so
7fcc80476000-7fcc80483000 r-xp 00000000 08:01 1880084                    /usr/lib/jvm/java-8-oracle/jre/lib/amd64/libverify.so
7fcc80483000-7fcc80682000 ---p 0000d000 08:01 1880084                    /usr/lib/jvm/java-8-oracle/jre/lib/amd64/libverify.so
7fcc80682000-7fcc80684000 r--p 0000c000 08:01 1880084                    /usr/lib/jvm/java-8-oracle/jre/lib/amd64/libverify.so
7fcc80684000-7fcc80685000 rw-p 0000e000 08:01 1880084                    /usr/lib/jvm/java-8-oracle/jre/lib/amd64/libverify.so
7fcc80685000-7fcc80688000 r--p 00000000 08:01 1191346                    /lib/x86_64-linux-gnu/librt-2.29.so
7fcc80688000-7fcc8068c000 r-xp 00003000 08:01 1191346                    /lib/x86_64-linux-gnu/librt-2.29.so
7fcc8068c000-7fcc8068e000 r--p 00007000 08:01 1191346                    /lib/x86_64-linux-gnu/librt-2.29.so
7fcc8068e000-7fcc8068f000 r--p 00008000 08:01 1191346                    /lib/x86_64-linux-gnu/librt-2.29.so
7fcc8068f000-7fcc80690000 rw-p 00009000 08:01 1191346                    /lib/x86_64-linux-gnu/librt-2.29.so
7fcc80690000-7fcc80691000 ---p 00000000 00:00 0 
7fcc80691000-7fcc80694000 ---p 00000000 00:00 0 
7fcc80694000-7fcc80791000 rw-p 00000000 00:00 0 
7fcc80791000-7fcc807a0000 r--p 00000000 08:01 1184369                    /lib/x86_64-linux-gnu/libm-2.29.so
7fcc807a0000-7fcc80846000 r-xp 0000f000 08:01 1184369                    /lib/x86_64-linux-gnu/libm-2.29.so
7fcc80846000-7fcc808dd000 r--p 000b5000 08:01 1184369                    /lib/x86_64-linux-gnu/libm-2.29.so
7fcc808dd000-7fcc808de000 r--p 0014b000 08:01 1184369                    /lib/x86_64-linux-gnu/libm-2.29.so
7fcc808de000-7fcc808df000 rw-p 0014c000 08:01 1184369                    /lib/x86_64-linux-gnu/libm-2.29.so
7fcc808df000-7fcc815c7000 r-xp 00000000 08:01 1880105                    /usr/lib/jvm/java-8-oracle/jre/lib/amd64/server/libjvm.so
7fcc815c7000-7fcc817c6000 ---p 00ce8000 08:01 1880105                    /usr/lib/jvm/java-8-oracle/jre/lib/amd64/server/libjvm.so
7fcc817c6000-7fcc8185c000 r--p 00ce7000 08:01 1880105                    /usr/lib/jvm/java-8-oracle/jre/lib/amd64/server/libjvm.so
7fcc8185c000-7fcc8188d000 rw-p 00d7d000 08:01 1880105                    /usr/lib/jvm/java-8-oracle/jre/lib/amd64/server/libjvm.so
7fcc8188d000-7fcc818ca000 rw-p 00000000 00:00 0 
7fcc818ca000-7fcc818ef000 r--p 00000000 08:01 1184355                    /lib/x86_64-linux-gnu/libc-2.29.so
7fcc818ef000-7fcc81a62000 r-xp 00025000 08:01 1184355                    /lib/x86_64-linux-gnu/libc-2.29.so
7fcc81a62000-7fcc81aab000 r--p 00198000 08:01 1184355                    /lib/x86_64-linux-gnu/libc-2.29.so
7fcc81aab000-7fcc81aae000 r--p 001e0000 08:01 1184355                    /lib/x86_64-linux-gnu/libc-2.29.so
7fcc81aae000-7fcc81ab1000 rw-p 001e3000 08:01 1184355                    /lib/x86_64-linux-gnu/libc-2.29.so
7fcc81ab1000-7fcc81ab5000 rw-p 00000000 00:00 0 
7fcc81ab5000-7fcc81ab6000 r--p 00000000 08:01 1184360                    /lib/x86_64-linux-gnu/libdl-2.29.so
7fcc81ab6000-7fcc81ab8000 r-xp 00001000 08:01 1184360                    /lib/x86_64-linux-gnu/libdl-2.29.so
7fcc81ab8000-7fcc81ab9000 r--p 00003000 08:01 1184360                    /lib/x86_64-linux-gnu/libdl-2.29.so
7fcc81ab9000-7fcc81aba000 r--p 00003000 08:01 1184360                    /lib/x86_64-linux-gnu/libdl-2.29.so
7fcc81aba000-7fcc81abb000 rw-p 00004000 08:01 1184360                    /lib/x86_64-linux-gnu/libdl-2.29.so
7fcc81abb000-7fcc81ad2000 r-xp 00000000 08:01 1879827                    /usr/lib/jvm/java-8-oracle/lib/amd64/jli/libjli.so
7fcc81ad2000-7fcc81cd1000 ---p 00017000 08:01 1879827                    /usr/lib/jvm/java-8-oracle/lib/amd64/jli/libjli.so
7fcc81cd1000-7fcc81cd2000 r--p 00016000 08:01 1879827                    /usr/lib/jvm/java-8-oracle/lib/amd64/jli/libjli.so
7fcc81cd2000-7fcc81cd3000 rw-p 00017000 08:01 1879827                    /usr/lib/jvm/java-8-oracle/lib/amd64/jli/libjli.so
7fcc81cd3000-7fcc81cda000 r--p 00000000 08:01 1191343                    /lib/x86_64-linux-gnu/libpthread-2.29.so
7fcc81cda000-7fcc81ce9000 r-xp 00007000 08:01 1191343                    /lib/x86_64-linux-gnu/libpthread-2.29.so
7fcc81ce9000-7fcc81cee000 r--p 00016000 08:01 1191343                    /lib/x86_64-linux-gnu/libpthread-2.29.so
7fcc81cee000-7fcc81cef000 r--p 0001a000 08:01 1191343                    /lib/x86_64-linux-gnu/libpthread-2.29.so
7fcc81cef000-7fcc81cf0000 rw-p 0001b000 08:01 1191343                    /lib/x86_64-linux-gnu/libpthread-2.29.so
7fcc81cf0000-7fcc81cf6000 rw-p 00000000 00:00 0 
7fcc81cf6000-7fcc81cf8000 r--s 0001b000 07:07 595                        /snap/intellij-idea-ultimate/165/lib/idea_rt.jar
7fcc81cf8000-7fcc81cfa000 r--s 0000b000 07:07 11768                      /snap/intellij-idea-ultimate/165/plugins/maven/lib/maven3/boot/plexus-classworlds-2.6.0.jar
7fcc81cfa000-7fcc81cfd000 r--p 00000000 08:01 1190386                    /lib/x86_64-linux-gnu/libnss_nis-2.29.so
7fcc81cfd000-7fcc81d05000 r-xp 00003000 08:01 1190386                    /lib/x86_64-linux-gnu/libnss_nis-2.29.so
7fcc81d05000-7fcc81d07000 r--p 0000b000 08:01 1190386                    /lib/x86_64-linux-gnu/libnss_nis-2.29.so
7fcc81d07000-7fcc81d08000 r--p 0000c000 08:01 1190386                    /lib/x86_64-linux-gnu/libnss_nis-2.29.so
7fcc81d08000-7fcc81d09000 rw-p 0000d000 08:01 1190386                    /lib/x86_64-linux-gnu/libnss_nis-2.29.so
7fcc81d09000-7fcc81d0b000 r--p 00000000 08:01 1184422                    /lib/x86_64-linux-gnu/libnss_compat-2.29.so
7fcc81d0b000-7fcc81d11000 r-xp 00002000 08:01 1184422                    /lib/x86_64-linux-gnu/libnss_compat-2.29.so
7fcc81d11000-7fcc81d12000 r--p 00008000 08:01 1184422                    /lib/x86_64-linux-gnu/libnss_compat-2.29.so
7fcc81d12000-7fcc81d13000 r--p 00008000 08:01 1184422                    /lib/x86_64-linux-gnu/libnss_compat-2.29.so
7fcc81d13000-7fcc81d14000 rw-p 00009000 08:01 1184422                    /lib/x86_64-linux-gnu/libnss_compat-2.29.so
7fcc81d14000-7fcc81d15000 rw-p 00000000 00:00 0 
7fcc81d15000-7fcc81d16000 ---p 00000000 00:00 0 
7fcc81d16000-7fcc81d17000 r--p 00000000 08:01 1184331                    /lib/x86_64-linux-gnu/ld-2.29.so
7fcc81d17000-7fcc81d38000 r-xp 00001000 08:01 1184331                    /lib/x86_64-linux-gnu/ld-2.29.so
7fcc81d38000-7fcc81d40000 r--p 00022000 08:01 1184331                    /lib/x86_64-linux-gnu/ld-2.29.so
7fcc81d40000-7fcc81d41000 r--p 00029000 08:01 1184331                    /lib/x86_64-linux-gnu/ld-2.29.so
7fcc81d41000-7fcc81d42000 rw-p 0002a000 08:01 1184331                    /lib/x86_64-linux-gnu/ld-2.29.so
7fcc81d42000-7fcc81d43000 rw-p 00000000 00:00 0 
7ffdaeb6c000-7ffdaeb8e000 rw-p 00000000 00:00 0                          [stack]
7ffdaeb9f000-7ffdaeba2000 r--p 00000000 00:00 0                          [vvar]
7ffdaeba2000-7ffdaeba3000 r-xp 00000000 00:00 0                          [vdso]
ffffffffff600000-ffffffffff601000 r-xp 00000000 00:00 0                  [vsyscall]

VM Arguments:
jvm_args: -Dmaven.multiModuleProjectDirectory=/home/aida/addis-core -Dmaven.home=/snap/intellij-idea-ultimate/165/plugins/maven/lib/maven3 -Dclassworlds.conf=/snap/intellij-idea-ultimate/165/plugins/maven/lib/maven3/bin/m2.conf -Dmaven.ext.class.path=/snap/intellij-idea-ultimate/165/plugins/maven/lib/maven-event-listener.jar -javaagent:/snap/intellij-idea-ultimate/165/lib/idea_rt.jar=40959:/snap/intellij-idea-ultimate/165/bin -Dfile.encoding=UTF-8 
java_command: org.codehaus.classworlds.Launcher -Didea.version2019.2.1 tomcat7:run
java_class_path (initial): /snap/intellij-idea-ultimate/165/plugins/maven/lib/maven3/boot/plexus-classworlds-2.6.0.jar:/snap/intellij-idea-ultimate/165/lib/idea_rt.jar
Launcher Type: SUN_STANDARD

Environment Variables:
JAVA_HOME=/usr/lib/jvm/java-8-oracle
PATH=/home/aida/bin:/home/aida/.local/bin:/usr/local/sbin:/usr/local/bin:/usr/sbin:/usr/bin:/sbin:/bin:/usr/games:/usr/local/games:/snap/bin:/usr/lib/jvm/java-8-oracle/bin:/usr/lib/jvm/java-8-oracle/db/bin:/usr/lib/jvm/java-8-oracle/jre/bin
USERNAME=aida
SHELL=/bin/bash
DISPLAY=:0

Signal Handlers:
SIGSEGV: [libjvm.so+0xad3e60], sa_mask[0]=11111111011111111101111111111110, sa_flags=SA_RESTART|SA_SIGINFO
SIGBUS: [libjvm.so+0xad3e60], sa_mask[0]=11111111011111111101111111111110, sa_flags=SA_RESTART|SA_SIGINFO
SIGFPE: [libjvm.so+0x90b880], sa_mask[0]=11111111011111111101111111111110, sa_flags=SA_RESTART|SA_SIGINFO
SIGPIPE: [libjvm.so+0x90b880], sa_mask[0]=11111111011111111101111111111110, sa_flags=SA_RESTART|SA_SIGINFO
SIGXFSZ: [libjvm.so+0x90b880], sa_mask[0]=11111111011111111101111111111110, sa_flags=SA_RESTART|SA_SIGINFO
SIGILL: [libjvm.so+0x90b880], sa_mask[0]=11111111011111111101111111111110, sa_flags=SA_RESTART|SA_SIGINFO
SIGUSR1: SIG_DFL, sa_mask[0]=00000000000000000000000000000000, sa_flags=none
SIGUSR2: [libjvm.so+0x90b750], sa_mask[0]=00100000000000000000000000000000, sa_flags=SA_RESTART|SA_SIGINFO
SIGHUP: [libjvm.so+0x90bd70], sa_mask[0]=11111111011111111101111111111110, sa_flags=SA_RESTART|SA_SIGINFO
SIGINT: [libjvm.so+0x90bd70], sa_mask[0]=11111111011111111101111111111110, sa_flags=SA_RESTART|SA_SIGINFO
SIGTERM: [libjvm.so+0x90bd70], sa_mask[0]=11111111011111111101111111111110, sa_flags=SA_RESTART|SA_SIGINFO
SIGQUIT: [libjvm.so+0x90bd70], sa_mask[0]=11111111011111111101111111111110, sa_flags=SA_RESTART|SA_SIGINFO


---------------  S Y S T E M  ---------------

OS:DISTRIB_ID=Ubuntu
DISTRIB_RELEASE=19.04
DISTRIB_CODENAME=disco
DISTRIB_DESCRIPTION="Ubuntu 19.04"

uname:Linux 5.0.0-25-generic #26-Ubuntu SMP Thu Aug 1 12:04:58 UTC 2019 x86_64
libc:glibc 2.29 NPTL 2.29 
rlimit: STACK 8192k, CORE 0k, NPROC 31163, NOFILE 1048576, AS infinity
load average:1,40 0,69 1,00

/proc/meminfo:
MemTotal:        8026600 kB
MemFree:          121680 kB
MemAvailable:      38152 kB
Buffers:             916 kB
Cached:           579072 kB
SwapCached:            0 kB
Active:          6947308 kB
Inactive:         179044 kB
Active(anon):    6941572 kB
Inactive(anon):   169264 kB
Active(file):       5736 kB
Inactive(file):     9780 kB
Unevictable:      380984 kB
Mlocked:              52 kB
SwapTotal:             0 kB
SwapFree:              0 kB
Dirty:                88 kB
Writeback:             0 kB
AnonPages:       6927872 kB
Mapped:           284976 kB
Shmem:            563948 kB
KReclaimable:      91060 kB
Slab:             236228 kB
SReclaimable:      91060 kB
SUnreclaim:       145168 kB
KernelStack:       19360 kB
PageTables:        52736 kB
NFS_Unstable:          0 kB
Bounce:                0 kB
WritebackTmp:          0 kB
CommitLimit:     4013300 kB
Committed_AS:   13997108 kB
VmallocTotal:   34359738367 kB
VmallocUsed:           0 kB
VmallocChunk:          0 kB
Percpu:             5600 kB
HardwareCorrupted:     0 kB
AnonHugePages:         0 kB
ShmemHugePages:        0 kB
ShmemPmdMapped:        0 kB
CmaTotal:              0 kB
CmaFree:               0 kB
HugePages_Total:       0
HugePages_Free:        0
HugePages_Rsvd:        0
HugePages_Surp:        0
Hugepagesize:       2048 kB
Hugetlb:               0 kB
DirectMap4k:      287692 kB
DirectMap2M:     7962624 kB

container (cgroup) information:
container_type: cgroupv1
cpu_cpuset_cpus: 0-3
cpu_memory_nodes: 0
active_processor_count: 4
cpu_quota: -1
cpu_period: 100000
cpu_shares: -1
memory_limit_in_bytes: -1
memory_and_swap_limit_in_bytes: -2
memory_soft_limit_in_bytes: -1
memory_usage_in_bytes: 5047021568
memory_max_usage_in_bytes: 5061447680


CPU:total 4 (initial active 4) (2 cores per cpu, 2 threads per core) family 6 model 58 stepping 9, cmov, cx8, fxsr, mmx, sse, sse2, sse3, ssse3, sse4.1, sse4.2, popcnt, avx, aes, clmul, erms, ht, tsc, tscinvbit, tscinv

/proc/cpuinfo:
processor	: 0
vendor_id	: GenuineIntel
cpu family	: 6
model		: 58
model name	: Intel(R) Core(TM) i5-3230M CPU @ 2.60GHz
stepping	: 9
microcode	: 0x21
cpu MHz		: 2656.538
cache size	: 3072 KB
physical id	: 0
siblings	: 4
core id		: 0
cpu cores	: 2
apicid		: 0
initial apicid	: 0
fpu		: yes
fpu_exception	: yes
cpuid level	: 13
wp		: yes
flags		: fpu vme de pse tsc msr pae mce cx8 apic sep mtrr pge mca cmov pat pse36 clflush dts acpi mmx fxsr sse sse2 ss ht tm pbe syscall nx rdtscp lm constant_tsc arch_perfmon pebs bts rep_good nopl xtopology nonstop_tsc cpuid aperfmperf pni pclmulqdq dtes64 monitor ds_cpl vmx est tm2 ssse3 cx16 xtpr pdcm pcid sse4_1 sse4_2 x2apic popcnt tsc_deadline_timer aes xsave avx f16c rdrand lahf_lm cpuid_fault epb pti ssbd ibrs ibpb stibp tpr_shadow vnmi flexpriority ept vpid fsgsbase smep erms xsaveopt dtherm ida arat pln pts md_clear flush_l1d
bugs		: cpu_meltdown spectre_v1 spectre_v2 spec_store_bypass l1tf mds swapgs
bogomips	: 5188.29
clflush size	: 64
cache_alignment	: 64
address sizes	: 36 bits physical, 48 bits virtual
power management:

processor	: 1
vendor_id	: GenuineIntel
cpu family	: 6
model		: 58
model name	: Intel(R) Core(TM) i5-3230M CPU @ 2.60GHz
stepping	: 9
microcode	: 0x21
cpu MHz		: 2595.900
cache size	: 3072 KB
physical id	: 0
siblings	: 4
core id		: 0
cpu cores	: 2
apicid		: 1
initial apicid	: 1
fpu		: yes
fpu_exception	: yes
cpuid level	: 13
wp		: yes
flags		: fpu vme de pse tsc msr pae mce cx8 apic sep mtrr pge mca cmov pat pse36 clflush dts acpi mmx fxsr sse sse2 ss ht tm pbe syscall nx rdtscp lm constant_tsc arch_perfmon pebs bts rep_good nopl xtopology nonstop_tsc cpuid aperfmperf pni pclmulqdq dtes64 monitor ds_cpl vmx est tm2 ssse3 cx16 xtpr pdcm pcid sse4_1 sse4_2 x2apic popcnt tsc_deadline_timer aes xsave avx f16c rdrand lahf_lm cpuid_fault epb pti ssbd ibrs ibpb stibp tpr_shadow vnmi flexpriority ept vpid fsgsbase smep erms xsaveopt dtherm ida arat pln pts md_clear flush_l1d
bugs		: cpu_meltdown spectre_v1 spectre_v2 spec_store_bypass l1tf mds swapgs
bogomips	: 5188.29
clflush size	: 64
cache_alignment	: 64
address sizes	: 36 bits physical, 48 bits virtual
power management:

processor	: 2
vendor_id	: GenuineIntel
cpu family	: 6
model		: 58
model name	: Intel(R) Core(TM) i5-3230M CPU @ 2.60GHz
stepping	: 9
microcode	: 0x21
cpu MHz		: 2972.940
cache size	: 3072 KB
physical id	: 0
siblings	: 4
core id		: 1
cpu cores	: 2
apicid		: 2
initial apicid	: 2
fpu		: yes
fpu_exception	: yes
cpuid level	: 13
wp		: yes
flags		: fpu vme de pse tsc msr pae mce cx8 apic sep mtrr pge mca cmov pat pse36 clflush dts acpi mmx fxsr sse sse2 ss ht tm pbe syscall nx rdtscp lm constant_tsc arch_perfmon pebs bts rep_good nopl xtopology nonstop_tsc cpuid aperfmperf pni pclmulqdq dtes64 monitor ds_cpl vmx est tm2 ssse3 cx16 xtpr pdcm pcid sse4_1 sse4_2 x2apic popcnt tsc_deadline_timer aes xsave avx f16c rdrand lahf_lm cpuid_fault epb pti ssbd ibrs ibpb stibp tpr_shadow vnmi flexpriority ept vpid fsgsbase smep erms xsaveopt dtherm ida arat pln pts md_clear flush_l1d
bugs		: cpu_meltdown spectre_v1 spectre_v2 spec_store_bypass l1tf mds swapgs
bogomips	: 5188.29
clflush size	: 64
cache_alignment	: 64
address sizes	: 36 bits physical, 48 bits virtual
power management:

processor	: 3
vendor_id	: GenuineIntel
cpu family	: 6
model		: 58
model name	: Intel(R) Core(TM) i5-3230M CPU @ 2.60GHz
stepping	: 9
microcode	: 0x21
cpu MHz		: 2973.768
cache size	: 3072 KB
physical id	: 0
siblings	: 4
core id		: 1
cpu cores	: 2
apicid		: 3
initial apicid	: 3
fpu		: yes
fpu_exception	: yes
cpuid level	: 13
wp		: yes
flags		: fpu vme de pse tsc msr pae mce cx8 apic sep mtrr pge mca cmov pat pse36 clflush dts acpi mmx fxsr sse sse2 ss ht tm pbe syscall nx rdtscp lm constant_tsc arch_perfmon pebs bts rep_good nopl xtopology nonstop_tsc cpuid aperfmperf pni pclmulqdq dtes64 monitor ds_cpl vmx est tm2 ssse3 cx16 xtpr pdcm pcid sse4_1 sse4_2 x2apic popcnt tsc_deadline_timer aes xsave avx f16c rdrand lahf_lm cpuid_fault epb pti ssbd ibrs ibpb stibp tpr_shadow vnmi flexpriority ept vpid fsgsbase smep erms xsaveopt dtherm ida arat pln pts md_clear flush_l1d
bugs		: cpu_meltdown spectre_v1 spectre_v2 spec_store_bypass l1tf mds swapgs
bogomips	: 5188.29
clflush size	: 64
cache_alignment	: 64
address sizes	: 36 bits physical, 48 bits virtual
power management:



Memory: 4k page, physical 8026600k(120948k free), swap 0k(0k free)

vm_info: Java HotSpot(TM) 64-Bit Server VM (25.201-b09) for linux-amd64 JRE (1.8.0_201-b09), built on Dec 15 2018 11:35:59 by "java_re" with gcc 7.3.0

time: Mon Sep  2 10:22:10 2019
timezone: CEST
elapsed time: 19 seconds (0d 0h 0m 19s)

